Oct 15, 2018 4:35:21 PM ippoz.utils.logging.AppLogger log
INFO: [Info][ippoz.madness.detector.manager.TrainerManager] 'expRun_0' has 6.0% of Faults/Attack Ratio
Oct 15, 2018 4:35:21 PM ippoz.utils.logging.AppLogger log
INFO: [Info][ippoz.madness.detector.manager.TrainerManager] 'expRun_1' has 6.5% of Faults/Attack Ratio
Oct 15, 2018 4:35:21 PM ippoz.utils.logging.AppLogger log
INFO: [Info][ippoz.madness.detector.manager.TrainerManager] 'expRun_2' has 2.5% of Faults/Attack Ratio
Oct 15, 2018 4:35:21 PM ippoz.utils.logging.AppLogger log
INFO: [Info][ippoz.madness.detector.manager.TrainerManager] Instances Loaded with 5.0% of Faults/Attacks
Oct 15, 2018 4:35:25 PM ippoz.utils.logging.AppLogger log
INFO: [Info][ippoz.madness.detector.manager.EvaluatorManager] 'expRun_0' has 6.0% of Faults/Attack Ratio
Oct 15, 2018 4:35:25 PM ippoz.utils.logging.AppLogger log
INFO: [Info][ippoz.madness.detector.manager.EvaluatorManager] 'expRun_1' has 6.5% of Faults/Attack Ratio
Oct 15, 2018 4:35:25 PM ippoz.utils.logging.AppLogger log
INFO: [Info][ippoz.madness.detector.manager.EvaluatorManager] 'expRun_2' has 2.5% of Faults/Attack Ratio
Oct 15, 2018 4:35:25 PM ippoz.utils.logging.AppLogger log
INFO: [Info][ippoz.madness.detector.manager.EvaluatorManager] Instances Loaded with 5.0% of Faults/Attacks
Oct 15, 2018 4:35:25 PM ippoz.utils.logging.AppLogger log
INFO: [Info][ippoz.madness.detector.manager.EvaluatorManager] 'expRun_0' has 6.0% of Faults/Attack Ratio
Oct 15, 2018 4:35:25 PM ippoz.utils.logging.AppLogger log
INFO: [Info][ippoz.madness.detector.manager.EvaluatorManager] 'expRun_1' has 6.5% of Faults/Attack Ratio
Oct 15, 2018 4:35:25 PM ippoz.utils.logging.AppLogger log
INFO: [Info][ippoz.madness.detector.manager.EvaluatorManager] 'expRun_2' has 2.5% of Faults/Attack Ratio
Oct 15, 2018 4:35:25 PM ippoz.utils.logging.AppLogger log
INFO: [Info][ippoz.madness.detector.manager.EvaluatorManager] Instances Loaded with 5.0% of Faults/Attacks
Oct 15, 2018 4:35:25 PM ippoz.utils.logging.AppLogger log
INFO: [Info][ippoz.madness.detector.manager.EvaluatorManager] 'expRun_0' has 6.0% of Faults/Attack Ratio
Oct 15, 2018 4:35:25 PM ippoz.utils.logging.AppLogger log
INFO: [Info][ippoz.madness.detector.manager.EvaluatorManager] 'expRun_1' has 6.5% of Faults/Attack Ratio
Oct 15, 2018 4:35:25 PM ippoz.utils.logging.AppLogger log
INFO: [Info][ippoz.madness.detector.manager.EvaluatorManager] 'expRun_2' has 2.5% of Faults/Attack Ratio
Oct 15, 2018 4:35:25 PM ippoz.utils.logging.AppLogger log
INFO: [Info][ippoz.madness.detector.manager.EvaluatorManager] Instances Loaded with 5.0% of Faults/Attacks
Oct 15, 2018 4:35:25 PM ippoz.utils.logging.AppLogger log
INFO: [Info][ippoz.madness.detector.manager.EvaluatorManager] 'expRun_0' has 6.0% of Faults/Attack Ratio
Oct 15, 2018 4:35:25 PM ippoz.utils.logging.AppLogger log
INFO: [Info][ippoz.madness.detector.manager.EvaluatorManager] 'expRun_1' has 6.5% of Faults/Attack Ratio
Oct 15, 2018 4:35:25 PM ippoz.utils.logging.AppLogger log
INFO: [Info][ippoz.madness.detector.manager.EvaluatorManager] 'expRun_2' has 2.5% of Faults/Attack Ratio
Oct 15, 2018 4:35:25 PM ippoz.utils.logging.AppLogger log
INFO: [Info][ippoz.madness.detector.manager.EvaluatorManager] Instances Loaded with 5.0% of Faults/Attacks
Oct 15, 2018 4:35:25 PM ippoz.utils.logging.AppLogger log
INFO: [Info][ippoz.madness.detector.manager.EvaluatorManager] 'expRun_0' has 6.0% of Faults/Attack Ratio
Oct 15, 2018 4:35:25 PM ippoz.utils.logging.AppLogger log
INFO: [Info][ippoz.madness.detector.manager.EvaluatorManager] 'expRun_1' has 6.5% of Faults/Attack Ratio
Oct 15, 2018 4:35:25 PM ippoz.utils.logging.AppLogger log
INFO: [Info][ippoz.madness.detector.manager.EvaluatorManager] 'expRun_2' has 2.5% of Faults/Attack Ratio
Oct 15, 2018 4:35:25 PM ippoz.utils.logging.AppLogger log
INFO: [Info][ippoz.madness.detector.manager.EvaluatorManager] Instances Loaded with 5.0% of Faults/Attacks
Oct 15, 2018 4:35:25 PM ippoz.utils.logging.AppLogger log
INFO: [Info][ippoz.madness.detector.manager.EvaluatorManager] 'expRun_0' has 6.0% of Faults/Attack Ratio
Oct 15, 2018 4:35:25 PM ippoz.utils.logging.AppLogger log
INFO: [Info][ippoz.madness.detector.manager.EvaluatorManager] 'expRun_1' has 6.5% of Faults/Attack Ratio
Oct 15, 2018 4:35:25 PM ippoz.utils.logging.AppLogger log
INFO: [Info][ippoz.madness.detector.manager.EvaluatorManager] 'expRun_2' has 2.5% of Faults/Attack Ratio
Oct 15, 2018 4:35:25 PM ippoz.utils.logging.AppLogger log
INFO: [Info][ippoz.madness.detector.manager.EvaluatorManager] Instances Loaded with 5.0% of Faults/Attacks
Oct 15, 2018 4:35:25 PM ippoz.utils.logging.AppLogger log
INFO: [Info][ippoz.madness.detector.manager.EvaluatorManager] 'expRun_0' has 6.0% of Faults/Attack Ratio
Oct 15, 2018 4:35:25 PM ippoz.utils.logging.AppLogger log
INFO: [Info][ippoz.madness.detector.manager.EvaluatorManager] 'expRun_1' has 6.5% of Faults/Attack Ratio
Oct 15, 2018 4:35:25 PM ippoz.utils.logging.AppLogger log
INFO: [Info][ippoz.madness.detector.manager.EvaluatorManager] 'expRun_2' has 2.5% of Faults/Attack Ratio
Oct 15, 2018 4:35:25 PM ippoz.utils.logging.AppLogger log
INFO: [Info][ippoz.madness.detector.manager.EvaluatorManager] Instances Loaded with 5.0% of Faults/Attacks
Oct 15, 2018 4:35:26 PM ippoz.utils.logging.AppLogger log
INFO: [Info][ippoz.madness.detector.manager.EvaluatorManager] 'expRun_0' has 6.0% of Faults/Attack Ratio
Oct 15, 2018 4:35:26 PM ippoz.utils.logging.AppLogger log
INFO: [Info][ippoz.madness.detector.manager.EvaluatorManager] 'expRun_1' has 6.5% of Faults/Attack Ratio
Oct 15, 2018 4:35:26 PM ippoz.utils.logging.AppLogger log
INFO: [Info][ippoz.madness.detector.manager.EvaluatorManager] 'expRun_2' has 2.5% of Faults/Attack Ratio
Oct 15, 2018 4:35:26 PM ippoz.utils.logging.AppLogger log
INFO: [Info][ippoz.madness.detector.manager.EvaluatorManager] Instances Loaded with 5.0% of Faults/Attacks
Oct 15, 2018 4:35:26 PM ippoz.utils.logging.AppLogger log
INFO: [Info][ippoz.madness.detector.manager.EvaluatorManager] 'expRun_0' has 6.0% of Faults/Attack Ratio
Oct 15, 2018 4:35:26 PM ippoz.utils.logging.AppLogger log
INFO: [Info][ippoz.madness.detector.manager.EvaluatorManager] 'expRun_1' has 6.5% of Faults/Attack Ratio
Oct 15, 2018 4:35:26 PM ippoz.utils.logging.AppLogger log
INFO: [Info][ippoz.madness.detector.manager.EvaluatorManager] 'expRun_2' has 2.5% of Faults/Attack Ratio
Oct 15, 2018 4:35:26 PM ippoz.utils.logging.AppLogger log
INFO: [Info][ippoz.madness.detector.manager.EvaluatorManager] Instances Loaded with 5.0% of Faults/Attacks
Oct 15, 2018 4:35:26 PM ippoz.utils.logging.AppLogger log
INFO: [Info][ippoz.madness.detector.manager.EvaluatorManager] 'expRun_0' has 6.0% of Faults/Attack Ratio
Oct 15, 2018 4:35:26 PM ippoz.utils.logging.AppLogger log
INFO: [Info][ippoz.madness.detector.manager.EvaluatorManager] 'expRun_1' has 6.5% of Faults/Attack Ratio
Oct 15, 2018 4:35:26 PM ippoz.utils.logging.AppLogger log
INFO: [Info][ippoz.madness.detector.manager.EvaluatorManager] 'expRun_2' has 2.5% of Faults/Attack Ratio
Oct 15, 2018 4:35:26 PM ippoz.utils.logging.AppLogger log
INFO: [Info][ippoz.madness.detector.manager.EvaluatorManager] Instances Loaded with 5.0% of Faults/Attacks
Oct 15, 2018 4:35:26 PM ippoz.utils.logging.AppLogger log
INFO: [Info][ippoz.madness.detector.manager.EvaluatorManager] 'expRun_0' has 6.0% of Faults/Attack Ratio
Oct 15, 2018 4:35:26 PM ippoz.utils.logging.AppLogger log
INFO: [Info][ippoz.madness.detector.manager.EvaluatorManager] 'expRun_1' has 6.5% of Faults/Attack Ratio
Oct 15, 2018 4:35:26 PM ippoz.utils.logging.AppLogger log
INFO: [Info][ippoz.madness.detector.manager.EvaluatorManager] 'expRun_2' has 2.5% of Faults/Attack Ratio
Oct 15, 2018 4:35:26 PM ippoz.utils.logging.AppLogger log
INFO: [Info][ippoz.madness.detector.manager.EvaluatorManager] Instances Loaded with 5.0% of Faults/Attacks
Oct 15, 2018 4:35:26 PM ippoz.utils.logging.AppLogger log
INFO: [Info][ippoz.madness.detector.manager.EvaluatorManager] 'expRun_0' has 6.0% of Faults/Attack Ratio
Oct 15, 2018 4:35:26 PM ippoz.utils.logging.AppLogger log
INFO: [Info][ippoz.madness.detector.manager.EvaluatorManager] 'expRun_1' has 6.5% of Faults/Attack Ratio
Oct 15, 2018 4:35:26 PM ippoz.utils.logging.AppLogger log
INFO: [Info][ippoz.madness.detector.manager.EvaluatorManager] 'expRun_2' has 2.5% of Faults/Attack Ratio
Oct 15, 2018 4:35:26 PM ippoz.utils.logging.AppLogger log
INFO: [Info][ippoz.madness.detector.manager.EvaluatorManager] Instances Loaded with 5.0% of Faults/Attacks
Oct 15, 2018 4:35:26 PM ippoz.utils.logging.AppLogger log
INFO: [Info][ippoz.madness.detector.manager.EvaluatorManager] 'expRun_0' has 6.0% of Faults/Attack Ratio
Oct 15, 2018 4:35:26 PM ippoz.utils.logging.AppLogger log
INFO: [Info][ippoz.madness.detector.manager.EvaluatorManager] 'expRun_1' has 6.5% of Faults/Attack Ratio
Oct 15, 2018 4:35:26 PM ippoz.utils.logging.AppLogger log
INFO: [Info][ippoz.madness.detector.manager.EvaluatorManager] 'expRun_2' has 2.5% of Faults/Attack Ratio
Oct 15, 2018 4:35:26 PM ippoz.utils.logging.AppLogger log
INFO: [Info][ippoz.madness.detector.manager.EvaluatorManager] Instances Loaded with 5.0% of Faults/Attacks
Oct 15, 2018 4:35:26 PM ippoz.utils.logging.AppLogger log
INFO: [Info][ippoz.madness.detector.manager.EvaluatorManager] 'expRun_0' has 6.0% of Faults/Attack Ratio
Oct 15, 2018 4:35:26 PM ippoz.utils.logging.AppLogger log
INFO: [Info][ippoz.madness.detector.manager.EvaluatorManager] 'expRun_1' has 6.5% of Faults/Attack Ratio
Oct 15, 2018 4:35:26 PM ippoz.utils.logging.AppLogger log
INFO: [Info][ippoz.madness.detector.manager.EvaluatorManager] 'expRun_2' has 2.5% of Faults/Attack Ratio
Oct 15, 2018 4:35:26 PM ippoz.utils.logging.AppLogger log
INFO: [Info][ippoz.madness.detector.manager.EvaluatorManager] Instances Loaded with 5.0% of Faults/Attacks
Oct 15, 2018 4:35:26 PM ippoz.utils.logging.AppLogger log
INFO: [Info][ippoz.madness.detector.manager.EvaluatorManager] 'expRun_0' has 6.0% of Faults/Attack Ratio
Oct 15, 2018 4:35:26 PM ippoz.utils.logging.AppLogger log
INFO: [Info][ippoz.madness.detector.manager.EvaluatorManager] 'expRun_1' has 6.5% of Faults/Attack Ratio
Oct 15, 2018 4:35:26 PM ippoz.utils.logging.AppLogger log
INFO: [Info][ippoz.madness.detector.manager.EvaluatorManager] 'expRun_2' has 2.5% of Faults/Attack Ratio
Oct 15, 2018 4:35:26 PM ippoz.utils.logging.AppLogger log
INFO: [Info][ippoz.madness.detector.manager.EvaluatorManager] Instances Loaded with 5.0% of Faults/Attacks
Oct 15, 2018 4:35:26 PM ippoz.utils.logging.AppLogger log
INFO: [Info][ippoz.madness.detector.manager.EvaluatorManager] 'expRun_0' has 6.0% of Faults/Attack Ratio
Oct 15, 2018 4:35:26 PM ippoz.utils.logging.AppLogger log
INFO: [Info][ippoz.madness.detector.manager.EvaluatorManager] 'expRun_1' has 6.5% of Faults/Attack Ratio
Oct 15, 2018 4:35:26 PM ippoz.utils.logging.AppLogger log
INFO: [Info][ippoz.madness.detector.manager.EvaluatorManager] 'expRun_2' has 2.5% of Faults/Attack Ratio
Oct 15, 2018 4:35:26 PM ippoz.utils.logging.AppLogger log
INFO: [Info][ippoz.madness.detector.manager.EvaluatorManager] Instances Loaded with 5.0% of Faults/Attacks
Oct 15, 2018 4:35:26 PM ippoz.utils.logging.AppLogger log
INFO: [Info][ippoz.madness.detector.manager.EvaluatorManager] 'expRun_0' has 6.0% of Faults/Attack Ratio
Oct 15, 2018 4:35:26 PM ippoz.utils.logging.AppLogger log
INFO: [Info][ippoz.madness.detector.manager.EvaluatorManager] 'expRun_1' has 6.5% of Faults/Attack Ratio
Oct 15, 2018 4:35:26 PM ippoz.utils.logging.AppLogger log
INFO: [Info][ippoz.madness.detector.manager.EvaluatorManager] 'expRun_2' has 2.5% of Faults/Attack Ratio
Oct 15, 2018 4:35:26 PM ippoz.utils.logging.AppLogger log
INFO: [Info][ippoz.madness.detector.manager.EvaluatorManager] Instances Loaded with 5.0% of Faults/Attacks
Oct 15, 2018 4:35:26 PM ippoz.utils.logging.AppLogger log
INFO: [Info][ippoz.madness.detector.manager.EvaluatorManager] 'expRun_0' has 6.0% of Faults/Attack Ratio
Oct 15, 2018 4:35:26 PM ippoz.utils.logging.AppLogger log
INFO: [Info][ippoz.madness.detector.manager.EvaluatorManager] 'expRun_1' has 6.5% of Faults/Attack Ratio
Oct 15, 2018 4:35:26 PM ippoz.utils.logging.AppLogger log
INFO: [Info][ippoz.madness.detector.manager.EvaluatorManager] 'expRun_2' has 2.5% of Faults/Attack Ratio
Oct 15, 2018 4:35:26 PM ippoz.utils.logging.AppLogger log
INFO: [Info][ippoz.madness.detector.manager.EvaluatorManager] Instances Loaded with 5.0% of Faults/Attacks
Oct 15, 2018 4:35:26 PM ippoz.utils.logging.AppLogger log
INFO: [Info][ippoz.madness.detector.manager.TrainerManager] 'expRun_0' has 6.0% of Faults/Attack Ratio
Oct 15, 2018 4:35:26 PM ippoz.utils.logging.AppLogger log
INFO: [Info][ippoz.madness.detector.manager.TrainerManager] 'expRun_1' has 6.5% of Faults/Attack Ratio
Oct 15, 2018 4:35:26 PM ippoz.utils.logging.AppLogger log
INFO: [Info][ippoz.madness.detector.manager.TrainerManager] 'expRun_2' has 2.5% of Faults/Attack Ratio
Oct 15, 2018 4:35:26 PM ippoz.utils.logging.AppLogger log
INFO: [Info][ippoz.madness.detector.manager.TrainerManager] Instances Loaded with 5.0% of Faults/Attacks
