sep=,
2016/05/12 11:20:39,1,1,0,0,nodecay,acq,acq,not,0.98
2016/05/12 11:20:59,1,1,0,0,nodecay,acq,acq,not,0.98
2016/05/12 11:21:19,1,1,0,0,nodecay,acq,acq,not,0.98
2016/05/12 11:21:38,1,1,0,0,nodecay,acq,acq,not,0.98
2016/05/12 11:21:58,1,0,0,1,slwdecay,acq,not,not,0.892629620548046
2016/05/12 11:22:16,1,1,0,0,nodecay,acq,acq,not,0.98
2016/05/12 11:22:35,0,0,0,1,fstdecay,acq,not,not,0.871625346306613
2016/05/12 11:22:53,1,1,0,0,nodecay,acq,acq,not,0.98
2016/05/12 11:23:12,1,0,0,1,slwdecay,acq,not,not,0.8974486280474141
2016/05/12 11:23:30,1,0,1,1,nodecay,acq,not,acq,0.87
2016/05/12 11:23:48,1,0,1,1,nodecay,acq,not,acq,0.87
2016/05/12 11:24:07,1,0,0,1,slwdecay,acq,not,not,0.7924364998742858
2016/05/12 11:24:24,1,0,1,1,nodecay,acq,not,acq,0.87
2016/05/12 11:24:43,1,0,1,1,nodecay,acq,not,acq,0.87
2016/05/12 11:25:00,1,0,0,1,slwdecay,acq,not,not,0.7924364998742858
2016/05/12 11:25:18,0,0,0,1,fstdecay,acq,not,not,0.6255081827346515
2016/05/12 11:25:36,1,0,0,1,slwdecay,acq,not,acq,0.46490776840518294
2016/05/12 11:26:26,1,0,0,1,slwdecay,acq,not,acq,0.8
2016/05/12 11:26:44,1,0,0,1,slwdecay,acq,not,acq,0.728677241263711
2016/05/12 11:27:02,1,1,0,0,nodecay,acq,acq,not,0.98
2016/05/12 11:27:22,1,0,1,1,nodecay,acq,acq,acq,0.87
2016/05/12 11:27:42,1,0,0,1,slwdecay,acq,not,acq,0.7924364998742858
2016/05/12 11:28:00,1,0,0,1,nodecay,acq,acq,acq,0.98
2016/05/12 11:28:21,
2016/05/12 11:28:40,1,0,0,1,slwdecay,acq,not,acq,0.798641334194944
2016/05/12 11:28:58,1,0,0,1,slwdecay,acq,not,acq,0.5867499265794511
2016/05/12 11:29:16,1,0,0,1,slwdecay,acq,not,acq,0.38845972174256616
2016/05/12 11:30:52,1,1,0,0,nodecay,acq,acq,not,0.98
2016/05/12 11:31:11,1,0,0,0,avgdecay,acq,acq,not,0.9675625694761107
2016/05/12 11:31:31,1,0,0,0,avgdecay,acq,acq,not,0.9430107635715729
2016/05/12 11:31:51,1,0,0,0,avgdecay,acq,acq,not,0.9077345124759316
2016/05/12 11:32:10,0,0,0,1,fstdecay,acq,acq,not,0.5229510063237836
2016/05/12 11:32:30,0,0,0,1,fstdecay,acq,acq,not,0.2651132700943648