2016/05/13 09:41:11,1,1,0,0,nodecay,acq,acq,not,0.98
2016/05/13 09:41:32,1,0,0,1,slwdecay,acq,not,not,0.9737711307440667
2016/05/13 09:41:52,1,0,1,1,nodecay,acq,not,acq,0.87
2016/05/13 09:42:13,1,0,1,1,nodecay,acq,not,acq,0.87
2016/05/13 09:42:35,1,0,0,1,slwdecay,acq,not,acq,0.863917345862357
2016/05/13 09:42:56,1,0,0,1,slwdecay,acq,not,not,0.85211267600687
2016/05/13 09:43:17,1,0,1,1,nodecay,acq,not,acq,0.87
2016/05/13 09:43:38,1,0,0,1,slwdecay,acq,acq,not,0.863640877480123
2016/05/13 09:44:00,1,0,1,1,nodecay,acq,not,acq,0.87
2016/05/13 09:44:20,1,0,1,1,nodecay,acq,not,acq,0.87
2016/05/13 09:44:42,1,0,1,1,nodecay,acq,not,acq,0.87
2016/05/13 09:45:03,1,0,1,1,nodecay,acq,not,acq,0.87
2016/05/13 09:45:24,1,0,0,1,slwdecay,acq,not,not,0.8644702895381001
2016/05/13 09:45:44,1,0,1,1,nodecay,acq,not,acq,0.87
2016/05/13 09:46:05,1,0,1,1,nodecay,acq,not,acq,0.87
2016/05/13 09:46:26,1,0,0,1,slwdecay,acq,not,acq,0.8641938165944122
2016/05/13 09:46:47,1,0,1,1,nodecay,acq,not,acq,0.87
2016/05/13 09:47:09,1,0,0,1,slwdecay,acq,not,not,0.863917345862357
2016/05/13 09:47:29,1,0,1,1,nodecay,acq,not,acq,0.87
2016/05/13 09:47:50,0,0,1,1,avgdecay,not,not,acq,0.8611610915550193
2016/05/13 09:48:09,1,0,1,1,nodecay,acq,not,acq,0.87
2016/05/13 09:48:32,1,0,0,1,slwdecay,acq,not,not,0.863917345862357
2016/05/13 09:48:51,1,0,0,1,slwdecay,acq,not,not,0.85238713597409
2016/05/13 09:49:14,1,0,1,1,nodecay,acq,not,acq,0.87
2016/05/13 09:49:36,1,0,1,1,nodecay,acq,not,acq,0.87
2016/05/13 09:49:56,1,0,1,1,nodecay,acq,not,acq,0.87
2016/05/13 09:50:17,1,0,0,1,slwdecay,acq,not,acq,0.8641938165944122
2016/05/13 09:50:39,1,0,0,1,slwdecay,acq,not,not,0.8523853690098032
2016/05/13 09:51:01,1,0,1,1,nodecay,acq,acq,acq,0.87
2016/05/13 09:51:23,1,0,0,1,slwdecay,acq,not,not,0.8644702895381001
2016/05/13 09:51:45,1,0,1,1,nodecay,acq,not,acq,0.87
2016/05/13 09:52:05,1,0,0,1,slwdecay,acq,not,acq,0.8644702895381001
2016/05/13 09:52:25,1,0,1,1,nodecay,acq,not,acq,0.87
2016/05/13 09:52:46,1,0,1,1,nodecay,acq,not,acq,0.87
2016/05/13 09:53:06,1,0,1,1,nodecay,acq,not,acq,0.87
2016/05/13 09:53:29,1,0,0,1,slwdecay,acq,not,not,0.863640877480123
2016/05/13 09:53:50,1,0,1,1,nodecay,acq,not,acq,0.87
2016/05/13 09:54:10,1,0,0,1,slwdecay,acq,not,not,0.8647467645552259
2016/05/13 09:54:31,1,1,0,0,nodecay,acq,acq,not,0.98
2016/05/13 09:54:55,1,0,1,1,nodecay,acq,not,acq,0.87
2016/05/13 09:55:15,1,0,1,1,nodecay,acq,not,acq,0.87
2016/05/13 09:55:37,1,0,1,1,nodecay,acq,not,acq,0.87
2016/05/13 09:55:59,1,0,0,1,slwdecay,acq,not,not,0.863917345862357
2016/05/13 09:56:19,1,0,1,1,nodecay,acq,not,acq,0.87
2016/05/13 09:56:41,1,0,0,1,slwdecay,acq,not,not,0.863917345862357
2016/05/13 09:57:01,1,0,0,1,slwdecay,acq,not,acq,0.85238713597409
2016/05/13 09:57:22,1,0,0,1,slwdecay,acq,acq,not,0.8347840247512492
2016/05/13 09:57:46,1,0,1,1,nodecay,acq,not,acq,0.87
2016/05/13 09:58:08,1,0,1,1,nodecay,acq,not,acq,0.87
2016/05/13 09:58:29,1,0,0,1,slwdecay,acq,not,not,0.8641938165944122
2016/05/13 09:58:49,1,0,1,1,nodecay,acq,not,acq,0.87
2016/05/13 09:59:10,1,0,1,1,nodecay,acq,not,acq,0.87
2016/05/13 09:59:30,1,0,0,1,slwdecay,acq,not,not,0.8644702895381001
2016/05/13 09:59:51,1,0,1,1,nodecay,acq,not,acq,0.87
2016/05/13 10:00:12,1,0,1,1,nodecay,acq,not,acq,0.87
2016/05/13 10:00:32,1,0,1,1,nodecay,acq,not,acq,0.87
2016/05/13 10:00:52,1,0,0,1,slwdecay,acq,not,not,0.8644702895381001
2016/05/13 10:01:13,1,0,1,1,nodecay,acq,not,acq,0.87
2016/05/13 10:01:33,1,0,0,1,slwdecay,acq,not,not,0.8644702895381001
2016/05/13 10:01:54,1,0,0,1,slwdecay,acq,not,acq,0.8532073405396524
2016/05/13 10:02:14,1,0,1,1,nodecay,acq,not,acq,0.87
2016/05/13 10:02:35,1,0,1,1,nodecay,acq,not,acq,0.87
2016/05/13 10:02:55,1,0,1,1,nodecay,acq,not,acq,0.87
2016/05/13 10:03:15,1,0,1,1,nodecay,acq,not,acq,0.87
2016/05/13 10:03:35,1,0,1,1,nodecay,acq,not,acq,0.87
2016/05/13 10:03:55,1,0,0,1,slwdecay,acq,not,acq,0.8644702895381001
2016/05/13 10:04:17,1,0,0,1,slwdecay,acq,not,not,0.8532073405396524
2016/05/13 10:04:36,1,0,1,1,nodecay,acq,not,acq,0.87
2016/05/13 10:04:56,1,0,0,1,slwdecay,acq,not,not,0.8644702895381001
2016/05/13 10:05:16,1,0,0,0,avgdecay,acq,not,not,0.847347022036345
2016/05/13 10:05:35,1,0,1,1,nodecay,acq,not,acq,0.87
2016/05/13 10:05:56,1,0,0,1,slwdecay,acq,not,not,0.8644702895381001
2016/05/13 10:06:16,1,0,0,1,slwdecay,acq,not,not,0.8532073405396524
2016/05/13 10:06:35,1,0,0,1,slwdecay,acq,not,not,0.8369419343211894
2016/05/13 10:06:55,1,0,0,1,slwdecay,acq,not,not,0.8159382098589459
2016/05/13 10:07:19,1,0,1,1,nodecay,acq,not,acq,0.87
2016/05/13 10:07:39,1,0,0,1,slwdecay,acq,not,not,0.8647467645552259
2016/05/13 10:07:59,1,0,1,1,nodecay,acq,not,acq,0.87
2016/05/13 10:08:20,1,0,1,1,nodecay,acq,not,acq,0.87
2016/05/13 10:08:41,1,0,0,1,slwdecay,acq,not,not,0.8644702895381001
2016/05/13 10:09:00,1,0,0,1,slwdecay,acq,not,not,0.853481986193913
2016/05/13 10:09:19,1,0,0,0,avgdecay,acq,not,not,0.8279158728509136
2016/05/13 10:09:42,1,0,0,1,slwdecay,acq,not,not,0.8063504428600881
2016/05/13 10:10:02,1,0,0,1,slwdecay,acq,not,not,0.7804869050583207
2016/05/13 10:10:21,1,0,1,1,nodecay,acq,not,acq,0.87
2016/05/13 10:10:42,1,0,0,1,slwdecay,acq,not,not,0.8644702895381001
2016/05/13 10:11:01,1,0,1,1,nodecay,acq,not,acq,0.87
2016/05/13 10:11:22,1,0,0,1,slwdecay,acq,not,not,0.8644702895381001
2016/05/13 10:11:41,1,0,0,1,slwdecay,acq,not,not,0.853481986193913
2016/05/13 10:12:00,1,0,0,1,slwdecay,acq,not,not,0.8374823829692296
2016/05/13 10:12:20,1,0,0,1,slwdecay,acq,not,not,0.8164650955176986
2016/05/13 10:12:40,1,0,0,1,slwdecay,acq,not,acq,0.790794915742175
2016/05/13 10:13:01,1,0,0,1,slwdecay,acq,not,not,0.7609190613943293
2016/05/13 10:13:20,1,0,0,1,slwdecay,acq,not,not,0.7273539983755662
2016/05/13 10:13:40,0,0,0,1,fstdecay,not,not,not,0.66925322403569
2016/05/13 10:14:13,1,0,0,1,slwdecay,acq,not,not,0.8
2016/05/13 10:14:33,1,0,1,1,nodecay,acq,not,acq,0.87
2016/05/13 10:14:55,1,0,1,1,nodecay,acq,not,acq,0.87
2016/05/13 10:15:16,1,0,0,1,slwdecay,acq,not,acq,0.863917345862357
2016/05/13 10:15:36,1,0,0,1,slwdecay,acq,not,not,0.85238713597409
2016/05/13 10:15:57,1,0,1,1,nodecay,acq,not,acq,0.87
2016/05/13 10:16:20,1,0,0,1,slwdecay,acq,not,not,0.863917345862357
2016/05/13 10:16:40,1,0,0,1,slwdecay,acq,not,not,0.85211267600687
2016/05/13 10:17:00,1,1,0,0,nodecay,acq,acq,not,0.98
2016/05/13 10:17:22,1,0,0,0,avgdecay,acq,acq,not,0.9685502628302477
2016/05/13 10:17:44,1,0,0,0,avgdecay,acq,acq,not,0.9464158343824554
2016/05/13 10:18:06,0,0,0,1,fstdecay,acq,acq,not,0.652391825148707
