2016/05/06 13:23:02,0,1,0,0,avgdecay,not,acq,not,0.9
2016/05/06 13:23:24,0,1,0,0,avgdecay,not,acq,not,0.8874358830243942
2016/05/06 13:23:46,0,1,0,0,avgdecay,not,acq,not,0.8626677001240978
2016/05/06 13:24:07,0,0,0,0,fstdecay,not,not,not,0.560328010174694
2016/05/06 13:24:28,0,1,0,0,avgdecay,not,acq,not,0.5301638359097771
2016/05/06 13:24:52,0,0,0,0,fstdecay,not,acq,not,0.24433606549693745
2016/05/06 13:25:28,1,1,0,0,nodecay,acq,acq,not,0.98
2016/05/06 13:25:53,1,1,0,0,nodecay,acq,acq,not,0.98
2016/05/06 13:26:18,1,0,0,1,slwdecay,acq,not,acq,0.9690480074094225
2016/05/06 13:26:40,1,0,0,1,slwdecay,acq,not,not,0.9478858032984954
2016/05/06 13:27:01,1,0,0,1,slwdecay,acq,not,acq,0.91660864907688
2016/05/06 13:27:21,1,0,0,1,slwdecay,acq,not,not,0.8775438268927979
2016/05/06 13:27:41,1,1,0,0,nodecay,acq,acq,not,0.98
2016/05/06 13:28:03,1,1,0,0,nodecay,acq,acq,not,0.98
2016/05/06 13:28:27,0,1,0,0,avgdecay,acq,acq,not,0.9663190726265626
2016/05/06 13:28:49,1,1,0,0,nodecay,acq,acq,not,0.98
2016/05/06 13:29:11,1,0,0,1,slwdecay,acq,not,not,0.9705413035747766
2016/05/06 13:29:30,1,0,0,1,slwdecay,acq,not,not,0.9513170010582696
2016/05/06 13:29:50,1,0,0,1,slwdecay,acq,not,acq,0.9228202329159926
2016/05/06 13:30:10,1,0,0,1,slwdecay,acq,not,not,0.8862930835819188
2016/05/06 13:30:30,1,0,0,1,slwdecay,acq,not,acq,0.8417989588937593
2016/05/06 13:30:50,1,0,0,1,slwdecay,acq,not,acq,0.7910448076542604
2016/05/06 13:31:11,
2016/05/06 13:31:35,0,1,0,0,avgdecay,acq,acq,not,0.7088903986993252
2016/05/06 13:31:57,
2016/05/06 13:32:21,1,0,0,1,slwdecay,acq,not,not,0.6342677609367734
2016/05/06 13:32:42,
2016/05/06 13:33:05,1,0,0,1,slwdecay,acq,not,not,0.5534632000026701
2016/05/06 13:33:25,1,0,0,1,slwdecay,acq,not,acq,0.4775613520095025
2016/05/06 13:34:03,1,0,0,1,slwdecay,acq,not,not,0.8
2016/05/06 13:34:24,1,0,0,1,slwdecay,acq,not,not,0.7914659288307181
2016/05/06 13:34:46,1,0,0,1,slwdecay,acq,not,acq,0.7737801012943825
2016/05/06 13:35:07,1,0,0,1,slwdecay,acq,not,acq,0.7482478700091542
2016/05/06 13:35:29,1,0,0,1,slwdecay,acq,not,not,0.715222769159701
2016/05/06 13:35:49,1,0,0,1,slwdecay,acq,not,acq,0.6764278897112586
2016/05/06 13:36:09,1,0,0,1,slwdecay,acq,not,acq,0.6329196462921757
2016/05/06 13:36:30,1,1,0,0,nodecay,acq,acq,not,0.98
2016/05/06 13:36:52,1,0,0,1,slwdecay,acq,not,acq,0.9700435284182976
2016/05/06 13:37:12,0,0,0,1,fstdecay,not,not,acq,0.7439868457592235
2016/05/06 13:37:31,1,0,0,1,slwdecay,acq,not,acq,0.7217006671027716
2016/05/06 13:37:53,1,0,0,1,slwdecay,acq,not,acq,0.6924035595076635
2016/05/06 13:38:12,0,0,0,1,fstdecay,acq,not,not,0.34648211988855254
2016/05/06 13:39:08,0,0,1,1,n.d.,n.d,not,not,not,
2016/05/06 13:39:28,1,0,0,1,slwdecay,acq,not,not,0.8
2016/05/06 13:39:50,1,0,0,1,slwdecay,acq,not,acq,0.791059597885243
2016/05/06 13:40:12,0,0,0,0,fstdecay,not,not,not,0.5894306952807978
2016/05/06 13:40:32,1,0,0,1,slwdecay,acq,not,acq,0.5702801510795815
2016/05/06 13:40:53,1,0,0,1,slwdecay,acq,not,acq,0.5456869206771358
2016/05/06 13:41:17,1,0,0,1,slwdecay,acq,not,acq,0.515537268042428
2016/05/06 13:41:36,0,0,0,1,fstdecay,not,not,not,0.47418425572131256
2016/05/06 13:42:11,1,1,0,0,nodecay,acq,acq,not,0.98
2016/05/06 13:42:33,1,0,0,1,slwdecay,acq,not,not,0.9700435284182976
2016/05/06 13:42:54,1,0,0,1,slwdecay,acq,not,acq,0.9498442895214451
2016/05/06 13:43:18,1,0,0,1,slwdecay,acq,not,acq,0.9185025116126482
2016/05/06 13:43:38,1,1,0,0,nodecay,acq,acq,not,0.98
2016/05/06 13:44:01,1,1,0,0,nodecay,acq,acq,not,0.98
2016/05/06 13:44:24,1,0,0,1,nodecay,acq,acq,acq,0.98
2016/05/06 13:44:47,0,0,0,1,fstdecay,acq,acq,not,0.8421072614078066
2016/05/06 13:45:09,1,0,0,1,slwdecay,acq,not,acq,0.8237172068254265
2016/05/06 13:45:31,0,0,0,1,fstdecay,acq,not,acq,0.5236690720260638
2016/05/06 13:45:52,
2016/05/06 13:46:15,
2016/05/06 13:46:38,1,0,0,1,slwdecay,acq,not,acq,0.48866930833437183
2016/05/06 13:47:08,1,0,0,1,slwdecay,acq,not,not,0.8
2016/05/06 13:47:27,1,0,0,1,slwdecay,acq,not,acq,0.7918722680965695
2016/05/06 13:47:48,1,0,0,1,slwdecay,acq,not,acq,0.7753830934868939
2016/05/06 13:48:08,1,0,0,1,slwdecay,acq,not,not,0.7517632890640129
2016/05/06 13:48:27,1,0,0,1,slwdecay,acq,not,not,0.72124580311769
2016/05/06 13:48:49,1,0,0,1,slwdecay,acq,not,acq,0.6839446595976948
2016/05/06 13:49:11,1,1,0,0,nodecay,acq,acq,not,0.98
2016/05/06 13:49:34,1,0,0,1,slwdecay,acq,not,acq,0.9695457628176296
2016/05/06 13:49:56,1,0,0,1,slwdecay,acq,not,acq,0.9483726886554095
2016/05/06 13:50:16,1,0,0,1,slwdecay,acq,not,acq,0.9180408775687798
2016/05/06 13:50:37,1,0,0,1,slwdecay,acq,not,acq,0.878915015428966
2016/05/06 13:50:57,1,0,0,1,slwdecay,acq,not,not,0.8325720634469272
2016/05/06 13:51:18,1,0,0,1,slwdecay,acq,not,not,0.7802776960818805
2016/05/06 13:51:38,1,0,0,1,slwdecay,acq,not,acq,0.7226410706158888
2016/05/06 13:51:59,1,0,0,1,slwdecay,acq,not,acq,0.6620255562531315
2016/05/06 13:52:20,1,0,0,1,slwdecay,acq,not,acq,0.5995626195514981
2016/05/06 13:52:40,1,0,0,1,slwdecay,acq,not,acq,0.5370420745927382
2016/05/06 13:53:01,1,0,0,1,slwdecay,acq,not,not,0.4754728258135964
2016/05/06 13:53:32,1,0,0,1,slwdecay,acq,not,not,0.8
2016/05/06 13:53:52,1,0,0,1,slwdecay,acq,not,acq,0.7918722680965695
2016/05/06 13:54:13,1,0,0,1,slwdecay,acq,not,not,0.7757850421303117
2016/05/06 13:54:35,
2016/05/06 13:54:57,0,1,0,0,avgdecay,acq,acq,not,0.7325549628760607
2016/05/06 13:55:21,1,1,0,0,nodecay,acq,acq,not,0.98
2016/05/06 13:55:43,1,0,0,1,slwdecay,acq,not,not,0.9695457628176296
2016/05/06 13:56:04,1,1,0,0,nodecay,acq,acq,not,0.98
2016/05/06 13:56:26,1,0,0,1,slwdecay,acq,not,acq,0.9700435284182976
2016/05/06 13:56:47,1,0,0,1,slwdecay,acq,acq,not,0.9488595839822003
2016/05/06 13:57:09,1,0,0,1,slwdecay,acq,not,not,0.9189932054502191
2016/05/06 13:57:30,1,0,0,1,slwdecay,acq,not,acq,0.8798267561750047
2016/05/06 13:57:50,1,0,0,1,slwdecay,acq,not,not,0.8338799261286775
2016/05/06 13:58:10,1,0,0,1,slwdecay,acq,not,acq,0.7819232508036126
2016/05/06 13:58:30,1,0,0,1,slwdecay,acq,not,not,0.7253420701572583
2016/05/06 13:58:50,1,0,0,1,slwdecay,acq,not,acq,0.6652250655650767
2016/05/06 13:59:11,1,1,0,0,nodecay,acq,acq,not,0.98
2016/05/06 13:59:35,1,0,0,1,slwdecay,acq,not,acq,0.9690480074094225
2016/05/06 13:59:55,1,0,0,1,slwdecay,acq,not,not,0.9488694982696335
2016/05/06 14:00:15,1,0,0,1,slwdecay,acq,not,acq,0.9190028076747652
2016/05/06 14:00:35,1,1,0,0,nodecay,acq,acq,not,0.98
2016/05/06 14:00:58,
2016/05/06 14:01:21,1,0,0,1,slwdecay,acq,not,not,0.9581012544517049
2016/05/06 14:01:41,1,0,0,1,slwdecay,acq,not,acq,0.9269726407410169
2016/05/06 14:02:02,1,1,0,0,nodecay,acq,acq,not,0.98
2016/05/06 14:02:23,1,0,0,1,slwdecay,acq,not,not,0.9705413035747766
2016/05/06 14:02:43,1,0,0,1,slwdecay,acq,not,not,0.9518096842922334
2016/05/06 14:03:05,1,0,0,1,slwdecay,acq,not,not,0.9228155538041837
2016/05/06 14:03:26,1,0,0,1,slwdecay,acq,not,acq,0.8844201482847825
2016/05/06 14:03:46,1,0,0,1,slwdecay,acq,not,acq,0.8386800098457892
2016/05/06 14:04:06,0,0,0,1,fstdecay,acq,not,acq,0.36595828445356426
2016/05/06 14:04:35,1,0,0,1,slwdecay,acq,not,not,0.8
2016/05/06 14:04:55,1,0,0,1,slwdecay,acq,not,acq,0.7914659288307181
2016/05/06 14:05:15,1,0,0,1,slwdecay,acq,not,not,0.7753869578215438
2016/05/06 14:05:36,1,1,0,0,nodecay,acq,acq,not,0.98
2016/05/06 14:05:58,1,0,0,0,avgdecay,acq,acq,not,0.9663190726265626
2016/05/06 14:06:20,1,0,0,0,avgdecay,acq,acq,not,0.9393492734684621
2016/05/06 14:06:42,1,0,0,0,avgdecay,acq,acq,not,0.9000509832840746
2016/05/06 14:07:04,0,0,0,0,fstdecay,acq,not,not,0.49423525438363586
