2016/05/18 16:26:57,1,1,0,0,nodecay,acq,acq,not,0.98
2016/05/18 16:27:22,0,0,0,1,fstdecay,acq,not,not,0.8686649908915305
2016/05/18 16:27:42,1,0,0,1,slwdecay,acq,not,not,0.8567954486470021
2016/05/18 16:28:03,1,0,1,1,nodecay,acq,not,acq,0.87
2016/05/18 16:28:25,1,1,0,0,nodecay,acq,acq,not,0.98
2016/05/18 16:28:47,1,0,1,1,nodecay,acq,not,acq,0.87
2016/05/18 16:29:09,1,0,0,1,slwdecay,acq,not,acq,0.863640877480123
2016/05/18 16:29:30,1,0,0,1,slwdecay,acq,not,not,0.8521143574569685
2016/05/18 16:29:49,1,0,1,1,nodecay,acq,not,acq,0.87
2016/05/18 16:30:10,1,0,1,1,nodecay,acq,not,acq,0.87
2016/05/18 16:30:32,1,0,1,1,nodecay,acq,not,acq,0.87
2016/05/18 16:30:53,1,0,0,1,slwdecay,acq,not,not,0.8644702895381001
2016/05/18 16:31:13,
2016/05/18 16:31:36,2016/05/18 16:31:59,1,1,0,0,nodecay,acq,acq,not,0.98
2016/05/18 16:32:22,1,1,0,0,nodecay,acq,acq,not,0.98
2016/05/18 16:32:44,1,1,0,0,nodecay,acq,acq,not,0.98
2016/05/18 16:33:07,1,0,0,1,slwdecay,acq,not,not,0.9737711307440667
2016/05/18 16:33:26,1,0,1,1,nodecay,acq,not,acq,0.87
2016/05/18 16:33:49,1,1,0,0,nodecay,acq,acq,not,0.98
2016/05/18 16:34:11,1,0,0,1,slwdecay,acq,not,acq,0.9737711307440667
2016/05/18 16:34:33,1,0,0,1,slwdecay,acq,not,acq,0.9607747653227813
2016/05/18 16:34:54,1,0,0,1,slwdecay,acq,not,acq,0.941543427367635
2016/05/18 16:35:15,1,0,1,1,nodecay,acq,acq,acq,0.87
2016/05/18 16:35:40,1,0,1,1,nodecay,acq,not,acq,0.87
2016/05/18 16:36:00,1,0,1,1,nodecay,acq,not,acq,0.87
2016/05/18 16:36:21,1,0,0,1,slwdecay,acq,acq,not,0.863640877480123
2016/05/18 16:36:43,1,0,1,1,nodecay,acq,not,acq,0.87
2016/05/18 16:37:04,1,0,0,1,slwdecay,acq,not,not,0.8644702895381001
2016/05/18 16:37:23,1,0,1,1,nodecay,acq,not,acq,0.87
2016/05/18 16:37:44,1,0,1,1,nodecay,acq,not,acq,0.87
2016/05/18 16:38:06,1,0,1,1,nodecay,acq,not,acq,0.87
2016/05/18 16:38:28,1,0,0,1,slwdecay,acq,not,acq,0.863917345862357
2016/05/18 16:38:48,1,0,0,1,slwdecay,acq,not,acq,0.85238713597409
2016/05/18 16:39:09,
2016/05/18 16:39:32,1,0,0,1,slwdecay,acq,not,not,0.8291024020491584
2016/05/18 16:39:52,1,1,0,0,nodecay,acq,acq,not,0.98
2016/05/18 16:40:15,1,0,1,1,nodecay,acq,not,acq,0.87
2016/05/18 16:40:36,1,0,0,1,slwdecay,acq,not,acq,0.8641938165944122
2016/05/18 16:40:56,1,0,1,1,nodecay,acq,not,acq,0.87
2016/05/18 16:41:18,1,1,1,1,nodecay,acq,acq,acq,1.0
2016/05/18 16:41:40,1,0,0,1,slwdecay,acq,not,not,0.9939617983393402
2016/05/18 16:42:03,1,0,1,1,nodecay,acq,not,acq,0.87
2016/05/18 16:42:23,1,1,1,1,nodecay,acq,acq,acq,1.0
2016/05/18 16:42:48,1,0,0,1,slwdecay,acq,acq,not,0.9917373423150826
2016/05/18 16:43:12,1,1,1,1,nodecay,acq,acq,acq,1.0
2016/05/18 16:43:36,1,0,0,1,slwdecay,acq,not,not,0.9933262259705887
2016/05/18 16:43:59,1,0,1,1,nodecay,acq,not,acq,0.87
2016/05/18 16:44:20,1,0,0,1,slwdecay,acq,not,acq,0.8641938165944122
2016/05/18 16:44:41,1,0,0,1,slwdecay,acq,not,acq,0.8526599168096709
2016/05/18 16:45:00,1,0,0,0,avgdecay,acq,not,not,0.8262537964836572
2016/05/18 16:45:20,1,0,1,1,nodecay,acq,not,acq,0.87
2016/05/18 16:45:40,1,0,0,1,slwdecay,acq,not,not,0.8647467645552259
2016/05/18 16:46:00,
2016/05/18 16:46:22,1,0,0,1,slwdecay,acq,not,not,0.8477121631458377
2016/05/18 16:46:43,1,0,0,1,slwdecay,acq,not,not,0.8256310823184565
2016/05/18 16:47:04,1,0,1,1,nodecay,acq,not,acq,0.87
2016/05/18 16:47:24,1,0,1,1,nodecay,acq,not,acq,0.87
2016/05/18 16:47:44,1,0,1,1,nodecay,acq,not,acq,0.87
2016/05/18 16:48:06,1,0,0,1,slwdecay,acq,not,acq,0.863917345862357
2016/05/18 16:48:26,1,0,0,1,slwdecay,acq,not,not,0.8526616010171281
2016/05/18 16:48:45,1,0,0,1,slwdecay,acq,not,acq,0.8361358278633462
2016/05/18 16:49:06,1,0,1,1,nodecay,acq,not,acq,0.87
2016/05/18 16:49:27,1,0,1,1,nodecay,acq,not,acq,0.87
2016/05/18 16:49:48,
2016/05/18 16:50:15,1,0,1,1,nodecay,acq,not,acq,0.87
2016/05/18 16:50:36,1,0,1,1,nodecay,acq,not,acq,0.87
2016/05/18 16:50:59,1,0,0,1,slwdecay,acq,not,not,0.863640877480123
2016/05/18 16:51:22,1,0,0,1,slwdecay,acq,not,acq,0.8510169007302301
2016/05/18 16:51:44,1,0,1,1,nodecay,acq,not,acq,0.87
2016/05/18 16:52:05,1,0,1,1,nodecay,acq,not,acq,0.87
2016/05/18 16:52:26,1,0,1,1,nodecay,acq,not,acq,0.87
2016/05/18 16:52:47,
2016/05/18 16:53:10,1,1,0,0,nodecay,acq,acq,not,0.98
2016/05/18 16:53:33,1,0,0,0,avgdecay,acq,acq,not,0.9690480074094225
2016/05/18 16:53:55,1,0,0,0,avgdecay,acq,acq,not,0.9473939913498906
2016/05/18 16:54:17,1,0,0,0,avgdecay,acq,acq,not,0.9151727958744047
2016/05/18 16:54:39,1,0,0,0,avgdecay,acq,acq,not,0.8738544620651
2016/05/18 16:55:01,1,0,0,0,avgdecay,acq,acq,not,0.8246916628802015
2016/05/18 16:55:23,1,0,0,0,avgdecay,acq,acq,not,0.7691582268195938
2016/05/18 16:55:45,0,0,0,1,fstdecay,acq,acq,not,0.3317432018785328
2016/05/18 16:56:07,1,0,0,0,avgdecay,acq,acq,not,0.3020949457041993
2016/05/18 16:56:29,1,0,0,0,avgdecay,acq,acq,not,0.27179107980125283
