2016/05/19 16:35:25,1,1,0,0,nodecay,acq,acq,not,0.98
2016/05/19 16:35:48,1,1,0,0,nodecay,acq,acq,not,0.98
2016/05/19 16:36:11,1,0,1,1,nodecay,acq,not,acq,0.87
2016/05/19 16:36:32,1,0,0,1,slwdecay,acq,not,not,0.8611610915550193
2016/05/19 16:36:52,
2016/05/19 16:37:14,1,0,0,1,slwdecay,acq,not,not,0.8336185696576035
2016/05/19 16:37:34,1,0,0,1,slwdecay,acq,not,not,0.7985125071126891
2016/05/19 16:37:55,1,0,0,1,slwdecay,acq,not,acq,0.756408974775015
2016/05/19 16:38:16,1,0,1,1,nodecay,acq,not,acq,0.87
2016/05/19 16:38:37,1,0,1,1,nodecay,acq,not,acq,0.87
2016/05/19 16:38:58,1,1,0,0,nodecay,acq,acq,not,0.98
2016/05/19 16:39:23,1,0,0,1,slwdecay,acq,not,acq,0.9685502628302477
2016/05/19 16:39:44,1,0,0,1,slwdecay,acq,not,acq,0.946907369201213
2016/05/19 16:40:04,1,0,1,1,nodecay,acq,not,acq,0.87
2016/05/19 16:40:25,1,0,0,1,slwdecay,acq,not,acq,0.860719197603406
2016/05/19 16:40:45,1,0,0,1,slwdecay,acq,not,not,0.84279642178339
2016/05/19 16:41:05,
2016/05/19 16:41:30,1,1,0,0,nodecay,acq,acq,not,0.98
2016/05/19 16:41:51,1,0,1,1,nodecay,acq,not,acq,0.87
2016/05/19 16:42:12,1,0,0,1,slwdecay,acq,not,acq,0.860719197603406
2016/05/19 16:42:33,1,1,0,0,nodecay,acq,acq,not,0.98
2016/05/19 16:42:55,1,1,0,0,nodecay,acq,acq,not,0.98
2016/05/19 16:43:18,1,0,0,1,slwdecay,acq,not,acq,0.9695457628176296
2016/05/19 16:43:39,1,1,1,1,nodecay,acq,acq,acq,1.0
2016/05/19 16:44:03,1,0,0,1,slwdecay,acq,not,acq,0.9893324110383976
2016/05/19 16:44:23,1,0,0,1,slwdecay,acq,not,acq,0.9687315192912529
2016/05/19 16:44:44,
2016/05/19 16:45:08,1,0,0,1,slwdecay,acq,acq,not,0.9259750245480788
2016/05/19 16:45:30,1,0,1,1,nodecay,acq,not,acq,0.87
2016/05/19 16:45:51,1,1,0,0,nodecay,acq,acq,not,0.98
2016/05/19 16:46:13,1,0,0,1,slwdecay,acq,not,not,0.9705413035747766
2016/05/19 16:46:34,1,0,1,1,nodecay,acq,not,acq,0.87
2016/05/19 16:46:57,1,0,1,1,nodecay,acq,not,acq,0.87
2016/05/19 16:47:20,1,0,1,1,nodecay,acq,not,acq,0.87
2016/05/19 16:47:42,1,1,1,1,nodecay,acq,acq,acq,1.0
2016/05/19 16:48:05,1,0,1,1,nodecay,acq,not,acq,0.87
2016/05/19 16:48:26,1,1,1,1,nodecay,acq,acq,acq,1.0
2016/05/19 16:48:50,1,1,0,0,nodecay,acq,acq,not,0.98
2016/05/19 16:49:16,1,1,1,1,nodecay,acq,acq,acq,1.0
2016/05/19 16:49:39,1,0,0,1,slwdecay,acq,not,not,0.9903482689538537
2016/05/19 16:49:59,1,1,0,0,nodecay,acq,acq,not,0.98
2016/05/19 16:50:20,1,0,0,1,slwdecay,acq,not,not,0.9705413035747766
2016/05/19 16:50:40,1,0,0,1,slwdecay,acq,not,not,0.9508243392495532
2016/05/19 16:51:00,1,0,0,1,slwdecay,acq,not,acq,0.9218602244497389
2016/05/19 16:51:20,1,0,0,1,slwdecay,acq,not,acq,0.8844377314211874
2016/05/19 16:51:41,1,0,1,1,nodecay,acq,not,acq,0.87
2016/05/19 16:52:02,1,1,0,0,nodecay,acq,acq,not,0.98
2016/05/19 16:52:25,1,0,0,1,slwdecay,acq,not,not,0.9695457628176296
2016/05/19 16:52:45,1,1,0,0,nodecay,acq,acq,not,0.98
2016/05/19 16:53:07,1,0,0,1,slwdecay,acq,not,acq,0.9695457628176296
2016/05/19 16:53:27,1,0,0,1,slwdecay,acq,not,not,0.9493568889054278
2016/05/19 16:53:50,1,0,0,1,slwdecay,acq,not,acq,0.918512378754745
2016/05/19 16:54:11,
2016/05/19 16:54:34,1,0,0,1,slwdecay,acq,not,acq,0.8682272410251174
2016/05/19 16:54:54,1,0,0,1,slwdecay,acq,not,acq,0.8119454837953177
2016/05/19 16:55:15,1,0,0,1,nodecay,acq,acq,acq,0.98
2016/05/19 16:55:38,1,0,0,1,slwdecay,acq,not,not,0.9705413035747766
2016/05/19 16:55:58,1,0,1,1,nodecay,acq,not,acq,0.87
2016/05/19 16:56:20,1,0,1,1,nodecay,acq,not,acq,0.87
2016/05/19 16:56:40,1,0,0,1,slwdecay,acq,not,acq,0.8611610915550193
2016/05/19 16:57:03,1,0,1,1,nodecay,acq,not,acq,0.87
2016/05/19 16:57:23,1,1,0,0,nodecay,acq,acq,not,0.98
2016/05/19 16:57:46,1,1,0,0,nodecay,acq,acq,not,0.98
2016/05/19 16:58:10,1,1,0,0,nodecay,acq,acq,not,0.98
2016/05/19 16:58:32,1,0,0,1,slwdecay,acq,not,not,0.9695457628176296
2016/05/19 16:58:53,1,1,0,0,nodecay,acq,acq,not,0.98
2016/05/19 16:59:15,1,1,0,0,nodecay,acq,acq,not,0.98
2016/05/19 16:59:36,1,0,0,1,slwdecay,acq,not,not,0.9705413035747766
2016/05/19 16:59:57,1,0,1,1,nodecay,acq,not,acq,0.87
2016/05/19 17:00:18,1,0,0,1,slwdecay,acq,not,not,0.8611610915550193
2016/05/19 17:00:37,1,0,1,1,nodecay,acq,not,acq,0.87
2016/05/19 17:00:57,1,0,0,1,slwdecay,acq,not,not,0.8611610915550193
2016/05/19 17:01:17,1,0,0,1,slwdecay,acq,not,acq,0.8436662333167141
2016/05/19 17:01:38,1,0,0,1,slwdecay,acq,not,not,0.817966380435583
2016/05/19 17:01:58,1,0,1,1,nodecay,acq,not,acq,0.87
2016/05/19 17:02:19,1,0,0,1,slwdecay,acq,not,not,0.860719197603406
2016/05/19 17:02:39,1,0,1,1,nodecay,acq,not,acq,0.87
2016/05/19 17:02:59,1,0,0,1,slwdecay,acq,not,not,0.8611610915550193
2016/05/19 17:03:19,1,1,0,0,nodecay,acq,acq,not,0.98
2016/05/19 17:03:42,1,1,0,0,nodecay,acq,acq,not,0.98
2016/05/19 17:04:04,1,0,0,1,slwdecay,acq,not,not,0.9705413035747766
2016/05/19 17:04:25,1,0,1,1,nodecay,acq,not,acq,0.87
2016/05/19 17:04:45,1,0,0,1,slwdecay,acq,not,not,0.8616029939898527
2016/05/19 17:05:06,1,0,0,1,slwdecay,acq,not,acq,0.8436618148571782
2016/05/19 17:05:26,1,0,0,1,slwdecay,acq,not,not,0.8179620965716436
2016/05/19 17:05:46,1,0,1,1,nodecay,acq,not,acq,0.87
2016/05/19 17:06:06,1,0,1,1,nodecay,acq,not,acq,0.87
2016/05/19 17:06:27,1,0,0,1,slwdecay,acq,not,acq,0.860719197603406
2016/05/19 17:06:49,1,0,0,1,slwdecay,acq,not,acq,0.8419226929900064
2016/05/19 17:07:09,1,0,0,1,slwdecay,acq,not,not,0.8154222684087691
2016/05/19 17:07:29,1,0,1,1,nodecay,acq,not,acq,0.87
2016/05/19 17:07:50,1,0,1,1,nodecay,acq,not,acq,0.87
2016/05/19 17:08:10,1,0,0,1,slwdecay,acq,not,acq,0.8611610915550193
2016/05/19 17:08:30,1,0,0,1,slwdecay,acq,not,not,0.8441033720344572
2016/05/19 17:08:49,1,0,1,1,nodecay,acq,not,acq,0.87
2016/05/19 17:09:11,1,0,1,1,nodecay,acq,not,acq,0.87
2016/05/19 17:09:33,1,0,0,1,slwdecay,acq,not,acq,0.8602773127002018
2016/05/19 17:09:54,1,0,1,1,nodecay,acq,not,acq,0.87
2016/05/19 17:10:17,1,0,0,1,slwdecay,acq,not,not,0.8598354374105261
2016/05/19 17:10:38,1,0,1,1,nodecay,acq,not,acq,0.87
2016/05/19 17:10:59,1,0,0,1,nodecay,acq,acq,acq,0.98
2016/05/19 17:11:25,1,0,1,1,nodecay,acq,not,acq,0.87
2016/05/19 17:11:46,1,0,1,1,nodecay,acq,not,acq,0.87
2016/05/19 17:12:07,1,1,0,0,nodecay,acq,acq,not,0.98
2016/05/19 17:12:29,1,0,0,1,slwdecay,acq,not,not,0.9705413035747766
2016/05/19 17:12:48,1,0,0,1,slwdecay,acq,not,not,0.9513170010582696
2016/05/19 17:13:08,1,1,0,0,nodecay,acq,acq,not,0.98
2016/05/19 17:13:31,1,0,0,0,avgdecay,acq,acq,not,0.9663190726265626
2016/05/19 17:13:52,1,0,0,0,avgdecay,acq,acq,not,0.9393492734684621
2016/05/19 17:14:14,1,0,0,0,avgdecay,acq,acq,not,0.9000509832840746
2016/05/19 17:14:36,1,0,0,0,avgdecay,acq,acq,not,0.8498962713120677
2016/05/19 17:14:58,0,0,0,1,fstdecay,acq,acq,not,0.4015687654223062
2016/05/19 17:15:20,0,0,0,1,fstdecay,acq,acq,not,0.16621602324802545
