2016/05/25 09:50:27,1,1,0,0,nodecay,acq,acq,not,0.98
2016/05/25 09:50:51,1,1,0,0,nodecay,acq,acq,not,0.98
2016/05/25 09:51:17,1,0,0,1,slwdecay,acq,not,not,0.972836850494851
2016/05/25 09:51:38,1,1,0,0,nodecay,acq,acq,not,0.98
2016/05/25 09:52:03,1,0,1,1,nodecay,acq,not,acq,0.87
2016/05/25 09:52:25,
2016/05/25 09:52:48,1,0,0,1,slwdecay,acq,not,not,0.8578358289008275
2016/05/25 09:53:08,1,0,0,1,slwdecay,acq,not,acq,0.8401201937512868
2016/05/25 09:53:31,1,0,0,1,slwdecay,acq,not,acq,0.8166374658687533
2016/05/25 09:53:51,1,0,0,1,slwdecay,acq,not,acq,0.7886317458944828
2016/05/25 09:54:12,1,0,0,1,slwdecay,acq,not,not,0.7565898362556709
2016/05/25 09:54:32,1,0,0,1,slwdecay,acq,not,acq,0.7205836317332307
2016/05/25 09:54:54,1,0,1,1,nodecay,acq,not,acq,0.87
2016/05/25 09:55:16,1,0,0,1,slwdecay,acq,not,acq,0.863640877480123
2016/05/25 09:55:37,1,0,0,1,slwdecay,acq,not,acq,0.85183998532165
2016/05/25 09:55:58,1,0,0,1,slwdecay,acq,not,acq,0.8345186524370268
2016/05/25 09:56:20,1,0,1,1,nodecay,acq,not,acq,0.87
2016/05/25 09:56:40,1,0,0,1,slwdecay,acq,not,acq,0.8644702895381001
2016/05/25 09:57:02,1,0,1,1,nodecay,acq,not,acq,0.87
2016/05/25 09:57:24,1,0,0,1,slwdecay,acq,not,acq,0.8641938165944122
2016/05/25 09:57:45,1,0,0,1,slwdecay,acq,not,acq,0.8526599168096709
2016/05/25 09:58:06,0,1,0,0,avgdecay,acq,acq,not,0.8245249076937599
2016/05/25 09:58:30,1,1,0,0,nodecay,acq,acq,not,0.98
2016/05/25 09:58:52,1,1,0,0,nodecay,acq,acq,not,0.98
2016/05/25 09:59:14,0,1,0,0,avgdecay,acq,acq,not,0.9690480074094225
2016/05/25 09:59:36,0,1,0,0,avgdecay,acq,acq,not,0.9469022039280405
2016/05/25 10:00:02,0,1,0,0,avgdecay,acq,acq,not,0.9113397642998868
2016/05/25 10:00:27,1,1,0,0,nodecay,acq,acq,not,0.98
2016/05/25 10:00:50,1,1,0,0,nodecay,acq,acq,not,0.98
2016/05/25 10:01:11,1,0,0,1,slwdecay,acq,not,not,0.9740825623725534
2016/05/25 10:01:33,1,0,1,1,nodecay,acq,not,acq,0.87
2016/05/25 10:01:54,1,0,0,1,slwdecay,acq,not,acq,0.863917345862357
2016/05/25 10:02:16,
2016/05/25 10:02:41,1,0,0,1,slwdecay,acq,not,acq,0.8452532268525652
2016/05/25 10:03:02,
2016/05/25 10:03:24,1,0,0,1,slwdecay,acq,not,acq,0.8154624790165166
2016/05/25 10:03:45,
2016/05/25 10:04:09,1,0,0,1,slwdecay,acq,not,acq,0.7751080438728849
2016/05/25 10:04:31,1,0,0,1,slwdecay,acq,not,acq,0.7313666728260844
2016/05/25 10:04:53,
2016/05/25 10:05:15,1,1,0,0,nodecay,acq,acq,not,0.98
2016/05/25 10:05:38,1,0,1,1,nodecay,acq,not,acq,0.87
2016/05/25 10:06:00,1,1,0,0,nodecay,acq,acq,not,0.98
2016/05/25 10:06:24,1,0,0,1,slwdecay,acq,not,acq,0.9731482746495517
2016/05/25 10:06:46,1,0,0,1,slwdecay,acq,not,acq,0.9592327544952515
2016/05/25 10:07:12,1,0,0,1,slwdecay,acq,not,acq,0.9379003635901451
2016/05/25 10:07:34,
2016/05/25 10:07:56,1,0,0,1,slwdecay,acq,not,acq,0.9039526600110215
2016/05/25 10:08:17,1,0,0,1,slwdecay,acq,not,acq,0.8652223465842929
2016/05/25 10:08:39,1,0,0,1,slwdecay,acq,not,acq,0.8221320642397539
2016/05/25 10:09:02,1,0,0,1,slwdecay,acq,not,acq,0.7754776795691753
2016/05/25 10:09:23,1,0,0,1,slwdecay,acq,not,acq,0.7260949898894625
2016/05/25 10:09:47,1,1,0,0,nodecay,acq,acq,not,0.98
2016/05/25 10:10:08,0,0,0,1,fstdecay,acq,acq,not,0.8734386263918225
2016/05/25 10:10:31,0,0,0,1,fstdecay,acq,acq,not,0.6877687789754564