2016/05/18 14:27:05,1,1,0,0,nodecay,acq,acq,not,0.98
2016/05/18 14:27:32,1,0,0,1,slwdecay,acq,not,not,0.9680525297165936
2016/05/18 14:27:51,1,0,0,1,slwdecay,acq,not,not,0.9464207582618517
2016/05/18 14:28:12,1,1,1,1,nodecay,acq,acq,acq,1.0
2016/05/18 14:28:35,1,0,0,1,slwdecay,acq,not,not,0.9903482689538537
2016/05/18 14:29:00,1,0,0,1,slwdecay,acq,not,not,0.9682182845191446
2016/05/18 14:29:20,1,0,0,1,slwdecay,acq,not,not,0.9362702244261327
2016/05/18 14:29:42,1,0,1,1,nodecay,acq,not,acq,0.87
2016/05/18 14:30:03,1,0,1,1,nodecay,acq,not,acq,0.87
2016/05/18 14:30:25,1,0,1,1,nodecay,acq,not,acq,0.87
2016/05/18 14:30:46,1,0,0,1,slwdecay,acq,acq,not,0.8598354374105261
2016/05/18 14:31:09,1,1,0,0,nodecay,acq,acq,not,0.98
2016/05/18 14:31:31,1,0,0,1,slwdecay,acq,not,not,0.9705413035747766
2016/05/18 14:31:53,1,1,0,0,nodecay,acq,acq,not,0.98
2016/05/18 14:32:16,1,1,0,0,nodecay,acq,acq,not,0.98
2016/05/18 14:32:38,1,0,0,0,avgdecay,acq,not,not,0.9681843464951295
2016/05/18 14:32:59,1,0,0,1,slwdecay,acq,not,not,0.9490067301482379
2016/05/18 14:33:18,1,0,0,0,avgdecay,acq,not,not,0.9135061812707574
2016/05/18 14:33:38,1,1,0,0,nodecay,acq,acq,not,0.98
2016/05/18 14:34:02,1,0,0,1,slwdecay,acq,acq,not,0.9680525297165936
2016/05/18 14:34:25,1,0,1,1,nodecay,acq,not,acq,0.87
2016/05/18 14:34:45,1,0,1,1,nodecay,acq,not,acq,0.87
2016/05/18 14:35:06,1,0,1,1,nodecay,acq,not,acq,0.87
2016/05/18 14:35:26,1,1,1,1,nodecay,acq,acq,acq,1.0
2016/05/18 14:35:49,1,0,1,1,nodecay,acq,not,acq,0.87
2016/05/18 14:36:10,1,1,0,0,nodecay,acq,acq,not,0.98
2016/05/18 14:36:33,1,0,1,1,nodecay,acq,not,acq,0.87
2016/05/18 14:36:53,1,0,1,1,nodecay,acq,acq,acq,0.87
2016/05/18 14:37:17,1,0,1,1,nodecay,acq,not,acq,0.87
2016/05/18 14:37:37,1,0,1,1,nodecay,acq,not,acq,0.87
2016/05/18 14:37:57,1,0,1,1,nodecay,acq,not,acq,0.87
2016/05/18 14:38:18,1,0,1,1,nodecay,acq,not,acq,0.87
2016/05/18 14:38:38,1,0,0,1,slwdecay,acq,not,not,0.8611610915550193
2016/05/18 14:38:59,1,1,0,0,nodecay,acq,acq,not,0.98
2016/05/18 14:39:22,1,0,0,1,slwdecay,acq,acq,not,0.9685502628302477
2016/05/18 14:39:45,1,0,0,1,slwdecay,acq,acq,not,0.9459243247038824
2016/05/18 14:40:07,1,0,0,1,slwdecay,acq,not,not,0.9147118929079987
2016/05/18 14:40:28,1,0,0,1,slwdecay,acq,not,acq,0.8743396396450375
2016/05/18 14:40:49,1,0,0,1,slwdecay,acq,acq,not,0.8247085790513196
2016/05/18 14:41:13,1,0,1,1,nodecay,acq,not,acq,0.87
2016/05/18 14:41:33,1,0,0,1,slwdecay,acq,not,acq,0.8611610915550193
2016/05/18 14:41:55,1,0,1,1,nodecay,acq,not,acq,0.87
2016/05/18 14:42:15,1,0,0,1,slwdecay,acq,not,not,0.8611610915550193
2016/05/18 14:42:35,1,0,0,1,slwdecay,acq,not,acq,0.8436662333167141
2016/05/18 14:42:55,1,0,0,1,slwdecay,acq,not,not,0.817966380435583
2016/05/18 14:43:16,1,0,1,1,nodecay,acq,not,acq,0.87
2016/05/18 14:43:36,1,0,0,1,slwdecay,acq,not,not,0.8616029939898527
2016/05/18 14:43:55,1,0,1,1,nodecay,acq,not,acq,0.87
2016/05/18 14:44:16,1,0,0,1,slwdecay,acq,not,acq,0.860719197603406
2016/05/18 14:44:36,1,0,1,1,nodecay,acq,not,acq,0.87
2016/05/18 14:45:00,1,0,0,1,slwdecay,acq,not,acq,0.859393572299425
2016/05/18 14:45:20,1,0,0,1,slwdecay,acq,not,not,0.840189856824297
2016/05/18 14:45:40,1,0,1,1,nodecay,acq,not,acq,0.87
2016/05/18 14:46:00,1,0,1,1,nodecay,acq,not,acq,0.87
2016/05/18 14:46:20,1,0,1,1,nodecay,acq,not,acq,0.87
2016/05/18 14:46:40,1,0,0,1,slwdecay,acq,not,not,0.8616029939898527
2016/05/18 14:47:01,1,0,1,1,nodecay,acq,not,acq,0.87
2016/05/18 14:47:26,1,0,1,1,nodecay,acq,not,acq,0.87
2016/05/18 14:47:46,1,0,1,1,nodecay,acq,not,acq,0.87
2016/05/18 14:48:06,1,0,1,1,nodecay,acq,not,acq,0.87
2016/05/18 14:48:28,1,0,0,1,slwdecay,acq,not,acq,0.8602773127002018
2016/05/18 14:48:48,1,0,1,1,nodecay,acq,not,acq,0.87
2016/05/18 14:49:09,1,0,0,1,slwdecay,acq,not,not,0.8611610915550193
2016/05/18 14:49:29,1,0,1,1,nodecay,acq,not,acq,0.87
2016/05/18 14:49:49,1,0,1,1,nodecay,acq,not,acq,0.87
2016/05/18 14:50:10,1,0,0,1,slwdecay,acq,not,not,0.8611610915550193
2016/05/18 14:50:31,1,0,0,0,avgdecay,acq,acq,not,0.835489441576986
2016/05/18 14:50:57,1,0,0,1,slwdecay,acq,acq,not,0.8058041449336792
2016/05/18 14:51:20,1,0,0,1,slwdecay,acq,acq,not,0.7677939146575449
2016/05/18 14:51:42,1,0,0,1,slwdecay,acq,not,not,0.723823643696317
2016/05/18 14:52:02,1,0,0,1,slwdecay,acq,acq,not,0.6743548428456259
2016/05/18 14:52:25,1,0,0,1,slwdecay,acq,acq,not,0.6204876218821334
2016/05/18 14:52:47,1,0,0,1,slwdecay,acq,not,not,0.5647246397306053
2016/05/18 14:53:07,1,0,0,1,slwdecay,acq,not,not,0.5083559293093027
2016/05/18 14:53:27,1,0,0,1,slwdecay,acq,not,not,0.4528326190883748
2016/05/18 14:53:46,1,0,0,1,slwdecay,acq,not,not,0.39913601162848894
2016/05/18 14:54:06,1,0,1,1,nodecay,acq,not,acq,0.87
2016/05/18 14:54:27,1,0,0,1,slwdecay,acq,not,not,0.8611610915550193
2016/05/18 14:54:47,1,1,1,1,nodecay,acq,acq,acq,1.0
2016/05/18 14:55:10,1,0,0,1,slwdecay,acq,not,not,0.9903482689538537
2016/05/18 14:55:30,1,0,1,1,nodecay,acq,not,acq,0.87
2016/05/18 14:55:50,1,0,1,1,nodecay,acq,not,acq,0.87
2016/05/18 14:56:12,1,0,0,1,slwdecay,acq,not,not,0.860719197603406
2016/05/18 14:56:31,1,0,0,1,slwdecay,acq,not,acq,0.84279642178339
2016/05/18 14:56:52,1,0,1,1,nodecay,acq,not,acq,0.87
2016/05/18 14:57:14,1,0,1,1,nodecay,acq,not,acq,0.87
2016/05/18 14:57:35,1,0,0,1,slwdecay,acq,not,not,0.8611610915550193
2016/05/18 14:57:56,1,0,1,1,nodecay,acq,not,acq,0.87
2016/05/18 14:58:16,1,0,1,1,nodecay,acq,not,acq,0.87
2016/05/18 14:58:36,1,0,0,1,slwdecay,acq,not,not,0.8611610915550193
2016/05/18 14:58:56,1,0,1,1,nodecay,acq,not,acq,0.87
2016/05/18 14:59:16,1,0,0,1,slwdecay,acq,not,not,0.8611610915550193
2016/05/18 14:59:36,1,0,1,1,nodecay,acq,not,acq,0.87
2016/05/18 14:59:58,1,0,1,1,nodecay,acq,not,acq,0.87
2016/05/18 15:00:18,1,0,1,1,nodecay,acq,not,acq,0.87
2016/05/18 15:00:40,1,1,0,0,nodecay,acq,acq,not,0.98
2016/05/18 15:01:03,1,0,0,1,slwdecay,acq,not,not,0.9705413035747766
2016/05/18 15:01:23,1,1,1,1,nodecay,acq,acq,acq,1.0
2016/05/18 15:01:46,1,0,0,1,slwdecay,acq,not,not,0.9898403351207119
2016/05/18 15:02:06,1,0,1,1,nodecay,acq,not,acq,0.87
2016/05/18 15:02:26,1,0,0,1,slwdecay,acq,not,acq,0.8611610915550193
2016/05/18 15:02:46,1,0,1,1,nodecay,acq,not,acq,0.87
2016/05/18 15:03:06,1,0,0,1,slwdecay,acq,not,acq,0.8611610915550193
2016/05/18 15:03:27,1,1,0,0,nodecay,acq,acq,not,0.98
2016/05/18 15:03:49,0,0,0,1,fstdecay,acq,acq,not,0.8421072614078066
2016/05/18 15:04:11,0,0,0,1,fstdecay,acq,acq,not,0.6229420645662901
2016/05/18 15:04:33,0,0,0,1,fstdecay,acq,acq,not,0.39321484181600713
2016/05/18 15:04:55,0,0,0,1,fstdecay,acq,acq,not,0.21302040929350805
