2016/05/05 14:31:24,0,0,1,1,n.d.,n.d,not,not,not,
2016/05/05 14:31:43,0,0,1,1,n.d.,n.d,not,not,not,
2016/05/05 14:32:06,0,0,1,1,n.d.,n.d,not,not,not,
2016/05/05 14:32:26,0,1,0,1,avgdecay,not,acq,acq,0.8
2016/05/05 14:32:49,0,1,0,0,avgdecay,not,acq,not,0.7888318960216838
2016/05/05 14:33:13,0,0,0,1,fstdecay,not,not,acq,0.5835320420845066
2016/05/05 14:33:33,0,0,0,1,fstdecay,not,not,acq,0.3763154260557388
2016/05/05 14:33:52,0,0,0,1,fstdecay,not,not,acq,0.2109101711821254
2016/05/05 14:34:32,1,0,0,1,slwdecay,acq,not,not,0.8
2016/05/05 14:34:53,1,1,0,0,nodecay,acq,acq,not,0.98
2016/05/05 14:35:16,1,0,0,1,slwdecay,acq,not,acq,0.9700435284182976
2016/05/05 14:35:39,
2016/05/05 14:36:02,1,0,0,1,slwdecay,acq,not,not,0.9375436086528492
2016/05/05 14:36:24,
2016/05/05 14:36:47,1,0,0,1,slwdecay,acq,not,acq,0.8847976765094583
2016/05/05 14:37:07,1,0,0,1,slwdecay,acq,not,acq,0.8261065697013213
2016/05/05 14:37:28,1,0,0,1,slwdecay,acq,not,acq,0.7621858099794782
2016/05/05 14:37:49,
2016/05/05 14:38:14,1,0,0,1,slwdecay,acq,acq,not,0.6857291300277297
2016/05/05 14:38:36,1,0,0,0,avgdecay,acq,acq,not,0.5901490230055094
2016/05/05 14:39:01,1,0,0,1,slwdecay,acq,not,acq,0.5175638466215795
2016/05/05 14:39:21,1,0,0,1,slwdecay,acq,not,not,0.4488501242046486
2016/05/05 14:39:41,1,0,0,1,slwdecay,acq,not,acq,0.3849021125699406
2016/05/05 14:40:01,1,0,0,1,slwdecay,acq,not,acq,0.32635399393133097
2016/05/05 14:40:21,1,0,0,1,slwdecay,acq,not,acq,0.27358812419380996
2016/05/05 14:41:17,1,0,0,1,slwdecay,acq,not,acq,0.8
2016/05/05 14:41:39,1,0,0,1,slwdecay,acq,not,acq,0.7914659288307181
2016/05/05 14:41:59,1,0,0,1,slwdecay,acq,not,acq,0.7745834915409744
2016/05/05 14:42:19,1,0,0,1,slwdecay,acq,not,acq,0.7502026409351377
2016/05/05 14:42:40,1,0,0,1,slwdecay,acq,not,acq,0.7186094617610626
2016/05/05 14:43:00,1,0,0,1,slwdecay,acq,not,acq,0.681081816031395
2016/05/05 14:43:23,1,0,0,1,slwdecay,acq,not,acq,0.6376169820839125
2016/05/05 14:43:46,1,0,0,1,slwdecay,acq,not,acq,0.5895589832288911
2016/05/05 14:44:06,1,0,0,1,slwdecay,acq,not,acq,0.5392229053394815
2016/05/05 14:44:28,1,0,0,1,slwdecay,acq,not,acq,0.48727408504378256
2016/05/05 14:44:48,1,0,0,1,slwdecay,acq,not,acq,0.4354981859937503
2016/05/05 14:45:09,1,0,0,1,nodecay,acq,acq,acq,0.98
2016/05/05 14:45:33,1,0,0,0,avgdecay,acq,acq,not,0.9656973552798381
2016/05/05 14:45:55,1,0,0,0,avgdecay,acq,acq,not,0.9375212037902517
2016/05/05 14:46:18,1,0,0,0,avgdecay,acq,acq,not,0.8965214860604884
2016/05/05 14:46:42,1,0,0,1,slwdecay,acq,not,acq,0.8551385467541932
2016/05/05 14:47:02,1,0,0,1,slwdecay,acq,not,acq,0.8070286995492127
2016/05/05 14:47:22,1,0,0,1,slwdecay,acq,not,acq,0.7534962266913138
2016/05/05 14:47:43,1,0,0,1,slwdecay,acq,not,acq,0.6955712805253859
2016/05/05 14:48:03,1,0,0,1,slwdecay,acq,not,acq,0.6351421644623849
2016/05/05 14:48:25,1,0,0,1,slwdecay,acq,not,acq,0.5733212863318795
2016/05/05 14:48:46,1,0,0,1,slwdecay,acq,not,acq,0.5112687328014154
2016/05/05 14:49:07,
2016/05/05 14:49:30,1,0,0,1,slwdecay,acq,acq,not,0.44438722542078746
2016/05/05 14:49:52,1,0,0,1,slwdecay,acq,not,acq,0.38215077726940305
2016/05/05 14:50:12,1,0,0,1,slwdecay,acq,not,acq,0.32475594172371774
2016/05/05 14:50:32,1,0,0,1,slwdecay,acq,not,acq,0.2728682436264852
2016/05/05 14:51:55,1,0,0,1,slwdecay,acq,not,acq,0.8
2016/05/05 14:52:17,1,0,0,1,slwdecay,acq,not,acq,0.791059597885243
2016/05/05 14:52:38,1,0,0,1,slwdecay,acq,not,acq,0.7737843292232616
2016/05/05 14:52:58,1,0,0,1,slwdecay,acq,not,acq,0.7490363789959409
2016/05/05 14:53:18,1,0,0,1,slwdecay,acq,not,acq,0.7174923144482326
2016/05/05 14:53:40,1,0,0,1,slwdecay,acq,not,acq,0.6792985779288654
2016/05/05 14:54:00,1,0,0,1,slwdecay,acq,not,acq,0.636289453328519
2016/05/05 14:54:21,1,0,0,1,slwdecay,acq,not,acq,0.5892887802430128
2016/05/05 14:54:42,1,0,0,1,slwdecay,acq,not,acq,0.5395644814471501
2016/05/05 14:55:04,1,0,0,1,slwdecay,acq,not,acq,0.4881192030583016
2016/05/05 14:55:24,1,0,0,1,slwdecay,acq,not,not,0.43697801020173727
2016/05/05 14:55:45,1,1,0,0,nodecay,acq,acq,not,0.98
2016/05/05 14:56:07,0,0,0,1,fstdecay,acq,acq,not,0.8479741117892317
2016/05/05 14:56:29,0,0,0,1,fstdecay,acq,acq,not,0.6272820198862296
2016/05/05 14:56:51,0,0,0,1,fstdecay,acq,acq,not,0.39595431783101454
2016/05/05 14:57:13,0,0,0,1,fstdecay,acq,acq,not,0.21450449442943914
