2016/05/17 11:29:17,1,1,0,0,nodecay,acq,acq,not,0.98
2016/05/17 11:29:40,1,1,0,0,nodecay,acq,acq,not,0.98
2016/05/17 11:30:03,1,0,0,1,slwdecay,acq,not,not,0.973459701451177
2016/05/17 11:30:23,1,1,0,0,nodecay,acq,acq,not,0.98
2016/05/17 11:30:46,1,1,1,1,nodecay,acq,acq,acq,1.0
2016/05/17 11:31:11,1,0,0,1,slwdecay,acq,not,not,0.9933262259705887
2016/05/17 11:31:31,1,0,1,1,nodecay,acq,not,acq,0.87
2016/05/17 11:31:52,1,1,1,1,nodecay,acq,acq,acq,1.0
2016/05/17 11:32:14,1,0,0,1,slwdecay,acq,not,acq,0.9936440109633334
2016/05/17 11:32:36,1,0,0,1,slwdecay,acq,not,acq,0.9803824135946748
2016/05/17 11:32:57,1,0,0,1,slwdecay,acq,not,acq,0.9607585993547295
2016/05/17 11:33:17,1,0,0,1,slwdecay,acq,not,not,0.9354280264927546
2016/05/17 11:33:37,1,0,1,1,nodecay,acq,not,acq,0.87
2016/05/17 11:33:58,1,0,0,1,slwdecay,acq,not,acq,0.863917345862357
2016/05/17 11:34:20,1,0,1,1,nodecay,acq,not,acq,0.87
2016/05/17 11:34:41,1,0,1,1,nodecay,acq,not,acq,0.87
2016/05/17 11:35:02,1,0,0,1,slwdecay,acq,not,acq,0.8641938165944122
2016/05/17 11:35:22,1,0,1,1,nodecay,acq,not,acq,0.87
2016/05/17 11:35:42,1,0,1,1,nodecay,acq,not,acq,0.87
2016/05/17 11:36:05,1,0,1,1,nodecay,acq,not,acq,0.87
2016/05/17 11:36:25,1,0,1,1,nodecay,acq,not,acq,0.87
2016/05/17 11:36:46,1,0,1,1,nodecay,acq,not,acq,0.87
2016/05/17 11:37:08,1,0,1,1,nodecay,acq,not,acq,0.87
2016/05/17 11:37:29,1,0,0,1,slwdecay,acq,not,acq,0.8641938165944122
2016/05/17 11:37:51,1,1,0,0,nodecay,acq,acq,not,0.98
2016/05/17 11:38:14,1,0,0,1,slwdecay,acq,not,not,0.9737711307440667
2016/05/17 11:38:33,1,0,0,1,slwdecay,acq,not,acq,0.9613935016896951
2016/05/17 11:38:55,1,1,0,0,nodecay,acq,acq,not,0.98
2016/05/17 11:39:18,1,0,1,1,nodecay,acq,acq,acq,0.87
2016/05/17 11:39:41,1,0,0,1,slwdecay,acq,not,not,0.8644702895381001
2016/05/17 11:40:02,1,0,1,1,nodecay,acq,not,acq,0.87
2016/05/17 11:40:23,1,0,1,1,nodecay,acq,not,acq,0.87
2016/05/17 11:40:43,1,0,1,1,nodecay,acq,not,acq,0.87
2016/05/17 11:41:04,1,1,1,1,nodecay,acq,acq,acq,1.0
2016/05/17 11:41:27,1,0,1,1,nodecay,acq,not,acq,0.87
2016/05/17 11:41:48,1,0,1,1,nodecay,acq,acq,acq,0.87
2016/05/17 11:42:13,1,0,1,1,nodecay,acq,not,acq,0.87
2016/05/17 11:42:35,1,0,0,1,slwdecay,acq,not,not,0.863917345862357
2016/05/17 11:42:55,1,0,1,1,nodecay,acq,not,acq,0.87
2016/05/17 11:43:15,1,0,1,1,nodecay,acq,not,acq,0.87
2016/05/17 11:43:36,
2016/05/17 11:43:59,1,0,0,1,slwdecay,acq,acq,not,0.8572830709397963
2016/05/17 11:44:22,1,0,0,1,slwdecay,acq,not,not,0.8393066521177603
2016/05/17 11:44:43,1,0,1,1,nodecay,acq,not,acq,0.87
2016/05/17 11:45:04,1,0,1,1,nodecay,acq,not,acq,0.87
2016/05/17 11:45:24,1,0,1,1,nodecay,acq,not,acq,0.87
2016/05/17 11:45:45,1,0,1,1,nodecay,acq,not,acq,0.87
2016/05/17 11:46:05,1,0,0,1,slwdecay,acq,not,not,0.8644702895381001
2016/05/17 11:46:25,1,0,1,1,nodecay,acq,not,acq,0.87
2016/05/17 11:46:45,1,0,1,1,nodecay,acq,not,acq,0.87
2016/05/17 11:47:05,1,0,1,1,nodecay,acq,not,acq,0.87
2016/05/17 11:47:27,1,0,1,1,nodecay,acq,not,acq,0.87
2016/05/17 11:47:49,1,0,1,1,nodecay,acq,not,acq,0.87
2016/05/17 11:48:09,1,0,0,1,slwdecay,acq,not,acq,0.8644702895381001
2016/05/17 11:48:31,1,0,0,1,slwdecay,acq,not,acq,0.8529326998273671
2016/05/17 11:48:51,1,0,1,1,nodecay,acq,not,acq,0.87
2016/05/17 11:49:12,1,0,0,1,slwdecay,acq,not,acq,0.863917345862357
2016/05/17 11:49:34,1,0,1,1,nodecay,acq,not,acq,0.87
2016/05/17 11:49:54,1,0,1,1,nodecay,acq,not,acq,0.87
2016/05/17 11:50:14,1,0,1,1,nodecay,acq,not,acq,0.87
2016/05/17 11:50:36,1,0,0,1,slwdecay,acq,not,acq,0.8641938165944122
2016/05/17 11:50:57,
2016/05/17 11:51:19,1,1,0,0,nodecay,acq,acq,not,0.98
2016/05/17 11:51:41,1,0,0,0,avgdecay,acq,acq,not,0.9690480074094225
2016/05/17 11:52:03,0,0,0,1,fstdecay,acq,acq,not,0.767449954869474
2016/05/17 11:52:25,1,0,0,0,avgdecay,acq,acq,not,0.7421265978656076
2016/05/17 11:52:47,1,0,0,0,avgdecay,acq,acq,not,0.708996302192033
2016/05/17 11:53:09,0,0,0,1,fstdecay,acq,acq,not,0.38595097248060284
2016/05/17 11:53:31,1,0,0,0,avgdecay,acq,acq,not,0.3601556877196813
2016/05/17 11:53:53,0,0,0,1,fstdecay,acq,acq,not,0.15607359053118455
