2016/05/06 16:42:16,1,1,0,0,nodecay,acq,acq,not,0.98
2016/05/06 16:42:40,1,0,0,0,avgdecay,acq,acq,not,0.9650756603072714
2016/05/06 16:43:09,1,0,0,1,slwdecay,acq,not,acq,0.9400825565117028
2016/05/06 16:43:30,1,0,0,1,slwdecay,acq,not,not,0.9062047655261531
2016/05/06 16:43:49,1,0,0,1,slwdecay,acq,not,not,0.8643748513590831
2016/05/06 16:44:11,1,0,0,1,nodecay,acq,acq,acq,0.98
2016/05/06 16:44:34,1,1,0,0,nodecay,acq,acq,not,0.98
2016/05/06 16:44:56,1,0,0,1,slwdecay,acq,not,acq,0.9695457628176296
2016/05/06 16:45:16,1,0,0,1,slwdecay,acq,not,acq,0.9493568889054278
2016/05/06 16:45:37,1,0,0,1,slwdecay,acq,not,acq,0.9194748571647594
2016/05/06 16:45:58,
2016/05/06 16:46:21,1,0,0,1,slwdecay,acq,not,acq,0.8700650384251984
2016/05/06 16:46:43,1,0,0,1,slwdecay,acq,not,acq,0.8136641482516007
2016/05/06 16:47:05,1,0,0,1,nodecay,acq,acq,acq,0.98
2016/05/06 16:47:29,1,0,0,1,slwdecay,acq,not,acq,0.9690480074094225
2016/05/06 16:47:50,1,0,0,1,slwdecay,acq,not,acq,0.9478858032984954
2016/05/06 16:48:11,1,0,0,1,slwdecay,acq,not,acq,0.9170890885717105
2016/05/06 16:48:31,1,1,0,0,nodecay,acq,acq,not,0.98
2016/05/06 16:48:54,1,0,0,1,slwdecay,acq,not,acq,0.9695457628176296
2016/05/06 16:49:14,1,0,0,1,slwdecay,acq,not,acq,0.9493568889054278
2016/05/06 16:49:35,1,0,0,1,slwdecay,acq,not,acq,0.9194748571647594
2016/05/06 16:49:55,1,0,0,1,slwdecay,acq,not,acq,0.8812184473543699
2016/05/06 16:50:17,1,0,0,1,slwdecay,acq,not,acq,0.834754041268989
2016/05/06 16:50:38,1,0,0,1,slwdecay,acq,not,acq,0.7819024061587794
2016/05/06 16:50:58,1,0,0,1,slwdecay,acq,not,acq,0.7245380210445816
2016/05/06 16:51:18,1,0,0,1,slwdecay,acq,not,acq,0.6641254866385005
2016/05/06 16:51:56,1,1,0,0,nodecay,acq,acq,not,0.98
2016/05/06 16:52:20,1,1,0,0,nodecay,acq,acq,not,0.98
2016/05/06 16:52:43,1,1,0,0,nodecay,acq,acq,not,0.98
2016/05/06 16:53:06,1,0,0,0,avgdecay,acq,not,not,0.9675625694761107
2016/05/06 16:53:25,1,0,0,1,slwdecay,acq,not,not,0.9479061194162168
2016/05/06 16:53:46,1,0,0,1,slwdecay,acq,not,acq,0.9185503087892508
2016/05/06 16:54:08,1,0,0,1,slwdecay,acq,not,acq,0.8798675277611714
2016/05/06 16:54:29,1,0,0,1,slwdecay,acq,not,acq,0.8334743522279374
2016/05/06 16:54:50,1,0,0,1,slwdecay,acq,not,not,0.7811233115452824
2016/05/06 16:55:10,
2016/05/06 16:55:33,1,0,0,1,slwdecay,acq,not,not,0.7152119786947331
2016/05/06 16:55:55,
2016/05/06 16:56:19,1,0,0,1,slwdecay,acq,not,not,0.6385089993592395
2016/05/06 16:57:29,1,0,0,1,slwdecay,acq,not,not,0.8
2016/05/06 16:57:49,1,0,0,1,slwdecay,acq,not,acq,0.7918722680965695
2016/05/06 16:58:11,
2016/05/06 16:58:35,1,0,0,1,slwdecay,acq,not,acq,0.7653417213492647
2016/05/06 16:58:55,1,0,0,1,slwdecay,acq,not,acq,0.7319493058642877
2016/05/06 16:59:17,1,0,0,1,slwdecay,acq,not,acq,0.6922471510842633
2016/05/06 17:00:34,1,0,0,1,slwdecay,acq,not,not,0.8
2016/05/06 17:00:55,1,0,0,1,slwdecay,acq,not,acq,0.791059597885243
2016/05/06 17:01:15,1,0,0,1,slwdecay,acq,not,acq,0.7741858278753606
2016/05/06 17:01:36,1,0,0,1,slwdecay,acq,not,acq,0.7498174941621877
2016/05/06 17:01:57,1,0,0,1,slwdecay,acq,not,acq,0.717861122040389
2016/05/06 17:02:19,
2016/05/06 17:02:42,1,1,0,0,nodecay,acq,acq,not,0.98
2016/05/06 17:03:05,1,1,0,0,nodecay,acq,acq,not,0.98
2016/05/06 17:03:28,1,1,0,0,nodecay,acq,acq,not,0.98
2016/05/06 17:03:52,1,1,0,0,nodecay,acq,acq,not,0.98
2016/05/06 17:04:17,1,0,0,1,slwdecay,acq,not,acq,0.9680525297165936
2016/05/06 17:04:38,1,0,0,1,slwdecay,acq,not,acq,0.9459294760403677
2016/05/06 17:04:59,1,1,0,0,nodecay,acq,acq,not,0.98
2016/05/06 17:05:24,1,0,0,1,slwdecay,acq,not,acq,0.9690480074094225
2016/05/06 17:05:45,1,1,0,0,nodecay,acq,acq,not,0.98
2016/05/06 17:06:09,1,1,0,0,nodecay,acq,acq,not,0.98
2016/05/06 17:06:31,1,0,0,0,avgdecay,acq,not,not,0.9681843464951295
2016/05/06 17:06:51,1,0,0,1,slwdecay,acq,not,not,0.9490067301482379
2016/05/06 17:07:11,1,0,0,1,slwdecay,acq,not,acq,0.9200979835552505
2016/05/06 17:07:32,1,0,0,1,nodecay,acq,acq,acq,0.98
2016/05/06 17:07:56,1,1,0,0,nodecay,acq,acq,not,0.98
2016/05/06 17:08:17,1,0,0,1,slwdecay,acq,not,not,0.9705413035747766
2016/05/06 17:08:36,1,0,0,1,slwdecay,acq,not,acq,0.9513170010582696
2016/05/06 17:08:57,
2016/05/06 17:09:20,1,0,0,1,nodecay,acq,acq,acq,0.98
2016/05/06 17:09:43,1,0,0,1,slwdecay,acq,not,acq,0.9695457628176296
2016/05/06 17:10:04,1,0,0,1,slwdecay,acq,not,acq,0.9488647771376937
2016/05/06 17:10:25,1,0,0,1,slwdecay,acq,not,acq,0.918517227581303
2016/05/06 17:10:46,1,1,0,0,nodecay,acq,acq,not,0.98
2016/05/06 17:11:08,1,0,0,1,slwdecay,acq,not,acq,0.9700435284182976
2016/05/06 17:11:29,1,1,0,0,nodecay,acq,acq,not,0.98
2016/05/06 17:11:51,0,0,0,1,fstdecay,acq,acq,not,0.8479741117892317
2016/05/06 17:12:13,0,0,0,1,fstdecay,acq,acq,not,0.6318385765474925
