2016/05/11 16:28:28,1,1,0,0,nodecay,acq,acq,not,0.98
2016/05/11 16:28:51,1,0,0,1,slwdecay,acq,not,not,0.9700435284182976
2016/05/11 16:29:10,1,0,1,1,nodecay,acq,not,acq,0.87
2016/05/11 16:29:32,1,1,0,0,nodecay,acq,acq,not,0.98
2016/05/11 16:29:56,1,0,1,1,nodecay,acq,not,acq,0.87
2016/05/11 16:30:17,1,0,0,1,slwdecay,acq,not,not,0.8611610915550193
2016/05/11 16:30:36,1,0,0,1,slwdecay,acq,not,not,0.8436662333167141
2016/05/11 16:30:57,1,0,0,1,slwdecay,acq,not,acq,0.8171109289236875
2016/05/11 16:31:20,1,0,0,1,slwdecay,acq,not,acq,0.7822865868500871
2016/05/11 16:31:40,1,0,1,1,nodecay,acq,not,acq,0.87
2016/05/11 16:32:01,1,0,1,1,nodecay,acq,not,acq,0.87
2016/05/11 16:32:24,1,0,1,1,nodecay,acq,not,acq,0.87
2016/05/11 16:32:45,1,0,0,1,slwdecay,acq,acq,not,0.859393572299425
2016/05/11 16:33:08,1,0,1,1,nodecay,acq,not,acq,0.87
2016/05/11 16:33:29,1,0,0,1,slwdecay,acq,not,acq,0.860719197603406
2016/05/11 16:33:51,1,0,0,1,slwdecay,acq,not,acq,0.8419226929900064
2016/05/11 16:34:13,1,0,0,1,slwdecay,acq,not,acq,0.8141419774020193
2016/05/11 16:34:34,1,0,0,1,slwdecay,acq,not,not,0.7790322489770568
2016/05/11 16:34:54,1,0,0,1,slwdecay,acq,not,acq,0.7371693944201415
2016/05/11 16:35:16,1,0,0,1,slwdecay,acq,not,acq,0.6893833000273805
2016/05/11 16:35:39,1,0,0,1,slwdecay,acq,not,acq,0.6367324916064632
2016/05/11 16:36:00,1,0,0,1,slwdecay,acq,not,acq,0.5814151104642921
2016/05/11 16:36:20,1,0,0,1,slwdecay,acq,not,acq,0.5251125580150754
2016/05/11 16:36:41,1,0,1,1,nodecay,acq,not,acq,0.87
2016/05/11 16:37:01,1,0,0,1,slwdecay,acq,not,not,0.8611610915550193
2016/05/11 16:37:21,1,0,0,0,avgdecay,acq,not,not,0.8398550557007715
2016/05/11 16:37:40,1,0,0,0,avgdecay,acq,not,not,0.8089691154091476
2016/05/11 16:38:00,1,0,0,1,slwdecay,acq,not,acq,0.7765388886313928
2016/05/11 16:38:20,1,0,0,1,slwdecay,acq,not,not,0.7375546984396655
2016/05/11 16:38:42,
2016/05/11 16:39:05,1,0,0,1,slwdecay,acq,not,not,0.6838139597629549
2016/05/11 16:39:26,1,0,1,1,nodecay,acq,not,acq,0.87
2016/05/11 16:39:46,1,0,1,1,nodecay,acq,not,acq,0.87
2016/05/11 16:40:07,1,0,0,1,slwdecay,acq,not,acq,0.860719197603406
2016/05/11 16:40:28,1,0,0,1,slwdecay,acq,not,acq,0.8423595470508097
2016/05/11 16:40:49,1,0,0,1,slwdecay,acq,not,acq,0.8154183550976875
2016/05/11 16:41:13,1,0,0,1,slwdecay,acq,not,acq,0.7794285788604803
2016/05/11 16:41:34,1,0,1,1,nodecay,acq,not,acq,0.87
2016/05/11 16:41:55,1,0,1,1,nodecay,acq,not,acq,0.87
2016/05/11 16:42:15,1,0,1,1,nodecay,acq,not,acq,0.87
2016/05/11 16:42:36,1,0,1,1,nodecay,acq,not,acq,0.87
2016/05/11 16:42:57,1,0,0,1,slwdecay,acq,not,acq,0.860719197603406
2016/05/11 16:43:17,1,0,1,1,nodecay,acq,not,acq,0.87
2016/05/11 16:43:39,1,0,0,1,slwdecay,acq,not,acq,0.8602773127002018
2016/05/11 16:43:59,1,0,0,1,slwdecay,acq,not,acq,0.8419270878144547
2016/05/11 16:44:21,1,0,0,1,slwdecay,acq,not,not,0.8145729611317392
2016/05/11 16:44:45,
2016/05/11 16:45:10,1,0,0,1,slwdecay,acq,not,acq,0.7679237325628626
2016/05/11 16:45:30,1,0,0,1,slwdecay,acq,not,not,0.7162129594082445
2016/05/11 16:45:51,1,0,1,1,nodecay,acq,not,acq,0.87
2016/05/11 16:46:12,1,0,0,1,slwdecay,acq,not,acq,0.860719197603406
2016/05/11 16:46:32,1,0,0,1,slwdecay,acq,not,not,0.8432333166309289
2016/05/11 16:46:51,1,0,1,1,nodecay,acq,not,acq,0.87
2016/05/11 16:47:12,1,0,0,1,slwdecay,acq,not,not,0.8611610915550193
2016/05/11 16:47:36,1,0,1,1,nodecay,acq,not,acq,0.87
2016/05/11 16:47:57,1,0,0,1,slwdecay,acq,not,not,0.8616029939898527
2016/05/11 16:48:17,1,0,0,1,slwdecay,acq,not,not,0.8440991583133789
2016/05/11 16:48:38,1,0,1,1,nodecay,acq,not,acq,0.87
2016/05/11 16:48:59,1,0,0,1,slwdecay,acq,not,not,0.860719197603406
2016/05/11 16:49:19,1,0,0,1,slwdecay,acq,not,not,0.84279642178339
2016/05/11 16:49:38,1,0,0,1,slwdecay,acq,not,not,0.8171230651961225
2016/05/11 16:49:59,1,0,0,1,slwdecay,acq,not,not,0.783538737661347
2016/05/11 16:50:21,1,0,0,1,slwdecay,acq,not,acq,0.742620317118475
2016/05/11 16:50:41,1,0,0,1,slwdecay,acq,not,acq,0.6963497672499231
2016/05/11 16:51:03,1,0,0,1,slwdecay,acq,not,acq,0.6452619640815634
2016/05/11 16:51:23,1,0,0,1,slwdecay,acq,not,not,0.5914595279446552
2016/05/11 16:51:44,1,0,0,1,slwdecay,acq,not,acq,0.5359488428618833
2016/05/11 16:52:06,1,0,1,1,nodecay,acq,not,acq,0.87
2016/05/11 16:52:26,1,0,0,1,slwdecay,acq,not,not,0.8616029939898527
2016/05/11 16:52:46,1,0,1,1,nodecay,acq,not,acq,0.87
2016/05/11 16:53:06,1,0,0,1,slwdecay,acq,not,not,0.8611610915550193
2016/05/11 16:53:28,1,0,1,1,nodecay,acq,not,acq,0.87
2016/05/11 16:53:48,1,0,0,1,slwdecay,acq,not,not,0.8616029939898527
2016/05/11 16:54:07,1,0,1,1,nodecay,acq,not,acq,0.87
2016/05/11 16:54:32,1,0,1,1,nodecay,acq,not,acq,0.87
2016/05/11 16:54:53,1,0,1,1,nodecay,acq,not,acq,0.87
2016/05/11 16:55:15,1,1,0,0,nodecay,acq,acq,not,0.98
2016/05/11 16:55:36,0,0,0,1,fstdecay,acq,acq,not,0.8479741117892317
2016/05/11 16:55:58,0,0,0,1,fstdecay,acq,acq,not,0.6272820198862296
2016/05/11 16:56:20,0,0,0,1,fstdecay,acq,acq,not,0.39595431783101454
2016/05/11 16:56:42,0,0,0,1,fstdecay,acq,acq,not,0.21450449442943914
