2016/05/17 16:18:15,1,1,0,0,nodecay,acq,acq,not,0.98
2016/05/17 16:18:40,1,0,0,0,avgdecay,acq,acq,not,0.9685502628302477
2016/05/17 16:19:03,1,0,0,1,slwdecay,acq,not,not,0.9550081810886206
2016/05/17 16:19:24,1,0,0,1,slwdecay,acq,acq,not,0.9343761305428933
2016/05/17 16:19:47,1,0,1,1,nodecay,acq,not,acq,0.87
2016/05/17 16:20:08,1,0,1,1,nodecay,acq,not,acq,0.87
2016/05/17 16:20:30,1,0,1,1,nodecay,acq,not,acq,0.87
2016/05/17 16:20:53,1,0,1,1,nodecay,acq,not,acq,0.87
2016/05/17 16:21:16,1,1,0,0,nodecay,acq,acq,not,0.98
2016/05/17 16:21:39,1,0,1,1,nodecay,acq,not,acq,0.87
2016/05/17 16:21:59,1,0,0,1,slwdecay,acq,not,acq,0.8644702895381001
2016/05/17 16:22:20,1,0,1,1,nodecay,acq,not,acq,0.87
2016/05/17 16:22:42,1,0,1,1,nodecay,acq,not,acq,0.87
2016/05/17 16:23:02,1,0,0,1,slwdecay,acq,not,acq,0.8644702895381001
2016/05/17 16:23:26,1,0,1,1,nodecay,acq,acq,acq,0.87
2016/05/17 16:23:49,1,1,1,1,nodecay,acq,acq,acq,1.0
2016/05/17 16:24:12,1,0,1,1,nodecay,acq,not,acq,0.87
2016/05/17 16:24:34,1,0,1,1,nodecay,acq,not,acq,0.87
2016/05/17 16:24:55,1,1,1,1,nodecay,acq,acq,acq,1.0
2016/05/17 16:25:19,1,0,1,1,nodecay,acq,not,acq,0.87
2016/05/17 16:25:39,1,0,1,1,nodecay,acq,not,acq,0.87
2016/05/17 16:25:59,1,0,0,1,slwdecay,acq,not,acq,0.8644702895381001
2016/05/17 16:26:20,1,0,1,1,nodecay,acq,not,acq,0.87
2016/05/17 16:26:42,1,0,1,1,nodecay,acq,not,acq,0.87
2016/05/17 16:27:03,1,0,1,1,nodecay,acq,acq,acq,0.87
2016/05/17 16:27:28,1,0,1,1,nodecay,acq,not,acq,0.87
2016/05/17 16:27:50,1,1,0,0,nodecay,acq,acq,not,0.98
2016/05/17 16:28:12,1,1,0,0,nodecay,acq,acq,not,0.98
2016/05/17 16:28:35,1,0,0,1,slwdecay,acq,not,not,0.9740825623725534
2016/05/17 16:28:55,1,0,0,1,slwdecay,acq,not,not,0.9620104500270575
2016/05/17 16:29:16,1,0,0,1,slwdecay,acq,acq,not,0.942754378002063
2016/05/17 16:29:39,1,0,0,1,nodecay,acq,acq,acq,0.98
2016/05/17 16:30:03,1,0,0,1,slwdecay,acq,acq,not,0.972836850494851
2016/05/17 16:30:24,1,0,0,1,slwdecay,acq,not,not,0.9595438915117435
2016/05/17 16:30:45,1,0,1,1,nodecay,acq,not,acq,0.87
2016/05/17 16:31:06,1,0,1,1,nodecay,acq,not,acq,0.87
2016/05/17 16:31:28,1,0,1,1,nodecay,acq,not,acq,0.87
2016/05/17 16:31:49,1,1,0,0,nodecay,acq,acq,not,0.98
2016/05/17 16:32:11,1,0,0,1,slwdecay,acq,not,acq,0.973459701451177
2016/05/17 16:32:31,1,0,1,1,nodecay,acq,not,acq,0.87
2016/05/17 16:32:54,1,1,0,0,nodecay,acq,acq,not,0.98
2016/05/17 16:33:16,1,1,0,0,nodecay,acq,acq,not,0.98
2016/05/17 16:33:39,1,0,1,1,nodecay,acq,not,acq,0.87
2016/05/17 16:33:59,1,0,1,1,nodecay,acq,not,acq,0.87
2016/05/17 16:34:20,1,0,1,1,nodecay,acq,not,acq,0.87
2016/05/17 16:34:42,1,0,0,1,slwdecay,acq,not,acq,0.863917345862357
2016/05/17 16:35:03,1,1,1,1,nodecay,acq,acq,acq,1.0
2016/05/17 16:35:27,1,1,0,0,nodecay,acq,acq,not,0.98
2016/05/17 16:35:51,1,0,1,1,nodecay,acq,not,acq,0.87
2016/05/17 16:36:12,1,1,0,0,nodecay,acq,acq,not,0.98
2016/05/17 16:36:35,
2016/05/17 16:36:58,1,0,1,1,nodecay,acq,not,acq,0.87
2016/05/17 16:37:18,1,0,1,1,nodecay,acq,not,acq,0.87
2016/05/17 16:37:40,1,0,0,1,slwdecay,acq,not,acq,0.863917345862357
2016/05/17 16:38:00,1,0,0,1,slwdecay,acq,not,acq,0.85238713597409
2016/05/17 16:38:21,1,0,1,1,nodecay,acq,not,acq,0.87
2016/05/17 16:38:42,1,1,1,1,nodecay,acq,acq,acq,1.0
2016/05/17 16:39:04,1,0,0,1,slwdecay,acq,not,not,0.9936440109633334
2016/05/17 16:39:26,1,0,1,1,nodecay,acq,not,acq,0.87
2016/05/17 16:39:46,1,0,0,1,slwdecay,acq,not,acq,0.8644702895381001
2016/05/17 16:40:06,1,0,1,1,nodecay,acq,not,acq,0.87
2016/05/17 16:40:26,1,0,0,1,slwdecay,acq,not,not,0.8644702895381001
2016/05/17 16:40:46,1,0,1,1,nodecay,acq,not,acq,0.87
2016/05/17 16:41:07,1,0,1,1,nodecay,acq,not,acq,0.87
2016/05/17 16:41:27,1,0,0,1,slwdecay,acq,not,acq,0.8644702895381001
2016/05/17 16:41:48,
2016/05/17 16:42:13,1,0,1,1,nodecay,acq,not,acq,0.87
2016/05/17 16:42:34,1,1,0,0,nodecay,acq,acq,not,0.98
2016/05/17 16:42:56,1,0,0,0,avgdecay,acq,acq,not,0.9690480074094225
2016/05/17 16:43:19,0,0,0,1,fstdecay,acq,acq,not,0.7586782875755524
2016/05/17 16:43:42,1,0,0,0,avgdecay,acq,acq,not,0.732490928986883
2016/05/17 16:44:05,0,0,0,1,fstdecay,acq,acq,not,0.44274809917296887