2016/05/19 09:22:40,1,1,0,0,nodecay,acq,acq,not,0.98
2016/05/19 09:23:04,1,1,0,0,nodecay,acq,acq,not,0.98
2016/05/19 09:23:29,1,1,0,0,nodecay,acq,acq,not,0.98
2016/05/19 09:23:56,
2016/05/19 09:24:21,1,0,0,1,slwdecay,acq,not,not,0.9650525619760979
2016/05/19 09:24:43,1,0,0,1,slwdecay,acq,not,acq,0.9432843752480253
2016/05/19 09:25:04,1,0,0,1,slwdecay,acq,not,acq,0.9157210843311027
2016/05/19 09:25:27,1,1,1,1,nodecay,acq,acq,acq,1.0
2016/05/19 09:25:51,1,0,0,1,slwdecay,acq,acq,not,0.9920551130090063
2016/05/19 09:26:15,1,0,1,1,nodecay,acq,not,acq,0.87
2016/05/19 09:26:38,
2016/05/19 09:27:01,1,1,0,0,nodecay,acq,acq,not,0.98
2016/05/19 09:27:26,1,0,1,1,nodecay,acq,not,acq,0.87
2016/05/19 09:27:47,
2016/05/19 09:28:12,1,0,0,1,slwdecay,acq,not,acq,0.8572830709397963
2016/05/19 09:28:32,1,0,0,1,slwdecay,acq,not,acq,0.8393066521177603
2016/05/19 09:28:53,
2016/05/19 09:29:16,1,1,0,0,nodecay,acq,acq,not,0.98
2016/05/19 09:29:39,1,1,0,0,nodecay,acq,acq,not,0.98
2016/05/19 09:30:01,1,0,0,1,slwdecay,acq,not,acq,0.9737711307440667
2016/05/19 09:30:21,1,0,0,1,slwdecay,acq,not,acq,0.9613935016896951
2016/05/19 09:30:42,1,0,0,1,slwdecay,acq,not,acq,0.9427603523822891
2016/05/19 09:31:04,1,0,0,1,slwdecay,acq,not,acq,0.917904306531188
2016/05/19 09:31:25,1,0,0,1,slwdecay,acq,not,acq,0.887589633510846
2016/05/19 09:31:51,1,0,0,1,slwdecay,acq,acq,not,0.8498413042201493
2016/05/19 09:32:17,1,0,0,1,slwdecay,acq,not,not,0.8080541414686013
2016/05/19 09:32:37,1,0,0,1,slwdecay,acq,acq,not,0.7621986513465955
2016/05/19 09:33:00,1,0,0,1,slwdecay,acq,not,acq,0.7141414724520585
2016/05/19 09:33:22,1,0,0,1,slwdecay,acq,not,acq,0.6639489096489297
2016/05/19 09:33:43,1,0,1,1,nodecay,acq,not,acq,0.87
2016/05/19 09:34:05,1,0,0,1,slwdecay,acq,not,acq,0.863917345862357
2016/05/19 09:34:28,1,0,1,1,nodecay,acq,not,acq,0.87
2016/05/19 09:34:49,1,0,0,1,slwdecay,acq,not,acq,0.863917345862357
2016/05/19 09:35:10,1,0,1,1,nodecay,acq,not,acq,0.87
2016/05/19 09:35:30,1,0,0,1,slwdecay,acq,not,acq,0.8644702895381001
2016/05/19 09:35:51,1,0,0,1,slwdecay,acq,not,acq,0.8532073405396524
2016/05/19 09:36:12,1,0,0,1,slwdecay,acq,not,acq,0.8364000536420455
2016/05/19 09:36:33,1,0,0,1,slwdecay,acq,not,acq,0.8143482161515782
2016/05/19 09:36:54,1,0,0,0,avgdecay,acq,acq,not,0.7709986212132284
2016/05/19 09:37:15,1,0,0,0,avgdecay,acq,not,not,0.72257171992045
2016/05/19 09:37:36,1,0,0,1,slwdecay,acq,not,acq,0.6890983145272287
2016/05/19 09:37:56,1,0,0,1,slwdecay,acq,not,not,0.6530380695359351
2016/05/19 09:38:16,
2016/05/19 09:38:39,1,0,0,1,slwdecay,acq,not,acq,0.6098085124328708
2016/05/19 09:38:59,1,0,0,1,slwdecay,acq,not,acq,0.5656085598652015
2016/05/19 09:39:21,
2016/05/19 09:39:44,1,1,0,0,nodecay,acq,acq,not,0.98
2016/05/19 09:40:05,1,0,0,1,slwdecay,acq,not,acq,0.9740825623725534
2016/05/19 09:40:27,1,0,0,1,slwdecay,acq,not,acq,0.9613915047930716
2016/05/19 09:40:48,1,0,0,1,slwdecay,acq,not,acq,0.9424531036867718
2016/05/19 09:41:09,1,0,0,1,slwdecay,acq,not,not,0.9179042248771331
2016/05/19 09:41:29,1,0,1,1,nodecay,acq,not,acq,0.87
2016/05/19 09:41:51,1,0,0,1,slwdecay,acq,acq,not,0.8633644115858913
2016/05/19 09:42:15,1,0,0,1,slwdecay,acq,not,acq,0.8510187442473189
2016/05/19 09:42:35,1,0,1,1,nodecay,acq,not,acq,0.87
2016/05/19 09:42:56,1,0,1,1,nodecay,acq,acq,acq,0.87
2016/05/19 09:43:19,0,1,1,1,nodecay,acq,acq,acq,0.97
2016/05/19 09:43:42,1,0,0,1,slwdecay,acq,not,acq,0.9635264391914711
2016/05/19 09:44:06,1,0,1,1,nodecay,acq,not,acq,0.87
2016/05/19 09:44:26,1,0,1,1,nodecay,acq,not,acq,0.87
2016/05/19 09:44:48,1,1,0,1,nodecay,acq,acq,acq,0.98
2016/05/19 09:45:12,1,1,0,0,nodecay,acq,acq,not,0.98
2016/05/19 09:45:34,1,1,0,0,nodecay,acq,acq,not,0.98
2016/05/19 09:45:56,1,1,0,0,nodecay,acq,acq,not,0.98
2016/05/19 09:46:19,1,0,0,0,avgdecay,acq,acq,not,0.9685502628302477
2016/05/19 09:46:41,1,0,0,0,avgdecay,acq,acq,not,0.946907369201213
2016/05/19 09:47:03,1,0,0,0,avgdecay,acq,acq,not,0.9151825933300411
2016/05/19 09:47:24,1,0,0,0,avgdecay,acq,acq,not,0.8743266665925604
2016/05/19 09:47:46,1,0,0,0,avgdecay,acq,acq,not,0.8255783196394133
2016/05/19 09:48:09,1,0,0,0,avgdecay,acq,acq,not,0.7704002546363201
2016/05/19 09:48:31,1,0,0,0,avgdecay,acq,acq,not,0.7100180583680319
2016/05/19 09:48:53,1,0,0,0,avgdecay,acq,acq,not,0.6465629606789284
2016/05/19 09:49:15,1,0,0,0,avgdecay,acq,acq,not,0.5820254538383617
2016/05/19 09:49:37,1,0,0,0,avgdecay,acq,acq,not,0.5173068568904917
2016/05/19 09:49:59,1,0,0,0,avgdecay,acq,acq,not,0.4541879272338198
