sep=,
2016/05/18 12:24:33,1,1,0,0,nodecay,acq,acq,not,0.98
2016/05/18 12:24:57,1,1,0,0,nodecay,acq,acq,not,0.98
2016/05/18 12:25:19,1,1,0,0,nodecay,acq,acq,not,0.98
2016/05/18 12:25:42,1,1,1,1,nodecay,acq,acq,acq,1.0
2016/05/18 12:26:07,1,1,0,0,nodecay,acq,acq,not,0.98
2016/05/18 12:26:30,1,1,0,0,nodecay,acq,acq,not,0.98
2016/05/18 12:26:53,1,1,0,0,nodecay,acq,acq,not,0.98
2016/05/18 12:27:15,1,1,0,0,nodecay,acq,acq,not,0.98
2016/05/18 12:27:40,1,0,0,1,slwdecay,acq,not,acq,0.9695457628176296
2016/05/18 12:28:03,1,0,1,1,nodecay,acq,not,acq,0.87
2016/05/18 12:28:25,1,0,0,1,slwdecay,acq,not,acq,0.8602773127002018
2016/05/18 12:28:46,1,1,0,0,nodecay,acq,acq,not,0.98
2016/05/18 12:29:09,1,0,0,1,slwdecay,acq,acq,not,0.9685502628302477
2016/05/18 12:29:33,1,0,0,1,slwdecay,acq,not,not,0.9464158343824554
2016/05/18 12:29:55,1,0,0,1,slwdecay,acq,not,not,0.9142279063618418
2016/05/18 12:30:15,1,0,1,1,nodecay,acq,not,acq,0.87
2016/05/18 12:30:36,
2016/05/18 12:30:59,1,0,0,1,slwdecay,acq,not,not,0.8505592769112074
2016/05/18 12:31:22,1,1,1,1,nodecay,acq,acq,acq,1.0
2016/05/18 12:31:48,1,0,0,1,slwdecay,acq,not,not,0.9883165947247426
2016/05/18 12:32:09,1,1,0,0,nodecay,acq,acq,not,0.98
2016/05/18 12:32:32,1,1,0,0,nodecay,acq,acq,not,0.98
2016/05/18 12:32:54,1,0,1,1,nodecay,acq,not,acq,0.87
2016/05/18 12:33:15,1,0,1,1,nodecay,acq,not,acq,0.87
2016/05/18 12:33:36,1,0,1,1,nodecay,acq,not,acq,0.87
2016/05/18 12:33:58,1,1,0,0,nodecay,acq,acq,not,0.98
2016/05/18 12:34:22,1,1,0,0,nodecay,acq,acq,not,0.98
2016/05/18 12:34:44,1,0,0,0,avgdecay,acq,acq,not,0.9663190726265626
2016/05/18 12:35:06,0,0,0,1,fstdecay,acq,acq,not,0.7148267515535206
2016/05/18 12:35:27,1,0,0,0,avgdecay,acq,acq,not,0.6849215076708187
