2016/05/10 10:59:23,1,1,0,0,nodecay,acq,acq,not,0.98
2016/05/10 10:59:45,1,0,0,0,avgdecay,acq,not,not,0.9700435284182976
2016/05/10 11:00:06,1,0,0,1,slwdecay,acq,not,not,0.9577132810097704
2016/05/10 11:00:27,0,0,0,1,fstdecay,acq,not,not,0.6795684111054456
2016/05/10 11:00:48,1,0,0,1,slwdecay,acq,not,acq,0.661435830600319
2016/05/10 11:01:13,1,0,0,1,slwdecay,acq,not,not,0.6389622432304836
2016/05/10 11:01:34,1,0,0,1,slwdecay,acq,not,not,0.6127990744201729
2016/05/10 11:01:54,1,0,0,1,slwdecay,acq,not,not,0.5840233814724592
2016/05/10 11:02:15,1,0,0,1,slwdecay,acq,acq,not,0.5523553854877289
2016/05/10 11:02:37,0,0,0,0,fstdecay,acq,not,not,0.20290681004704905
2016/05/10 11:03:10,0,0,0,1,n.d.,n.d.,acq,not,not,
2016/05/10 11:03:34,1,0,1,1,nodecay,acq,not,acq,0.87
2016/05/10 11:03:54,1,0,1,1,nodecay,acq,not,acq,0.87
2016/05/10 11:04:15,1,0,1,1,nodecay,acq,not,acq,0.87
2016/05/10 11:04:39,1,0,0,1,slwdecay,acq,not,acq,0.8633644115858913
2016/05/10 11:05:00,1,0,1,1,nodecay,acq,not,acq,0.87
2016/05/10 11:05:23,1,0,1,1,nodecay,acq,not,acq,0.87
2016/05/10 11:05:44,1,0,1,1,nodecay,acq,not,acq,0.87
2016/05/10 11:06:04,1,0,1,1,nodecay,acq,not,acq,0.87
2016/05/10 11:06:25,1,0,0,1,slwdecay,acq,not,not,0.8641938165944122
2016/05/10 11:06:46,0,0,0,1,fstdecay,acq,not,acq,0.6883469994202831
2016/05/10 11:07:07,1,0,1,1,nodecay,acq,not,acq,0.87
2016/05/10 11:07:30,1,0,1,1,nodecay,acq,not,acq,0.87
2016/05/10 11:07:53,1,0,1,1,nodecay,acq,not,acq,0.87
2016/05/10 11:08:15,1,0,1,1,nodecay,acq,not,acq,0.87
2016/05/10 11:08:35,1,0,1,1,nodecay,acq,not,acq,0.87
2016/05/10 11:08:56,1,0,1,1,nodecay,acq,not,acq,0.87
2016/05/10 11:09:17,1,0,0,1,slwdecay,acq,not,acq,0.8641938165944122
2016/05/10 11:09:40,1,0,1,1,nodecay,acq,not,acq,0.87
2016/05/10 11:10:01,1,0,1,1,nodecay,acq,not,acq,0.87
2016/05/10 11:10:26,1,0,1,1,nodecay,acq,not,acq,0.87
2016/05/10 11:10:47,0,0,0,1,fstdecay,acq,not,acq,0.7796464795099574
2016/05/10 11:11:09,0,0,0,1,fstdecay,acq,not,acq,0.61745099410876
2016/05/10 11:11:31,1,0,0,1,slwdecay,acq,not,not,0.6046996771716161
2016/05/10 11:11:53,0,0,0,1,fstdecay,acq,acq,not,0.36756703905488564
2016/05/10 11:13:23,1,0,0,0,avgdecay,acq,acq,not,0.8
2016/05/10 11:13:46,1,1,0,0,nodecay,acq,acq,not,0.98
2016/05/10 11:14:09,0,0,0,1,fstdecay,acq,acq,not,0.8686649908915305
2016/05/10 11:14:33,0,0,0,1,fstdecay,acq,acq,not,0.6722969996833338
2016/05/10 11:14:55,0,0,0,1,fstdecay,acq,acq,not,0.45810850707755857
