2016/05/25 11:30:12,1,1,0,0,nodecay,acq,acq,not,0.98
2016/05/25 11:30:36,0,1,0,0,avgdecay,acq,acq,not,0.9656973552798381
2016/05/25 11:31:00,0,1,0,0,avgdecay,acq,acq,not,0.9362976997683159
2016/05/25 11:31:23,0,1,0,0,avgdecay,acq,acq,not,0.8941681397477074
2016/05/25 11:31:46,0,0,0,1,fstdecay,acq,acq,not,0.45928013634087467
2016/05/25 11:32:41,0,0,0,1,n.d.,n.d.,acq,not,not,
2016/05/25 11:33:03,1,1,0,0,nodecay,acq,acq,not,0.98
2016/05/25 11:33:24,0,0,1,1,avgdecay,acq,not,acq,0.9669408111059146
2016/05/25 11:33:45,0,0,1,1,avgdecay,acq,not,acq,0.941791934211183
2016/05/25 11:34:06,0,0,1,1,avgdecay,acq,not,acq,0.9047738015094146
2016/05/25 11:34:27,0,0,1,1,avgdecay,acq,not,acq,0.8572082703658899
2016/05/25 11:34:49,0,0,0,1,fstdecay,acq,not,acq,0.41539277463834645
2016/05/25 11:35:52,1,1,0,0,nodecay,acq,acq,not,0.98
2016/05/25 11:36:14,0,0,0,1,fstdecay,acq,not,not,0.8597650417071134
2016/05/25 11:36:34,0,0,1,1,avgdecay,acq,not,acq,0.837948587564071
2016/05/25 11:36:57,0,1,1,1,nodecay,acq,acq,acq,0.97
2016/05/25 11:37:22,1,0,0,1,slwdecay,acq,not,acq,0.9586670968830003
2016/05/25 11:37:48,1,0,0,1,slwdecay,acq,not,acq,0.9348127083506546
2016/05/25 11:38:10,0,0,1,1,avgdecay,acq,not,acq,0.8927499668591058
2016/05/25 11:38:30,1,0,1,1,nodecay,acq,not,acq,0.87
2016/05/25 11:38:50,1,0,1,1,nodecay,acq,not,acq,0.87
2016/05/25 11:39:10,0,0,1,1,avgdecay,acq,not,acq,0.8589586075961392
2016/05/25 11:39:35,0,0,1,1,avgdecay,acq,not,acq,0.8344409748043095
2016/05/25 11:39:57,0,0,0,1,fstdecay,acq,not,acq,0.5229820593092972
2016/05/25 11:40:17,1,0,1,1,nodecay,acq,not,acq,0.87
2016/05/25 11:40:39,0,0,1,1,avgdecay,acq,not,acq,0.8578546869235811
2016/05/25 11:41:00,0,0,0,1,fstdecay,acq,not,acq,0.6392007453231233
2016/05/25 11:41:23,1,0,0,1,slwdecay,acq,not,acq,0.6177852393912512
2016/05/25 11:41:45,1,0,1,1,nodecay,acq,not,acq,0.87
2016/05/25 11:42:06,1,1,1,1,nodecay,acq,acq,acq,1.0
2016/05/25 11:42:29,1,0,1,1,nodecay,acq,not,acq,0.87
2016/05/25 11:42:51,1,0,1,1,nodecay,acq,not,acq,0.87
2016/05/25 11:43:12,0,0,0,1,fstdecay,acq,not,not,0.7632608023318251
2016/05/25 11:43:33,0,0,1,1,avgdecay,acq,not,acq,0.7429256577299213
2016/05/25 11:43:56,1,0,1,1,nodecay,acq,not,acq,0.87
2016/05/25 11:44:16,1,1,0,0,nodecay,acq,acq,not,0.98
2016/05/25 11:44:39,1,0,1,1,nodecay,acq,not,acq,0.87
2016/05/25 11:45:04,1,1,1,1,nodecay,acq,acq,acq,1.0
2016/05/25 11:45:28,1,0,1,1,nodecay,acq,not,acq,0.87
2016/05/25 11:45:50,
2016/05/25 11:46:13,0,0,1,1,avgdecay,acq,not,acq,0.8451672078953998
2016/05/25 11:46:36,1,0,0,1,slwdecay,acq,not,acq,0.8159945043885299
2016/05/25 11:46:56,1,0,1,1,nodecay,acq,not,acq,0.87
2016/05/25 11:47:16,1,1,1,1,nodecay,acq,acq,acq,1.0
2016/05/25 11:47:39,0,1,0,0,avgdecay,acq,acq,not,0.9860398700271047
2016/05/25 11:48:02,1,0,0,1,slwdecay,acq,not,not,0.964506595275517
2016/05/25 11:48:24,1,0,1,1,nodecay,acq,not,acq,0.87
2016/05/25 11:48:46,1,1,0,0,nodecay,acq,acq,not,0.98
2016/05/25 11:49:08,1,0,0,1,slwdecay,acq,not,not,0.9705413035747766
2016/05/25 11:49:28,1,0,1,1,nodecay,acq,not,acq,0.87
2016/05/25 11:49:48,1,0,1,1,nodecay,acq,not,acq,0.87
2016/05/25 11:50:09,1,0,0,1,slwdecay,acq,not,acq,0.860719197603406
2016/05/25 11:50:30,1,0,0,1,slwdecay,acq,not,acq,0.8423595470508097
2016/05/25 11:50:51,1,0,1,1,nodecay,acq,not,acq,0.87
2016/05/25 11:51:13,1,0,1,1,nodecay,acq,not,acq,0.87
2016/05/25 11:51:32,1,0,0,1,slwdecay,acq,not,not,0.8616029939898527
2016/05/25 11:51:53,1,0,1,1,nodecay,acq,not,acq,0.87
2016/05/25 11:52:13,1,0,1,1,nodecay,acq,not,acq,0.87
2016/05/25 11:52:34,1,1,1,1,nodecay,acq,acq,acq,1.0
2016/05/25 11:53:00,1,0,1,1,nodecay,acq,not,acq,0.87
2016/05/25 11:53:21,1,0,0,1,slwdecay,acq,not,acq,0.860719197603406
2016/05/25 11:53:42,1,0,0,1,slwdecay,acq,not,acq,0.84279642178339
2016/05/25 11:54:04,1,0,1,1,nodecay,acq,not,acq,0.87
2016/05/25 11:54:26,1,0,1,1,nodecay,acq,not,acq,0.87
2016/05/25 11:54:47,1,0,0,1,slwdecay,acq,not,acq,0.860719197603406
2016/05/25 11:55:09,1,0,0,1,slwdecay,acq,not,acq,0.8423595470508097
2016/05/25 11:55:29,1,1,0,0,nodecay,acq,acq,not,0.98
2016/05/25 11:55:51,0,0,0,1,fstdecay,acq,acq,not,0.8421072614078066
2016/05/25 11:56:13,0,0,0,1,fstdecay,acq,acq,not,0.6184475638928632
2016/05/25 11:56:35,0,0,0,1,fstdecay,acq,acq,not,0.3876091782469805
