2016/05/06 14:54:48,0,1,0,1,n.d.,not,acq,not,
2016/05/06 14:55:10,0,0,1,1,n.d.,n.d,not,not,not,
2016/05/06 14:55:29,0,0,1,1,n.d.,n.d,not,not,not,
2016/05/06 14:55:50,0,0,1,1,avgdecay,not,not,acq,0.7
2016/05/06 14:56:12,0,0,1,1,avgdecay,not,not,acq,0.6906720079327962
2016/05/06 14:56:32,0,0,0,1,fstdecay,not,not,acq,0.5183663827085447
2016/05/06 14:56:52,0,0,1,1,avgdecay,not,not,acq,0.4983193496391289
2016/05/06 14:57:35,1,0,0,1,slwdecay,acq,not,not,0.8
2016/05/06 14:57:57,1,0,1,1,nodecay,acq,not,acq,0.87
2016/05/06 14:58:18,1,0,1,1,nodecay,acq,not,acq,0.87
2016/05/06 14:58:39,1,0,1,1,nodecay,acq,not,acq,0.87
2016/05/06 14:58:59,1,0,1,1,nodecay,acq,not,acq,0.87
2016/05/06 14:59:23,0,0,1,1,avgdecay,acq,not,acq,0.8567508412931899
2016/05/06 14:59:43,1,0,1,1,nodecay,acq,not,acq,0.87
2016/05/06 15:00:03,1,0,1,1,nodecay,acq,not,acq,0.87
2016/05/06 15:00:23,1,0,1,1,nodecay,acq,not,acq,0.87
2016/05/06 15:00:43,1,0,0,1,slwdecay,acq,not,acq,0.8611610915550193
2016/05/06 15:01:04,1,0,1,1,nodecay,acq,not,acq,0.87
2016/05/06 15:01:25,1,0,0,1,slwdecay,acq,not,acq,0.860719197603406
2016/05/06 15:01:45,1,0,0,1,slwdecay,acq,not,acq,0.84279642178339
2016/05/06 15:02:05,1,0,1,1,nodecay,acq,not,acq,0.87
2016/05/06 15:02:27,1,0,1,1,nodecay,acq,not,acq,0.87
2016/05/06 15:02:47,1,0,1,1,nodecay,acq,not,acq,0.87
2016/05/06 15:03:09,
2016/05/06 15:03:34,1,0,0,0,avgdecay,acq,not,not,0.8435137513267678
2016/05/06 15:03:54,1,0,1,1,nodecay,acq,not,acq,0.87
2016/05/06 15:04:15,1,0,0,1,slwdecay,acq,acq,not,0.8602773127002018
2016/05/06 15:04:37,1,1,0,0,nodecay,acq,acq,not,0.98
2016/05/06 15:04:59,1,0,1,1,nodecay,acq,not,acq,0.87
2016/05/06 15:05:21,1,0,1,1,nodecay,acq,not,acq,0.87
2016/05/06 15:05:43,1,0,1,1,nodecay,acq,not,acq,0.87
2016/05/06 15:06:04,1,0,1,1,nodecay,acq,not,acq,0.87
2016/05/06 15:06:26,1,0,1,1,nodecay,acq,not,acq,0.87
2016/05/06 15:06:49,1,0,1,1,nodecay,acq,not,acq,0.87
2016/05/06 15:07:11,0,0,1,1,avgdecay,acq,not,acq,0.8578546869235811
2016/05/06 15:07:32,1,0,1,1,nodecay,acq,not,acq,0.87
2016/05/06 15:07:53,1,0,1,1,nodecay,acq,not,acq,0.87
2016/05/06 15:08:14,1,0,1,1,nodecay,acq,not,acq,0.87
2016/05/06 15:08:35,1,0,0,1,slwdecay,acq,not,acq,0.8611610915550193
2016/05/06 15:08:55,1,0,1,1,nodecay,acq,not,acq,0.87
2016/05/06 15:09:16,1,0,0,1,slwdecay,acq,not,acq,0.860719197603406
2016/05/06 15:09:37,1,0,1,1,nodecay,acq,not,acq,0.87
2016/05/06 15:09:59,1,0,0,1,slwdecay,acq,not,acq,0.8602773127002018
2016/05/06 15:10:19,1,0,1,1,nodecay,acq,not,acq,0.87
2016/05/06 15:10:40,1,0,0,1,slwdecay,acq,not,acq,0.860719197603406
2016/05/06 15:11:01,1,0,0,1,slwdecay,acq,not,not,0.84279642178339
2016/05/06 15:11:21,1,0,0,1,slwdecay,acq,not,not,0.8162684956462659
2016/05/06 15:11:43,1,0,0,1,slwdecay,acq,acq,not,0.7802411971140035
2016/05/06 15:12:09,1,0,1,1,nodecay,acq,not,acq,0.87
2016/05/06 15:12:30,1,0,0,1,slwdecay,acq,not,acq,0.8602773127002018
2016/05/06 15:12:52,1,0,1,1,nodecay,acq,not,acq,0.87
2016/05/06 15:13:12,1,1,0,0,nodecay,acq,acq,not,0.98
2016/05/06 15:13:36,1,0,1,1,nodecay,acq,not,acq,0.87
2016/05/06 15:13:58,1,0,1,1,nodecay,acq,not,acq,0.87
2016/05/06 15:14:19,1,1,0,0,nodecay,acq,acq,not,0.98
2016/05/06 15:14:41,1,0,1,1,nodecay,acq,not,acq,0.87
2016/05/06 15:15:03,1,0,1,1,nodecay,acq,not,acq,0.87
2016/05/06 15:15:24,1,0,0,1,slwdecay,acq,not,not,0.860719197603406
2016/05/06 15:15:45,1,0,1,1,nodecay,acq,not,acq,0.87
2016/05/06 15:16:05,1,0,1,1,nodecay,acq,not,acq,0.87
2016/05/06 15:16:25,1,0,1,1,nodecay,acq,not,acq,0.87
2016/05/06 15:16:46,1,1,0,0,nodecay,acq,acq,not,0.98
2016/05/06 15:17:08,0,0,0,1,fstdecay,acq,acq,not,0.8479741117892317
2016/05/06 15:17:30,0,0,0,1,fstdecay,acq,acq,not,0.6318385765474925
2016/05/06 15:17:52,0,0,0,1,fstdecay,acq,acq,not,0.4016843624355876
