#
# There is insufficient memory for the Java Runtime Environment to continue.
# Native memory allocation (malloc) failed to allocate 463696 bytes for Chunk::new
# Possible reasons:
#   The system is out of physical RAM or swap space
#   In 32 bit mode, the process size limit was hit
# Possible solutions:
#   Reduce memory load on the system
#   Increase physical memory or swap space
#   Check if swap backing store is full
#   Use 64 bit Java on a 64 bit OS
#   Decrease Java heap size (-Xmx/-Xms)
#   Decrease number of Java threads
#   Decrease Java thread stack sizes (-Xss)
#   Set larger code cache with -XX:ReservedCodeCacheSize=
# This output file may be truncated or incomplete.
#
#  Out of Memory Error (allocation.cpp:390), pid=270368, tid=0x0000000000040048
#
# JRE version: Java(TM) SE Runtime Environment (8.0_152-b16) (build 1.8.0_152-b16)
# Java VM: Java HotSpot(TM) 64-Bit Server VM (25.152-b16 mixed mode windows-amd64 compressed oops)
# Failed to write core dump. Minidumps are not enabled by default on client versions of Windows
#

---------------  T H R E A D  ---------------

Current thread (0x00000000171cd000):  JavaThread "C2 CompilerThread1" daemon [_thread_in_native, id=262216, stack(0x0000000018cb0000,0x0000000018db0000)]

Stack: [0x0000000018cb0000,0x0000000018db0000]
[error occurred during error reporting (printing stack bounds), id 0xc0000005]

Native frames: (J=compiled Java code, j=interpreted, Vv=VM code, C=native code)


Current CompileTask:
C2:   6270 1569 % !   4       ippoz.reload.commons.loader.CSVLoader::initialize @ 384 (928 bytes)


---------------  P R O C E S S  ---------------

Java Threads: ( => current thread )
  0x000000001b2f9800 JavaThread "Thread-5" [_thread_blocked, id=281988, stack(0x000000001db20000,0x000000001dc20000)]
  0x000000001ad1c000 JavaThread "Image Fetcher 1" daemon [_thread_blocked, id=282072, stack(0x000000001bf00000,0x000000001c000000)]
  0x0000000019942800 JavaThread "TimerQueue" daemon [_thread_blocked, id=282576, stack(0x000000001be00000,0x000000001bf00000)]
  0x00000000193be000 JavaThread "Image Fetcher 0" daemon [_thread_blocked, id=277088, stack(0x000000001ab30000,0x000000001ac30000)]
  0x000000000248e000 JavaThread "DestroyJavaVM" [_thread_blocked, id=281856, stack(0x0000000002350000,0x0000000002450000)]
  0x0000000019237800 JavaThread "AWT-EventQueue-0" [_thread_blocked, id=281776, stack(0x000000001a830000,0x000000001a930000)]
  0x0000000018c9c000 JavaThread "AWT-Windows" daemon [_thread_in_native, id=266020, stack(0x0000000019ba0000,0x0000000019ca0000)]
  0x0000000018c94800 JavaThread "AWT-Shutdown" [_thread_blocked, id=281220, stack(0x0000000019aa0000,0x0000000019ba0000)]
  0x0000000018c94000 JavaThread "Java2D Disposer" daemon [_thread_blocked, id=280820, stack(0x00000000199a0000,0x0000000019aa0000)]
  0x00000000188b9000 JavaThread "Service Thread" daemon [_thread_blocked, id=239340, stack(0x0000000018eb0000,0x0000000018fb0000)]
  0x00000000171ce000 JavaThread "C1 CompilerThread2" daemon [_thread_blocked, id=280380, stack(0x0000000018db0000,0x0000000018eb0000)]
=>0x00000000171cd000 JavaThread "C2 CompilerThread1" daemon [_thread_in_native, id=262216, stack(0x0000000018cb0000,0x0000000018db0000)]
  0x000000001716b000 JavaThread "C2 CompilerThread0" daemon [_thread_blocked, id=281016, stack(0x00000000187b0000,0x00000000188b0000)]
  0x0000000017179800 JavaThread "Attach Listener" daemon [_thread_blocked, id=247988, stack(0x00000000186b0000,0x00000000187b0000)]
  0x0000000017178000 JavaThread "Signal Dispatcher" daemon [_thread_blocked, id=271036, stack(0x00000000185b0000,0x00000000186b0000)]
  0x00000000025ec000 JavaThread "Finalizer" daemon [_thread_blocked, id=282616, stack(0x00000000183d0000,0x00000000184d0000)]
  0x00000000025e3000 JavaThread "Reference Handler" daemon [_thread_blocked, id=278032, stack(0x00000000182d0000,0x00000000183d0000)]

Other Threads:
  0x0000000017137000 VMThread [stack: 0x00000000181d0000,0x00000000182d0000] [id=266872]
  0x00000000188ba800 WatcherThread [stack: 0x0000000018fb0000,0x00000000190b0000] [id=270700]

VM state:not at safepoint (normal execution)

VM Mutex/Monitor currently owned by a thread: None

Heap:
 PSYoungGen      total 255488K, used 199247K [0x00000000d5b80000, 0x00000000ea400000, 0x0000000100000000)
  eden space 224256K, 75% used [0x00000000d5b80000,0x00000000dffebc10,0x00000000e3680000)
  from space 31232K, 98% used [0x00000000e8580000,0x00000000ea3a8000,0x00000000ea400000)
  to   space 45056K, 0% used [0x00000000e4c00000,0x00000000e4c00000,0x00000000e7800000)
 ParOldGen       total 155136K, used 85917K [0x0000000081200000, 0x000000008a980000, 0x00000000d5b80000)
  object space 155136K, 55% used [0x0000000081200000,0x00000000865e76a0,0x000000008a980000)
 Metaspace       used 16005K, capacity 16260K, committed 16512K, reserved 1062912K
  class space    used 2002K, capacity 2069K, committed 2176K, reserved 1048576K

Card table byte_map: [0x00000000119b0000,0x0000000011db0000] byte_map_base: 0x00000000115a7000

Marking Bits: (ParMarkBitMap*) 0x000000006a660860
 Begin Bits: [0x0000000012460000, 0x0000000014418000)
 End Bits:   [0x0000000014418000, 0x00000000163d0000)

Polling page: 0x0000000000b90000

CodeCache: size=245760Kb used=6281Kb max_used=6281Kb free=239478Kb
 bounds [0x00000000025f0000, 0x0000000002c20000, 0x00000000115f0000]
 total_blobs=2248 nmethods=1709 adapters=451
 compilation: enabled

Compilation events (10 events):
Event: 5.996 Thread 0x00000000171ce000 1712       3       java.awt.geom.Path2D$Float$TxIterator::currentSegment (45 bytes)
Event: 5.996 Thread 0x00000000171ce000 nmethod 1712 0x0000000002c13490 code [0x0000000002c13600, 0x0000000002c13888]
Event: 5.997 Thread 0x00000000171ce000 1713       3       java.awt.Rectangle::translate (197 bytes)
Event: 5.997 Thread 0x00000000171ce000 nmethod 1713 0x0000000002c13a90 code [0x0000000002c13c00, 0x0000000002c14090]
Event: 5.997 Thread 0x00000000171ce000 1714       3       sun.java2d.SunGraphics2D::translate (68 bytes)
Event: 5.997 Thread 0x00000000171ce000 nmethod 1714 0x0000000002c14110 code [0x0000000002c142a0, 0x0000000002c145f8]
Event: 5.999 Thread 0x00000000171ce000 1715       1       sun.util.locale.StringTokenIterator::current (5 bytes)
Event: 5.999 Thread 0x00000000171ce000 nmethod 1715 0x0000000002c146d0 code [0x0000000002c14820, 0x0000000002c14930]
Event: 5.999 Thread 0x00000000171ce000 1716       3       sun.util.locale.LocaleUtils::caseIgnoreMatch (73 bytes)
Event: 6.000 Thread 0x00000000171ce000 nmethod 1716 0x0000000002c14990 code [0x0000000002c14ba0, 0x0000000002c157d8]

GC Heap History (10 events):
Event: 4.544 GC heap before
{Heap before GC invocations=5 (full 0):
 PSYoungGen      total 71680K, used 71668K [0x00000000d5b80000, 0x00000000da680000, 0x0000000100000000)
  eden space 66560K, 100% used [0x00000000d5b80000,0x00000000d9c80000,0x00000000d9c80000)
  from space 5120K, 99% used [0x00000000da180000,0x00000000da67d240,0x00000000da680000)
  to   space 5120K, 0% used [0x00000000d9c80000,0x00000000d9c80000,0x00000000da180000)
 ParOldGen       total 87552K, used 28776K [0x0000000081200000, 0x0000000086780000, 0x00000000d5b80000)
  object space 87552K, 32% used [0x0000000081200000,0x0000000082e1a3e8,0x0000000086780000)
 Metaspace       used 15287K, capacity 15486K, committed 15872K, reserved 1062912K
  class space    used 1919K, capacity 2004K, committed 2048K, reserved 1048576K
Event: 4.575 GC heap after
Heap after GC invocations=5 (full 0):
 PSYoungGen      total 71680K, used 5108K [0x00000000d5b80000, 0x00000000e0c80000, 0x0000000100000000)
  eden space 66560K, 0% used [0x00000000d5b80000,0x00000000d5b80000,0x00000000d9c80000)
  from space 5120K, 99% used [0x00000000d9c80000,0x00000000da17d230,0x00000000da180000)
  to   space 24064K, 0% used [0x00000000df500000,0x00000000df500000,0x00000000e0c80000)
 ParOldGen       total 87552K, used 44328K [0x0000000081200000, 0x0000000086780000, 0x00000000d5b80000)
  object space 87552K, 50% used [0x0000000081200000,0x0000000083d4a3f8,0x0000000086780000)
 Metaspace       used 15287K, capacity 15486K, committed 15872K, reserved 1062912K
  class space    used 1919K, capacity 2004K, committed 2048K, reserved 1048576K
}
Event: 4.638 GC heap before
{Heap before GC invocations=6 (full 0):
 PSYoungGen      total 71680K, used 71668K [0x00000000d5b80000, 0x00000000e0c80000, 0x0000000100000000)
  eden space 66560K, 100% used [0x00000000d5b80000,0x00000000d9c80000,0x00000000d9c80000)
  from space 5120K, 99% used [0x00000000d9c80000,0x00000000da17d230,0x00000000da180000)
  to   space 24064K, 0% used [0x00000000df500000,0x00000000df500000,0x00000000e0c80000)
 ParOldGen       total 87552K, used 44328K [0x0000000081200000, 0x0000000086780000, 0x00000000d5b80000)
  object space 87552K, 50% used [0x0000000081200000,0x0000000083d4a3f8,0x0000000086780000)
 Metaspace       used 15288K, capacity 15486K, committed 15872K, reserved 1062912K
  class space    used 1919K, capacity 2004K, committed 2048K, reserved 1048576K
Event: 4.681 GC heap after
Heap after GC invocations=6 (full 0):
 PSYoungGen      total 155136K, used 20548K [0x00000000d5b80000, 0x00000000e1080000, 0x0000000100000000)
  eden space 131072K, 0% used [0x00000000d5b80000,0x00000000d5b80000,0x00000000ddb80000)
  from space 24064K, 85% used [0x00000000df500000,0x00000000e0911220,0x00000000e0c80000)
  to   space 26112K, 0% used [0x00000000ddb80000,0x00000000ddb80000,0x00000000df500000)
 ParOldGen       total 87552K, used 44328K [0x0000000081200000, 0x0000000086780000, 0x00000000d5b80000)
  object space 87552K, 50% used [0x0000000081200000,0x0000000083d4a3f8,0x0000000086780000)
 Metaspace       used 15288K, capacity 15486K, committed 15872K, reserved 1062912K
  class space    used 1919K, capacity 2004K, committed 2048K, reserved 1048576K
}
Event: 4.848 GC heap before
{Heap before GC invocations=7 (full 0):
 PSYoungGen      total 155136K, used 151620K [0x00000000d5b80000, 0x00000000e1080000, 0x0000000100000000)
  eden space 131072K, 100% used [0x00000000d5b80000,0x00000000ddb80000,0x00000000ddb80000)
  from space 24064K, 85% used [0x00000000df500000,0x00000000e0911220,0x00000000e0c80000)
  to   space 26112K, 0% used [0x00000000ddb80000,0x00000000ddb80000,0x00000000df500000)
 ParOldGen       total 87552K, used 44328K [0x0000000081200000, 0x0000000086780000, 0x00000000d5b80000)
  object space 87552K, 50% used [0x0000000081200000,0x0000000083d4a3f8,0x0000000086780000)
 Metaspace       used 15288K, capacity 15486K, committed 15872K, reserved 1062912K
  class space    used 1919K, capacity 2004K, committed 2048K, reserved 1048576K
Event: 4.954 GC heap after
Heap after GC invocations=7 (full 0):
 PSYoungGen      total 157184K, used 26112K [0x00000000d5b80000, 0x00000000eaf80000, 0x0000000100000000)
  eden space 131072K, 0% used [0x00000000d5b80000,0x00000000d5b80000,0x00000000ddb80000)
  from space 26112K, 100% used [0x00000000ddb80000,0x00000000df500000,0x00000000df500000)
  to   space 43008K, 0% used [0x00000000e8580000,0x00000000e8580000,0x00000000eaf80000)
 ParOldGen       total 87552K, used 69640K [0x0000000081200000, 0x0000000086780000, 0x00000000d5b80000)
  object space 87552K, 79% used [0x0000000081200000,0x00000000856022a8,0x0000000086780000)
 Metaspace       used 15288K, capacity 15486K, committed 15872K, reserved 1062912K
  class space    used 1919K, capacity 2004K, committed 2048K, reserved 1048576K
}
Event: 4.954 GC heap before
{Heap before GC invocations=8 (full 1):
 PSYoungGen      total 157184K, used 26112K [0x00000000d5b80000, 0x00000000eaf80000, 0x0000000100000000)
  eden space 131072K, 0% used [0x00000000d5b80000,0x00000000d5b80000,0x00000000ddb80000)
  from space 26112K, 100% used [0x00000000ddb80000,0x00000000df500000,0x00000000df500000)
  to   space 43008K, 0% used [0x00000000e8580000,0x00000000e8580000,0x00000000eaf80000)
 ParOldGen       total 87552K, used 69640K [0x0000000081200000, 0x0000000086780000, 0x00000000d5b80000)
  object space 87552K, 79% used [0x0000000081200000,0x00000000856022a8,0x0000000086780000)
 Metaspace       used 15288K, capacity 15486K, committed 15872K, reserved 1062912K
  class space    used 1919K, capacity 2004K, committed 2048K, reserved 1048576K
Event: 5.364 GC heap after
Heap after GC invocations=8 (full 1):
 PSYoungGen      total 157184K, used 0K [0x00000000d5b80000, 0x00000000eaf80000, 0x0000000100000000)
  eden space 131072K, 0% used [0x00000000d5b80000,0x00000000d5b80000,0x00000000ddb80000)
  from space 26112K, 0% used [0x00000000ddb80000,0x00000000ddb80000,0x00000000df500000)
  to   space 43008K, 0% used [0x00000000e8580000,0x00000000e8580000,0x00000000eaf80000)
 ParOldGen       total 155136K, used 85917K [0x0000000081200000, 0x000000008a980000, 0x00000000d5b80000)
  object space 155136K, 55% used [0x0000000081200000,0x00000000865e76a0,0x000000008a980000)
 Metaspace       used 15288K, capacity 15486K, committed 15872K, reserved 1062912K
  class space    used 1919K, capacity 2004K, committed 2048K, reserved 1048576K
}
Event: 5.496 GC heap before
{Heap before GC invocations=9 (full 1):
 PSYoungGen      total 157184K, used 131072K [0x00000000d5b80000, 0x00000000eaf80000, 0x0000000100000000)
  eden space 131072K, 100% used [0x00000000d5b80000,0x00000000ddb80000,0x00000000ddb80000)
  from space 26112K, 0% used [0x00000000ddb80000,0x00000000ddb80000,0x00000000df500000)
  to   space 43008K, 0% used [0x00000000e8580000,0x00000000e8580000,0x00000000eaf80000)
 ParOldGen       total 155136K, used 85917K [0x0000000081200000, 0x000000008a980000, 0x00000000d5b80000)
  object space 155136K, 55% used [0x0000000081200000,0x00000000865e76a0,0x000000008a980000)
 Metaspace       used 15288K, capacity 15486K, committed 15872K, reserved 1062912K
  class space    used 1919K, capacity 2004K, committed 2048K, reserved 1048576K
Event: 5.576 GC heap after
Heap after GC invocations=9 (full 1):
 PSYoungGen      total 255488K, used 30880K [0x00000000d5b80000, 0x00000000ea400000, 0x0000000100000000)
  eden space 224256K, 0% used [0x00000000d5b80000,0x00000000d5b80000,0x00000000e3680000)
  from space 31232K, 98% used [0x00000000e8580000,0x00000000ea3a8000,0x00000000ea400000)
  to   space 45056K, 0% used [0x00000000e4c00000,0x00000000e4c00000,0x00000000e7800000)
 ParOldGen       total 155136K, used 85917K [0x0000000081200000, 0x000000008a980000, 0x00000000d5b80000)
  object space 155136K, 55% used [0x0000000081200000,0x00000000865e76a0,0x000000008a980000)
 Metaspace       used 15288K, capacity 15486K, committed 15872K, reserved 1062912K
  class space    used 1919K, capacity 2004K, committed 2048K, reserved 1048576K
}

Deoptimization events (10 events):
Event: 4.419 Thread 0x000000001c715000 Uncommon trap: reason=unstable_if action=reinterpret pc=0x0000000002afdf98 method=ippoz.reload.commons.loader.SimpleLoader.getHeader()Ljava/util/List; @ 4
Event: 4.421 Thread 0x000000001c715000 Uncommon trap: reason=unstable_if action=reinterpret pc=0x0000000002b2a350 method=sun.misc.FloatingDecimal.readJavaFormatString(Ljava/lang/String;)Lsun/misc/FloatingDecimal$ASCIIToBinaryConverter; @ 327
Event: 5.399 Thread 0x000000001c715000 Uncommon trap: reason=unstable_if action=reinterpret pc=0x0000000002b37ab4 method=sun.misc.FloatingDecimal$BinaryToASCIIBuffer.getChars([C)I @ 56
Event: 5.790 Thread 0x000000001c715000 Uncommon trap: reason=unstable_if action=reinterpret pc=0x0000000002ba4fc8 method=ippoz.reload.commons.loader.CSVLoader.initialize()V @ 762
Event: 5.800 Thread 0x000000001c715000 Uncommon trap: reason=unstable_if action=reinterpret pc=0x0000000002b76f04 method=java.io.BufferedReader.ready()Z @ 65
Event: 5.826 Thread 0x000000001c715000 Uncommon trap: reason=unstable_if action=reinterpret pc=0x00000000028eaa50 method=java.lang.ThreadLocal$ThreadLocalMap.getEntry(Ljava/lang/ThreadLocal;)Ljava/lang/ThreadLocal$ThreadLocalMap$Entry; @ 21
Event: 5.830 Thread 0x000000001c715000 Uncommon trap: reason=unstable_if action=reinterpret pc=0x0000000002b3d134 method=java.util.regex.Pattern.compile()V @ 126
Event: 5.830 Thread 0x000000001c715000 Uncommon trap: reason=unstable_if action=reinterpret pc=0x0000000002b37014 method=java.util.regex.Pattern.newSlice([IIZ)Ljava/util/regex/Pattern$Node; @ 10
Event: 5.843 Thread 0x000000001c715000 Uncommon trap: reason=unstable_if action=reinterpret pc=0x0000000002b399bc method=sun.misc.FloatingDecimal$ASCIIToBinaryBuffer.doubleValue()D @ 68
Event: 5.889 Thread 0x000000001c715000 Uncommon trap: reason=unstable_if action=reinterpret pc=0x0000000002babc4c method=sun.misc.FloatingDecimal$BinaryToASCIIBuffer.getChars([C)I @ 150

Classes redefined (0 events):
No events

Internal exceptions (10 events):
Event: 1.593 Thread 0x000000000248e000 Exception <a 'java/lang/ClassNotFoundException': javax/swing/JToolBarSeparator> (0x00000000d5fc0370) thrown at [C:\re\workspace\8-2-build-windows-amd64-cygwin\jdk8u152\9742\hotspot\src\share\vm\classfile\systemDictionary.cpp, line 210]
Event: 1.593 Thread 0x000000000248e000 Exception <a 'java/lang/ClassNotFoundException': ToolBarSeparator> (0x00000000d5fc0808) thrown at [C:\re\workspace\8-2-build-windows-amd64-cygwin\jdk8u152\9742\hotspot\src\share\vm\classfile\systemDictionary.cpp, line 210]
Event: 1.596 Thread 0x000000000248e000 Exception <a 'java/lang/ClassNotFoundException': ToolTip> (0x00000000d5fc0f48) thrown at [C:\re\workspace\8-2-build-windows-amd64-cygwin\jdk8u152\9742\hotspot\src\share\vm\classfile\systemDictionary.cpp, line 210]
Event: 1.598 Thread 0x000000000248e000 Exception <a 'java/lang/ClassNotFoundException': Tree> (0x00000000d5fc1b68) thrown at [C:\re\workspace\8-2-build-windows-amd64-cygwin\jdk8u152\9742\hotspot\src\share\vm\classfile\systemDictionary.cpp, line 210]
Event: 1.599 Thread 0x000000000248e000 Exception <a 'java/lang/ClassNotFoundException': Tree> (0x00000000d5fc22a8) thrown at [C:\re\workspace\8-2-build-windows-amd64-cygwin\jdk8u152\9742\hotspot\src\share\vm\classfile\systemDictionary.cpp, line 210]
Event: 1.599 Thread 0x000000000248e000 Exception <a 'java/lang/ClassNotFoundException': javax/swing/JTreeCell> (0x00000000d5fc2628) thrown at [C:\re\workspace\8-2-build-windows-amd64-cygwin\jdk8u152\9742\hotspot\src\share\vm\classfile\systemDictionary.cpp, line 210]
Event: 1.599 Thread 0x000000000248e000 Exception <a 'java/lang/ClassNotFoundException': TreeCell> (0x00000000d5fc2ab0) thrown at [C:\re\workspace\8-2-build-windows-amd64-cygwin\jdk8u152\9742\hotspot\src\share\vm\classfile\systemDictionary.cpp, line 210]
Event: 1.601 Thread 0x000000000248e000 Exception <a 'java/lang/ClassNotFoundException': RootPane> (0x00000000d5fc3510) thrown at [C:\re\workspace\8-2-build-windows-amd64-cygwin\jdk8u152\9742\hotspot\src\share\vm\classfile\systemDictionary.cpp, line 210]
Event: 1.692 Thread 0x0000000019237800 Exception <a 'sun/nio/fs/WindowsException'> (0x00000000d61b2910) thrown at [C:\re\workspace\8-2-build-windows-amd64-cygwin\jdk8u152\9742\hotspot\src\share\vm\prims\jni.cpp, line 709]
Event: 5.826 Thread 0x000000001c715000 Implicit null exception at 0x00000000028ea9bb to 0x00000000028eaa31

Events (10 events):
Event: 5.993 Executing VM operation: RevokeBias
Event: 5.994 Executing VM operation: RevokeBias done
Event: 5.994 loading class javax/swing/plaf/nimbus/OptionPanePainter
Event: 5.994 loading class javax/swing/plaf/nimbus/OptionPanePainter done
Event: 5.996 loading class java/awt/geom/EllipseIterator
Event: 5.996 loading class java/awt/geom/EllipseIterator done
Event: 5.998 Executing VM operation: RevokeBias
Event: 5.998 Executing VM operation: RevokeBias done
Event: 5.999 Executing VM operation: RevokeBias
Event: 5.999 Executing VM operation: RevokeBias done


Dynamic libraries:
0x00007ff66cdf0000 - 0x00007ff66ce27000 	C:\Program Files\Java\jdk1.8.0_152\bin\javaw.exe
0x00007ffc28540000 - 0x00007ffc286ed000 	C:\Windows\SYSTEM32\ntdll.dll
0x00007ffc27dc0000 - 0x00007ffc27eff000 	C:\Windows\system32\KERNEL32.DLL
0x00007ffc25a40000 - 0x00007ffc25b55000 	C:\Windows\system32\KERNELBASE.dll
0x00007ffc241c0000 - 0x00007ffc2424e000 	C:\Windows\system32\apphelp.dll
0x00007ffc17830000 - 0x00007ffc17885000 	C:\Windows\AppPatch\AppPatch64\AcGenral.DLL
0x00007ffc28120000 - 0x00007ffc281ca000 	C:\Windows\system32\msvcrt.dll
0x00007ffc25b60000 - 0x00007ffc25b8e000 	C:\Windows\system32\SspiCli.dll
0x00007ffc25d60000 - 0x00007ffc25db4000 	C:\Windows\system32\SHLWAPI.dll
0x00007ffc25be0000 - 0x00007ffc25d57000 	C:\Windows\system32\USER32.dll
0x00007ffc27c20000 - 0x00007ffc27db5000 	C:\Windows\system32\ole32.dll
0x00007ffc26000000 - 0x00007ffc2752e000 	C:\Windows\system32\SHELL32.dll
0x00007ffc24d00000 - 0x00007ffc24d21000 	C:\Windows\SYSTEM32\USERENV.dll
0x00007ffc27b70000 - 0x00007ffc27c1a000 	C:\Windows\system32\ADVAPI32.dll
0x00007ffc16c30000 - 0x00007ffc16c4e000 	C:\Windows\SYSTEM32\MPR.dll
0x00007ffc27820000 - 0x00007ffc27960000 	C:\Windows\system32\RPCRT4.dll
0x00007ffc277c0000 - 0x00007ffc27818000 	C:\Windows\SYSTEM32\sechost.dll
0x00007ffc27f00000 - 0x00007ffc28111000 	C:\Windows\SYSTEM32\combase.dll
0x00007ffc275f0000 - 0x00007ffc2773d000 	C:\Windows\system32\GDI32.dll
0x00007ffc25630000 - 0x00007ffc25645000 	C:\Windows\SYSTEM32\profapi.dll
0x00007ffc23b90000 - 0x00007ffc23c42000 	C:\Windows\SYSTEM32\SHCORE.dll
0x00007ffc25b90000 - 0x00007ffc25bc6000 	C:\Windows\system32\IMM32.DLL
0x00007ffc281d0000 - 0x00007ffc28321000 	C:\Windows\system32\MSCTF.dll
0x00007ffc230f0000 - 0x00007ffc2336b000 	C:\Windows\WinSxS\amd64_microsoft.windows.common-controls_6595b64144ccf1df_6.0.9600.19394_none_62486577ecb635cf\COMCTL32.dll
0x000000006a6e0000 - 0x000000006a7b2000 	C:\Program Files\Java\jdk1.8.0_152\jre\bin\msvcr100.dll
0x0000000069e40000 - 0x000000006a6e0000 	C:\Program Files\Java\jdk1.8.0_152\jre\bin\server\jvm.dll
0x00007ffc1b090000 - 0x00007ffc1b099000 	C:\Windows\SYSTEM32\WSOCK32.dll
0x00007ffc1d3a0000 - 0x00007ffc1d3c2000 	C:\Windows\SYSTEM32\WINMM.dll
0x00007ffc1b080000 - 0x00007ffc1b08a000 	C:\Windows\SYSTEM32\VERSION.dll
0x00007ffc27740000 - 0x00007ffc27747000 	C:\Windows\system32\PSAPI.DLL
0x00007ffc27b00000 - 0x00007ffc27b5a000 	C:\Windows\system32\WS2_32.dll
0x00007ffc1d370000 - 0x00007ffc1d39a000 	C:\Windows\SYSTEM32\WINMMBASE.dll
0x00007ffc27b60000 - 0x00007ffc27b69000 	C:\Windows\system32\NSI.dll
0x00007ffc25810000 - 0x00007ffc2585f000 	C:\Windows\SYSTEM32\cfgmgr32.dll
0x00007ffc24410000 - 0x00007ffc24438000 	C:\Windows\SYSTEM32\DEVOBJ.dll
0x0000000069e30000 - 0x0000000069e3f000 	C:\Program Files\Java\jdk1.8.0_152\jre\bin\verify.dll
0x0000000069e00000 - 0x0000000069e29000 	C:\Program Files\Java\jdk1.8.0_152\jre\bin\java.dll
0x0000000069de0000 - 0x0000000069df6000 	C:\Program Files\Java\jdk1.8.0_152\jre\bin\zip.dll
0x00000000699b0000 - 0x0000000069b48000 	C:\Program Files\Java\jdk1.8.0_152\jre\bin\awt.dll
0x00007ffc27960000 - 0x00007ffc27a27000 	C:\Windows\system32\OLEAUT32.dll
0x00007ffc24290000 - 0x00007ffc243b9000 	C:\Windows\system32\uxtheme.dll
0x00007ffc1ec20000 - 0x00007ffc1eccb000 	C:\Program Files\Common Files\microsoft shared\ink\tiptsf.dll
0x00007ffc237e0000 - 0x00007ffc23801000 	C:\Windows\system32\dwmapi.dll
0x00007ffc24460000 - 0x00007ffc2446b000 	C:\Windows\SYSTEM32\kernel.appcore.dll
0x00007ffc25500000 - 0x00007ffc2550b000 	C:\Windows\SYSTEM32\CRYPTBASE.dll
0x00007ffc25490000 - 0x00007ffc254f3000 	C:\Windows\SYSTEM32\bcryptPrimitives.dll
0x00007ffbfc550000 - 0x00007ffbfc77d000 	C:\Program Files\Acer\Acer Power Management\SysHook.dll
0x00007ffc1ddb0000 - 0x00007ffc1ddb7000 	C:\Windows\SYSTEM32\MSIMG32.dll
0x00007ffc27a40000 - 0x00007ffc27af6000 	C:\Windows\system32\COMDLG32.dll
0x00007ffc1d3d0000 - 0x00007ffc1d452000 	C:\Windows\SYSTEM32\WINSPOOL.DRV
0x00007ffc1eff0000 - 0x00007ffc1f1a1000 	C:\Windows\WinSxS\amd64_microsoft.windows.gdiplus_6595b64144ccf1df_1.1.9600.19812_none_932b82e9474fb338\gdiplus.dll
0x00007ffc211e0000 - 0x00007ffc2124a000 	C:\Windows\SYSTEM32\OLEACC.dll
0x0000000069960000 - 0x00000000699a7000 	C:\Program Files\Java\jdk1.8.0_152\jre\bin\fontmanager.dll
0x0000000069dc0000 - 0x0000000069dda000 	C:\Program Files\Java\jdk1.8.0_152\jre\bin\net.dll
0x00007ffc24e80000 - 0x00007ffc24ed9000 	C:\Windows\system32\mswsock.dll
0x0000000069da0000 - 0x0000000069db1000 	C:\Program Files\Java\jdk1.8.0_152\jre\bin\nio.dll
0x00007ffc148b0000 - 0x00007ffc149db000 	C:\Windows\system32\opengl32.dll
0x00007ffc20f90000 - 0x00007ffc20fbe000 	C:\Windows\SYSTEM32\GLU32.dll
0x00007ffc16ed0000 - 0x00007ffc16fc8000 	C:\Windows\SYSTEM32\DDRAW.dll
0x00007ffc235c0000 - 0x00007ffc235c9000 	C:\Windows\SYSTEM32\DCIMAN32.dll
0x0000000069910000 - 0x0000000069952000 	C:\Program Files\Java\jdk1.8.0_152\jre\bin\t2k.dll
0x00007ffc27530000 - 0x00007ffc275e6000 	C:\Windows\SYSTEM32\clbcatq.dll
0x00007ffc1f890000 - 0x00007ffc1fa3f000 	C:\Windows\SYSTEM32\WindowsCodecs.dll
0x00007ffc25050000 - 0x00007ffc25070000 	C:\Windows\SYSTEM32\CRYPTSP.dll
0x00007ffc24b30000 - 0x00007ffc24b66000 	C:\Windows\system32\rsaenh.dll
0x00007ffc25130000 - 0x00007ffc25156000 	C:\Windows\SYSTEM32\bcrypt.dll
0x00000000698e0000 - 0x000000006990a000 	C:\Program Files\Java\jdk1.8.0_152\jre\bin\dcpr.dll

VM Arguments:
jvm_args: -Dfile.encoding=Cp1252 
java_command: ippoz.reload.executable.DetectorUI
java_class_path (initial): C:\Users\Tommy\git\MADneSs_Runtime\RELOAD\bin;C:\Users\Tommy\git\MADneSs_Runtime\RELOAD\libs\jfreechart-1.0.19.jar;C:\Users\Tommy\git\MADneSs_Runtime\RELOAD\libs\jcommon-1.0.23.jar;C:\Users\Tommy\git\MADneSs_Runtime\RELOAD\libs\commons-lang3-3.4.jar;C:\Users\Tommy\git\MADneSs_Runtime\RELOAD\libs\weka\mtj.jar;C:\Users\Tommy\git\MADneSs_Runtime\RELOAD\libs\commons-math3-3.5.jar;C:\Users\Tommy\git\MADneSs_Runtime\RELOAD\libs\elki-bundle-0.7.1.jar;C:\Users\Tommy\git\MADneSs_Runtime\RELOAD_Commons\bin;C:\Users\Tommy\git\MADneSs_Runtime\RELOAD_Commons\lib\mysql-connector-java-5.1.35-bin.jar;C:\Users\Tommy\git\MADneSs_Runtime\RELOAD_Commons\lib\ibatis-2.3.3.720.jar;C:\Users\Tommy\git\MADneSs_Runtime\RELOAD_Commons\lib\commons-math3-3.5.jar;C:\Users\Tommy\git\MADneSs_Runtime\RELOAD\libs\weka_38\weka-38.jar
Launcher Type: SUN_STANDARD

Environment Variables:
PATH=C:\Program Files (x86)\Intel\iCLS Client\;C:\Program Files\Intel\iCLS Client\;C:\Windows\system32;C:\Windows;C:\Windows\System32\Wbem;C:\Windows\System32\WindowsPowerShell\v1.0\;C:\Program Files (x86)\Acer\abFiles\;C:\Program Files\Intel\Intel(R) Management Engine Components\DAL;C:\Program Files (x86)\Intel\Intel(R) Management Engine Components\DAL;C:\Program Files\Intel\Intel(R) Management Engine Components\IPT;C:\Program Files (x86)\Intel\Intel(R) Management Engine Components\IPT;C:\Program Files\TortoiseSVN\bin;C:\Program Files (x86)\MySQL\MySQL Fabric 1.5.3 & MySQL Utilities 1.5.3 1.5\;C:\Program Files (x86)\MySQL\MySQL Fabric 1.5.3 & MySQL Utilities 1.5.3 1.5\Doctrine extensions for PHP\;D:\opencv\build\java\x64;D:\opencv;C:\Program Files\MinGW\bin;C:\Program Files\Git\cmd;C:\Program Files\Intel\WiFi\bin\;C:\Program Files\Common Files\Intel\WirelessCommon\;C:\Program Files\dotnet\;C:\Program Files (x86)\Infocert\DiKe 6\RAO;C:\Program Files\Java\jdk1.8.0_152\bin;C:\Users\Tommy\AppData\Local\Programs\Python\Python37-32
USERNAME=Tommy
OS=Windows_NT
PROCESSOR_IDENTIFIER=Intel64 Family 6 Model 69 Stepping 1, GenuineIntel



---------------  S Y S T E M  ---------------

OS: Windows 8.1 , 64 bit Build 9600 (6.3.9600.19719)

CPU:total 4 (initial active 4) (2 cores per cpu, 2 threads per core) family 6 model 69 stepping 1, cmov, cx8, fxsr, mmx, sse, sse2, sse3, ssse3, sse4.1, sse4.2, popcnt, avx, avx2, aes, clmul, erms, lzcnt, ht, tsc, tscinvbit, bmi1, bmi2

Memory: 4k page, physical 8308048k(1044636k free), swap 11453776k(5008k free)

vm_info: Java HotSpot(TM) 64-Bit Server VM (25.152-b16) for windows-amd64 JRE (1.8.0_152-b16), built on Sep 14 2017 02:29:36 by "java_re" with MS VC++ 10.0 (VS2010)

time: Mon Oct 05 11:41:53 2020
elapsed time: 6 seconds (0d 0h 0m 6s)

