#
# There is insufficient memory for the Java Runtime Environment to continue.
# Native memory allocation (malloc) failed to allocate 366416 bytes for Chunk::new
# Possible reasons:
#   The system is out of physical RAM or swap space
#   In 32 bit mode, the process size limit was hit
# Possible solutions:
#   Reduce memory load on the system
#   Increase physical memory or swap space
#   Check if swap backing store is full
#   Use 64 bit Java on a 64 bit OS
#   Decrease Java heap size (-Xmx/-Xms)
#   Decrease number of Java threads
#   Decrease Java thread stack sizes (-Xss)
#   Set larger code cache with -XX:ReservedCodeCacheSize=
# This output file may be truncated or incomplete.
#
#  Out of Memory Error (allocation.cpp:390), pid=217036, tid=0x000000000002ff70
#
# JRE version: Java(TM) SE Runtime Environment (8.0_152-b16) (build 1.8.0_152-b16)
# Java VM: Java HotSpot(TM) 64-Bit Server VM (25.152-b16 mixed mode windows-amd64 compressed oops)
# Failed to write core dump. Minidumps are not enabled by default on client versions of Windows
#

---------------  T H R E A D  ---------------

Current thread (0x000000001784e800):  JavaThread "C2 CompilerThread0" daemon [_thread_in_native, id=196464, stack(0x0000000018ea0000,0x0000000018fa0000)]

Stack: [0x0000000018ea0000,0x0000000018fa0000]
[error occurred during error reporting (printing stack bounds), id 0xc0000005]

Native frames: (J=compiled Java code, j=interpreted, Vv=VM code, C=native code)


Current CompileTask:
C2:  12938 2656 %     4       ippoz.reload.algorithm.custom.HBOSDetectionAlgorithm::generateStaticHistograms @ 46 (214 bytes)


---------------  P R O C E S S  ---------------

Java Threads: ( => current thread )
  0x000000001d397800 JavaThread "Thread-16" [_thread_in_Java, id=196976, stack(0x000000001e8b0000,0x000000001e9b0000)]
  0x000000001d394000 JavaThread "Thread-15" [_thread_in_Java, id=211544, stack(0x000000001e7b0000,0x000000001e8b0000)]
  0x000000001d396000 JavaThread "Thread-14" [_thread_in_Java, id=196864, stack(0x000000001e6b0000,0x000000001e7b0000)]
  0x000000001d397000 JavaThread "Thread-13" [_thread_in_Java, id=215108, stack(0x000000001e5b0000,0x000000001e6b0000)]
  0x000000001d395800 JavaThread "Thread-12" [_thread_blocked, id=208176, stack(0x000000001a650000,0x000000001a750000)]
  0x000000001bbae000 JavaThread "Thread-6" [_thread_blocked, id=216068, stack(0x000000001e3b0000,0x000000001e4b0000)]
  0x000000001d73c000 JavaThread "Thread-5" [_thread_blocked, id=214140, stack(0x000000001e2b0000,0x000000001e3b0000)]
  0x000000001b709000 JavaThread "Thread-4" [_thread_blocked, id=214848, stack(0x000000001dfb0000,0x000000001e0b0000)]
  0x000000001b715000 JavaThread "Thread-3" [_thread_blocked, id=180184, stack(0x000000001aa50000,0x000000001ab50000)]
  0x000000001a069800 JavaThread "TimerQueue" daemon [_thread_blocked, id=161720, stack(0x000000001a950000,0x000000001aa50000)]
  0x00000000012de000 JavaThread "DestroyJavaVM" [_thread_blocked, id=162640, stack(0x0000000002a50000,0x0000000002b50000)]
  0x00000000199e4800 JavaThread "AWT-EventQueue-0" [_thread_blocked, id=197276, stack(0x000000001ae40000,0x000000001af40000)]
  0x0000000019971800 JavaThread "AWT-Windows" daemon [_thread_in_native, id=214076, stack(0x000000001a290000,0x000000001a390000)]
  0x000000001996f000 JavaThread "AWT-Shutdown" [_thread_blocked, id=211688, stack(0x000000001a190000,0x000000001a290000)]
  0x000000001996e000 JavaThread "Java2D Disposer" daemon [_thread_blocked, id=215712, stack(0x000000001a090000,0x000000001a190000)]
  0x0000000018fa7000 JavaThread "Service Thread" daemon [_thread_blocked, id=214028, stack(0x00000000195a0000,0x00000000196a0000)]
  0x00000000178ae000 JavaThread "C1 CompilerThread2" daemon [_thread_in_native, id=176280, stack(0x00000000194a0000,0x00000000195a0000)]
  0x00000000178ab800 JavaThread "C2 CompilerThread1" daemon [_thread_blocked, id=194124, stack(0x00000000193a0000,0x00000000194a0000)]
=>0x000000001784e800 JavaThread "C2 CompilerThread0" daemon [_thread_in_native, id=196464, stack(0x0000000018ea0000,0x0000000018fa0000)]
  0x000000001784d000 JavaThread "Attach Listener" daemon [_thread_blocked, id=115508, stack(0x0000000018da0000,0x0000000018ea0000)]
  0x000000001784c000 JavaThread "Signal Dispatcher" daemon [_thread_blocked, id=215032, stack(0x0000000018ca0000,0x0000000018da0000)]
  0x0000000002ccb000 JavaThread "Finalizer" daemon [_thread_blocked, id=214672, stack(0x0000000018ac0000,0x0000000018bc0000)]
  0x0000000002cc2000 JavaThread "Reference Handler" daemon [_thread_blocked, id=214024, stack(0x00000000189c0000,0x0000000018ac0000)]

Other Threads:
  0x0000000017817000 VMThread [stack: 0x00000000188c0000,0x00000000189c0000] [id=195828]
  0x0000000018fa9000 WatcherThread [stack: 0x00000000196a0000,0x00000000197a0000] [id=211728]

VM state:not at safepoint (normal execution)

VM Mutex/Monitor currently owned by a thread: None

Heap:
 PSYoungGen      total 71680K, used 26605K [0x00000000d5b80000, 0x00000000de080000, 0x0000000100000000)
  eden space 66560K, 35% used [0x00000000d5b80000,0x00000000d726b658,0x00000000d9c80000)
  from space 5120K, 61% used [0x00000000d9c80000,0x00000000d9f90000,0x00000000da180000)
  to   space 14848K, 0% used [0x00000000dd200000,0x00000000dd200000,0x00000000de080000)
 ParOldGen       total 87552K, used 32826K [0x0000000081200000, 0x0000000086780000, 0x00000000d5b80000)
  object space 87552K, 37% used [0x0000000081200000,0x000000008320ebb8,0x0000000086780000)
 Metaspace       used 16681K, capacity 16894K, committed 17280K, reserved 1064960K
  class space    used 1990K, capacity 2068K, committed 2176K, reserved 1048576K

Card table byte_map: [0x0000000012090000,0x0000000012490000] byte_map_base: 0x0000000011c87000

Marking Bits: (ParMarkBitMap*) 0x00000000556b0860
 Begin Bits: [0x0000000012b40000, 0x0000000014af8000)
 End Bits:   [0x0000000014af8000, 0x0000000016ab0000)

Polling page: 0x00000000012c0000

CodeCache: size=245760Kb used=9338Kb max_used=9338Kb free=236421Kb
 bounds [0x0000000002cd0000, 0x0000000003600000, 0x0000000011cd0000]
 total_blobs=3068 nmethods=2510 adapters=470
 compilation: enabled

Compilation events (10 events):
Event: 12.923 Thread 0x00000000178ae000 2675 %     3       ippoz.reload.algorithm.custom.HBOSDetectionAlgorithm::automaticInnerTraining @ 88 (154 bytes)
Event: 12.925 Thread 0x00000000178ae000 nmethod 2675% 0x00000000035e6f90 code [0x00000000035e7340, 0x00000000035e9408]
Event: 12.925 Thread 0x00000000178ae000 2676 %     3       ippoz.reload.algorithm.custom.HBOSDetectionAlgorithm::getTrainScores @ 21 (56 bytes)
Event: 12.925 Thread 0x00000000178ab800 2678 %     4       java.util.ComparableTimSort::binarySort @ 32 (223 bytes)
Event: 12.926 Thread 0x00000000178ae000 nmethod 2676% 0x00000000035ea1d0 code [0x00000000035ea3e0, 0x00000000035eaef8]
Event: 12.926 Thread 0x00000000178ae000 2677 %     3       ippoz.reload.commons.support.ValueSeries::<init> @ 47 (87 bytes)
Event: 12.927 Thread 0x00000000178ae000 nmethod 2677% 0x00000000035eb490 code [0x00000000035eb6e0, 0x00000000035ec5a8]
Event: 12.927 Thread 0x00000000178ae000 2679 %     3       ippoz.reload.algorithm.DataSeriesNonSlidingAlgorithm::automaticTraining @ 83 (211 bytes)
Event: 12.930 Thread 0x00000000178ae000 nmethod 2679% 0x00000000035ecd50 code [0x00000000035ed1c0, 0x00000000035eff28]
Event: 12.930 Thread 0x00000000178ae000 2680       3       ippoz.reload.algorithm.DataSeriesNonSlidingAlgorithm::automaticTraining (211 bytes)

GC Heap History (10 events):
Event: 10.004 GC heap before
{Heap before GC invocations=9 (full 0):
 PSYoungGen      total 71680K, used 71680K [0x00000000d5b80000, 0x00000000da680000, 0x0000000100000000)
  eden space 66560K, 100% used [0x00000000d5b80000,0x00000000d9c80000,0x00000000d9c80000)
  from space 5120K, 100% used [0x00000000da180000,0x00000000da680000,0x00000000da680000)
  to   space 5120K, 0% used [0x00000000d9c80000,0x00000000d9c80000,0x00000000da180000)
 ParOldGen       total 87552K, used 26078K [0x0000000081200000, 0x0000000086780000, 0x00000000d5b80000)
  object space 87552K, 29% used [0x0000000081200000,0x0000000082b77a08,0x0000000086780000)
 Metaspace       used 16569K, capacity 16830K, committed 17280K, reserved 1064960K
  class space    used 1990K, capacity 2068K, committed 2176K, reserved 1048576K
Event: 10.029 GC heap after
Heap after GC invocations=9 (full 0):
 PSYoungGen      total 71680K, used 5120K [0x00000000d5b80000, 0x00000000da680000, 0x0000000100000000)
  eden space 66560K, 0% used [0x00000000d5b80000,0x00000000d5b80000,0x00000000d9c80000)
  from space 5120K, 100% used [0x00000000d9c80000,0x00000000da180000,0x00000000da180000)
  to   space 5120K, 0% used [0x00000000da180000,0x00000000da180000,0x00000000da680000)
 ParOldGen       total 87552K, used 27822K [0x0000000081200000, 0x0000000086780000, 0x00000000d5b80000)
  object space 87552K, 31% used [0x0000000081200000,0x0000000082d2ba50,0x0000000086780000)
 Metaspace       used 16569K, capacity 16830K, committed 17280K, reserved 1064960K
  class space    used 1990K, capacity 2068K, committed 2176K, reserved 1048576K
}
Event: 10.952 GC heap before
{Heap before GC invocations=10 (full 0):
 PSYoungGen      total 71680K, used 71680K [0x00000000d5b80000, 0x00000000da680000, 0x0000000100000000)
  eden space 66560K, 100% used [0x00000000d5b80000,0x00000000d9c80000,0x00000000d9c80000)
  from space 5120K, 100% used [0x00000000d9c80000,0x00000000da180000,0x00000000da180000)
  to   space 5120K, 0% used [0x00000000da180000,0x00000000da180000,0x00000000da680000)
 ParOldGen       total 87552K, used 27822K [0x0000000081200000, 0x0000000086780000, 0x00000000d5b80000)
  object space 87552K, 31% used [0x0000000081200000,0x0000000082d2ba50,0x0000000086780000)
 Metaspace       used 16615K, capacity 16830K, committed 17280K, reserved 1064960K
  class space    used 1990K, capacity 2068K, committed 2176K, reserved 1048576K
Event: 10.961 GC heap after
Heap after GC invocations=10 (full 0):
 PSYoungGen      total 71680K, used 3744K [0x00000000d5b80000, 0x00000000da680000, 0x0000000100000000)
  eden space 66560K, 0% used [0x00000000d5b80000,0x00000000d5b80000,0x00000000d9c80000)
  from space 5120K, 73% used [0x00000000da180000,0x00000000da528000,0x00000000da680000)
  to   space 5120K, 0% used [0x00000000d9c80000,0x00000000d9c80000,0x00000000da180000)
 ParOldGen       total 87552K, used 30166K [0x0000000081200000, 0x0000000086780000, 0x00000000d5b80000)
  object space 87552K, 34% used [0x0000000081200000,0x0000000082f75a50,0x0000000086780000)
 Metaspace       used 16615K, capacity 16830K, committed 17280K, reserved 1064960K
  class space    used 1990K, capacity 2068K, committed 2176K, reserved 1048576K
}
Event: 11.781 GC heap before
{Heap before GC invocations=11 (full 0):
 PSYoungGen      total 71680K, used 70304K [0x00000000d5b80000, 0x00000000da680000, 0x0000000100000000)
  eden space 66560K, 100% used [0x00000000d5b80000,0x00000000d9c80000,0x00000000d9c80000)
  from space 5120K, 73% used [0x00000000da180000,0x00000000da528000,0x00000000da680000)
  to   space 5120K, 0% used [0x00000000d9c80000,0x00000000d9c80000,0x00000000da180000)
 ParOldGen       total 87552K, used 30166K [0x0000000081200000, 0x0000000086780000, 0x00000000d5b80000)
  object space 87552K, 34% used [0x0000000081200000,0x0000000082f75a50,0x0000000086780000)
 Metaspace       used 16633K, capacity 16830K, committed 17280K, reserved 1064960K
  class space    used 1990K, capacity 2068K, committed 2176K, reserved 1048576K
Event: 11.787 GC heap after
Heap after GC invocations=11 (full 0):
 PSYoungGen      total 71680K, used 3392K [0x00000000d5b80000, 0x00000000da680000, 0x0000000100000000)
  eden space 66560K, 0% used [0x00000000d5b80000,0x00000000d5b80000,0x00000000d9c80000)
  from space 5120K, 66% used [0x00000000d9c80000,0x00000000d9fd0000,0x00000000da180000)
  to   space 5120K, 0% used [0x00000000da180000,0x00000000da180000,0x00000000da680000)
 ParOldGen       total 87552K, used 30686K [0x0000000081200000, 0x0000000086780000, 0x00000000d5b80000)
  object space 87552K, 35% used [0x0000000081200000,0x0000000082ff7a50,0x0000000086780000)
 Metaspace       used 16633K, capacity 16830K, committed 17280K, reserved 1064960K
  class space    used 1990K, capacity 2068K, committed 2176K, reserved 1048576K
}
Event: 12.243 GC heap before
{Heap before GC invocations=12 (full 0):
 PSYoungGen      total 71680K, used 69915K [0x00000000d5b80000, 0x00000000da680000, 0x0000000100000000)
  eden space 66560K, 99% used [0x00000000d5b80000,0x00000000d9c76d68,0x00000000d9c80000)
  from space 5120K, 66% used [0x00000000d9c80000,0x00000000d9fd0000,0x00000000da180000)
  to   space 5120K, 0% used [0x00000000da180000,0x00000000da180000,0x00000000da680000)
 ParOldGen       total 87552K, used 30686K [0x0000000081200000, 0x0000000086780000, 0x00000000d5b80000)
  object space 87552K, 35% used [0x0000000081200000,0x0000000082ff7a50,0x0000000086780000)
 Metaspace       used 16638K, capacity 16894K, committed 17280K, reserved 1064960K
  class space    used 1990K, capacity 2068K, committed 2176K, reserved 1048576K
Event: 12.255 GC heap after
Heap after GC invocations=12 (full 0):
 PSYoungGen      total 71680K, used 1087K [0x00000000d5b80000, 0x00000000da680000, 0x0000000100000000)
  eden space 66560K, 0% used [0x00000000d5b80000,0x00000000d5b80000,0x00000000d9c80000)
  from space 5120K, 21% used [0x00000000da180000,0x00000000da28ff10,0x00000000da680000)
  to   space 5120K, 0% used [0x00000000d9c80000,0x00000000d9c80000,0x00000000da180000)
 ParOldGen       total 87552K, used 31806K [0x0000000081200000, 0x0000000086780000, 0x00000000d5b80000)
  object space 87552K, 36% used [0x0000000081200000,0x000000008310fa50,0x0000000086780000)
 Metaspace       used 16638K, capacity 16894K, committed 17280K, reserved 1064960K
  class space    used 1990K, capacity 2068K, committed 2176K, reserved 1048576K
}
Event: 12.848 GC heap before
{Heap before GC invocations=13 (full 0):
 PSYoungGen      total 71680K, used 67647K [0x00000000d5b80000, 0x00000000da680000, 0x0000000100000000)
  eden space 66560K, 100% used [0x00000000d5b80000,0x00000000d9c80000,0x00000000d9c80000)
  from space 5120K, 21% used [0x00000000da180000,0x00000000da28ff10,0x00000000da680000)
  to   space 5120K, 0% used [0x00000000d9c80000,0x00000000d9c80000,0x00000000da180000)
 ParOldGen       total 87552K, used 31806K [0x0000000081200000, 0x0000000086780000, 0x00000000d5b80000)
  object space 87552K, 36% used [0x0000000081200000,0x000000008310fa50,0x0000000086780000)
 Metaspace       used 16657K, capacity 16894K, committed 17280K, reserved 1064960K
  class space    used 1990K, capacity 2068K, committed 2176K, reserved 1048576K
Event: 12.853 GC heap after
Heap after GC invocations=13 (full 0):
 PSYoungGen      total 71680K, used 3136K [0x00000000d5b80000, 0x00000000de080000, 0x0000000100000000)
  eden space 66560K, 0% used [0x00000000d5b80000,0x00000000d5b80000,0x00000000d9c80000)
  from space 5120K, 61% used [0x00000000d9c80000,0x00000000d9f90000,0x00000000da180000)
  to   space 14848K, 0% used [0x00000000dd200000,0x00000000dd200000,0x00000000de080000)
 ParOldGen       total 87552K, used 32826K [0x0000000081200000, 0x0000000086780000, 0x00000000d5b80000)
  object space 87552K, 37% used [0x0000000081200000,0x000000008320ebb8,0x0000000086780000)
 Metaspace       used 16657K, capacity 16894K, committed 17280K, reserved 1064960K
  class space    used 1990K, capacity 2068K, committed 2176K, reserved 1048576K
}

Deoptimization events (10 events):
Event: 12.280 Thread 0x000000001bbae000 Uncommon trap: reason=unstable_if action=reinterpret pc=0x0000000002fd9598 method=ippoz.reload.algorithm.DetectionAlgorithm.getDecisionFunction()Lippoz/reload/decisionfunction/DecisionFunction; @ 4
Event: 12.285 Thread 0x000000001bbae000 Uncommon trap: reason=class_check action=maybe_recompile pc=0x0000000002f2f370 method=ippoz.reload.algorithm.DetectionAlgorithm.getLearnerType()Lippoz/reload/algorithm/type/LearnerType; @ 4
Event: 12.285 Thread 0x000000001bbae000 Uncommon trap: reason=class_check action=maybe_recompile pc=0x0000000002f2f370 method=ippoz.reload.algorithm.DetectionAlgorithm.getLearnerType()Lippoz/reload/algorithm/type/LearnerType; @ 4
Event: 12.285 Thread 0x000000001bbae000 Uncommon trap: reason=class_check action=maybe_recompile pc=0x0000000002f2f370 method=ippoz.reload.algorithm.DetectionAlgorithm.getLearnerType()Lippoz/reload/algorithm/type/LearnerType; @ 4
Event: 12.285 Thread 0x000000001bbae000 Uncommon trap: reason=unstable_if action=reinterpret pc=0x0000000002ddd418 method=ippoz.reload.commons.support.ValueSeries.quartile(D)D @ 16
Event: 12.285 Thread 0x000000001bbae000 Uncommon trap: reason=unstable_if action=reinterpret pc=0x00000000034eafdc method=ippoz.reload.algorithm.custom.HBOSDetectionAlgorithm.calculateHBOS([D)D @ 57
Event: 12.296 Thread 0x000000001bbae000 Uncommon trap: reason=speculate_class_check action=maybe_recompile pc=0x00000000035af490 method=ippoz.reload.decisionfunction.DecisionFunction.calculateConfidence(D)D @ 1
Event: 12.296 Thread 0x000000001bbae000 Uncommon trap: reason=speculate_class_check action=maybe_recompile pc=0x00000000035af490 method=ippoz.reload.decisionfunction.DecisionFunction.calculateConfidence(D)D @ 1
Event: 12.296 Thread 0x000000001bbae000 Uncommon trap: reason=speculate_class_check action=maybe_recompile pc=0x00000000035af490 method=ippoz.reload.decisionfunction.DecisionFunction.calculateConfidence(D)D @ 1
Event: 12.296 Thread 0x000000001bbae000 Uncommon trap: reason=speculate_class_check action=maybe_recompile pc=0x00000000035af490 method=ippoz.reload.decisionfunction.DecisionFunction.calculateConfidence(D)D @ 1

Classes redefined (0 events):
No events

Internal exceptions (10 events):
Event: 0.570 Thread 0x00000000012de000 Exception <a 'java/lang/ClassNotFoundException': ToolBarSeparator> (0x00000000d5fc0808) thrown at [C:\re\workspace\8-2-build-windows-amd64-cygwin\jdk8u152\9742\hotspot\src\share\vm\classfile\systemDictionary.cpp, line 210]
Event: 0.571 Thread 0x00000000012de000 Exception <a 'java/lang/ClassNotFoundException': ToolTip> (0x00000000d5fc0f48) thrown at [C:\re\workspace\8-2-build-windows-amd64-cygwin\jdk8u152\9742\hotspot\src\share\vm\classfile\systemDictionary.cpp, line 210]
Event: 0.574 Thread 0x00000000012de000 Exception <a 'java/lang/ClassNotFoundException': Tree> (0x00000000d5fc1b68) thrown at [C:\re\workspace\8-2-build-windows-amd64-cygwin\jdk8u152\9742\hotspot\src\share\vm\classfile\systemDictionary.cpp, line 210]
Event: 0.577 Thread 0x00000000012de000 Exception <a 'java/lang/ClassNotFoundException': Tree> (0x00000000d5fc22a8) thrown at [C:\re\workspace\8-2-build-windows-amd64-cygwin\jdk8u152\9742\hotspot\src\share\vm\classfile\systemDictionary.cpp, line 210]
Event: 0.577 Thread 0x00000000012de000 Exception <a 'java/lang/ClassNotFoundException': javax/swing/JTreeCell> (0x00000000d5fc2628) thrown at [C:\re\workspace\8-2-build-windows-amd64-cygwin\jdk8u152\9742\hotspot\src\share\vm\classfile\systemDictionary.cpp, line 210]
Event: 0.577 Thread 0x00000000012de000 Exception <a 'java/lang/ClassNotFoundException': TreeCell> (0x00000000d5fc2ab0) thrown at [C:\re\workspace\8-2-build-windows-amd64-cygwin\jdk8u152\9742\hotspot\src\share\vm\classfile\systemDictionary.cpp, line 210]
Event: 0.578 Thread 0x00000000012de000 Exception <a 'java/lang/ClassNotFoundException': RootPane> (0x00000000d5fc3510) thrown at [C:\re\workspace\8-2-build-windows-amd64-cygwin\jdk8u152\9742\hotspot\src\share\vm\classfile\systemDictionary.cpp, line 210]
Event: 0.678 Thread 0x00000000199e4800 Exception <a 'sun/nio/fs/WindowsException'> (0x00000000d610c258) thrown at [C:\re\workspace\8-2-build-windows-amd64-cygwin\jdk8u152\9742\hotspot\src\share\vm\prims\jni.cpp, line 709]
Event: 1.907 Thread 0x0000000019a53800 Implicit null exception at 0x0000000002f351e7 to 0x0000000002f38509
Event: 6.992 Thread 0x00000000199e4800 Implicit null exception at 0x00000000032f5e8e to 0x00000000032f707d

Events (10 events):
Event: 12.296 Thread 0x000000001bbae000 Uncommon trap: trap_request=0xffffff76 fr.pc=0x00000000035af490
Event: 12.296 Thread 0x000000001bbae000 DEOPT PACKING pc=0x00000000035af490 sp=0x000000001e4aeaf0
Event: 12.296 Thread 0x000000001bbae000 DEOPT UNPACKING pc=0x0000000002d1582a sp=0x000000001e4ae9e8 mode 2
Event: 12.323 Thread 0x000000001d395800 Thread added: 0x000000001d395800
Event: 12.324 Thread 0x000000001d397000 Thread added: 0x000000001d397000
Event: 12.325 Thread 0x000000001d396000 Thread added: 0x000000001d396000
Event: 12.325 Thread 0x000000001d394000 Thread added: 0x000000001d394000
Event: 12.325 Thread 0x000000001d397800 Thread added: 0x000000001d397800
Event: 12.847 Executing VM operation: ParallelGCFailedAllocation
Event: 12.853 Executing VM operation: ParallelGCFailedAllocation done


Dynamic libraries:
0x00007ff6a5f50000 - 0x00007ff6a5f87000 	C:\Program Files\Java\jdk1.8.0_152\bin\javaw.exe
0x00007ffb7fa10000 - 0x00007ffb7fbbd000 	C:\Windows\SYSTEM32\ntdll.dll
0x00007ffb7f640000 - 0x00007ffb7f77f000 	C:\Windows\system32\KERNEL32.DLL
0x00007ffb7cf40000 - 0x00007ffb7d055000 	C:\Windows\system32\KERNELBASE.dll
0x00007ffb7b690000 - 0x00007ffb7b71e000 	C:\Windows\system32\apphelp.dll
0x00007ffb65f00000 - 0x00007ffb65f55000 	C:\Windows\AppPatch\AppPatch64\AcGenral.DLL
0x00007ffb7f300000 - 0x00007ffb7f3aa000 	C:\Windows\system32\msvcrt.dll
0x00007ffb7ccd0000 - 0x00007ffb7ccfe000 	C:\Windows\system32\SspiCli.dll
0x00007ffb7d350000 - 0x00007ffb7d3a4000 	C:\Windows\system32\SHLWAPI.dll
0x00007ffb7d5b0000 - 0x00007ffb7d727000 	C:\Windows\system32\USER32.dll
0x00007ffb7f840000 - 0x00007ffb7f9d5000 	C:\Windows\system32\ole32.dll
0x00007ffb7d770000 - 0x00007ffb7ec9e000 	C:\Windows\system32\SHELL32.dll
0x00007ffb7c0f0000 - 0x00007ffb7c111000 	C:\Windows\SYSTEM32\USERENV.dll
0x00007ffb7eca0000 - 0x00007ffb7ed4a000 	C:\Windows\system32\ADVAPI32.dll
0x00007ffb6cc00000 - 0x00007ffb6cc1e000 	C:\Windows\SYSTEM32\MPR.dll
0x00007ffb7ed50000 - 0x00007ffb7ee90000 	C:\Windows\system32\RPCRT4.dll
0x00007ffb7f780000 - 0x00007ffb7f7d8000 	C:\Windows\SYSTEM32\sechost.dll
0x00007ffb7f0d0000 - 0x00007ffb7f2e1000 	C:\Windows\SYSTEM32\combase.dll
0x00007ffb7d060000 - 0x00007ffb7d1ad000 	C:\Windows\system32\GDI32.dll
0x00007ffb7cb00000 - 0x00007ffb7cb15000 	C:\Windows\SYSTEM32\profapi.dll
0x00007ffb7aeb0000 - 0x00007ffb7af62000 	C:\Windows\SYSTEM32\SHCORE.dll
0x00007ffb7d730000 - 0x00007ffb7d766000 	C:\Windows\system32\IMM32.DLL
0x00007ffb7f410000 - 0x00007ffb7f561000 	C:\Windows\system32\MSCTF.dll
0x00007ffb7a4f0000 - 0x00007ffb7a76b000 	C:\Windows\WinSxS\amd64_microsoft.windows.common-controls_6595b64144ccf1df_6.0.9600.19394_none_62486577ecb635cf\COMCTL32.dll
0x0000000055730000 - 0x0000000055802000 	C:\Program Files\Java\jdk1.8.0_152\jre\bin\msvcr100.dll
0x0000000054e90000 - 0x0000000055730000 	C:\Program Files\Java\jdk1.8.0_152\jre\bin\server\jvm.dll
0x00007ffb72570000 - 0x00007ffb72579000 	C:\Windows\SYSTEM32\WSOCK32.dll
0x00007ffb74a30000 - 0x00007ffb74a52000 	C:\Windows\SYSTEM32\WINMM.dll
0x00007ffb72550000 - 0x00007ffb7255a000 	C:\Windows\SYSTEM32\VERSION.dll
0x00007ffb7d3b0000 - 0x00007ffb7d3b7000 	C:\Windows\system32\PSAPI.DLL
0x00007ffb7f3b0000 - 0x00007ffb7f40a000 	C:\Windows\system32\WS2_32.dll
0x00007ffb74a00000 - 0x00007ffb74a2a000 	C:\Windows\SYSTEM32\WINMMBASE.dll
0x00007ffb7d3c0000 - 0x00007ffb7d3c9000 	C:\Windows\system32\NSI.dll
0x00007ffb7cc80000 - 0x00007ffb7cccf000 	C:\Windows\SYSTEM32\cfgmgr32.dll
0x00007ffb7b8e0000 - 0x00007ffb7b908000 	C:\Windows\SYSTEM32\DEVOBJ.dll
0x0000000055a40000 - 0x0000000055a4f000 	C:\Program Files\Java\jdk1.8.0_152\jre\bin\verify.dll
0x0000000054e60000 - 0x0000000054e89000 	C:\Program Files\Java\jdk1.8.0_152\jre\bin\java.dll
0x0000000054e40000 - 0x0000000054e56000 	C:\Program Files\Java\jdk1.8.0_152\jre\bin\zip.dll
0x0000000054c30000 - 0x0000000054dc8000 	C:\Program Files\Java\jdk1.8.0_152\jre\bin\awt.dll
0x00007ffb7f570000 - 0x00007ffb7f637000 	C:\Windows\system32\OLEAUT32.dll
0x00007ffb7b760000 - 0x00007ffb7b889000 	C:\Windows\system32\uxtheme.dll
0x00007ffb78280000 - 0x00007ffb7832b000 	C:\Program Files\Common Files\microsoft shared\ink\tiptsf.dll
0x00007ffb7acb0000 - 0x00007ffb7acd1000 	C:\Windows\system32\dwmapi.dll
0x00007ffb7b930000 - 0x00007ffb7b93b000 	C:\Windows\SYSTEM32\kernel.appcore.dll
0x00007ffb7c9d0000 - 0x00007ffb7c9db000 	C:\Windows\SYSTEM32\CRYPTBASE.dll
0x00007ffb7c960000 - 0x00007ffb7c9c3000 	C:\Windows\SYSTEM32\bcryptPrimitives.dll
0x00007ffb54070000 - 0x00007ffb5429d000 	C:\Program Files\Acer\Acer Power Management\SysHook.dll
0x00007ffb74e80000 - 0x00007ffb74e87000 	C:\Windows\SYSTEM32\MSIMG32.dll
0x00007ffb7d1d0000 - 0x00007ffb7d286000 	C:\Windows\system32\COMDLG32.dll
0x00007ffb74a60000 - 0x00007ffb74ae2000 	C:\Windows\SYSTEM32\WINSPOOL.DRV
0x00007ffb75a90000 - 0x00007ffb75c41000 	C:\Windows\WinSxS\amd64_microsoft.windows.gdiplus_6595b64144ccf1df_1.1.9600.19867_none_93301273474bb210\gdiplus.dll
0x00007ffb78a00000 - 0x00007ffb78a6a000 	C:\Windows\SYSTEM32\OLEACC.dll
0x0000000054be0000 - 0x0000000054c27000 	C:\Program Files\Java\jdk1.8.0_152\jre\bin\fontmanager.dll
0x0000000054e20000 - 0x0000000054e3a000 	C:\Program Files\Java\jdk1.8.0_152\jre\bin\net.dll
0x00007ffb7c320000 - 0x00007ffb7c379000 	C:\Windows\system32\mswsock.dll
0x0000000054e00000 - 0x0000000054e11000 	C:\Program Files\Java\jdk1.8.0_152\jre\bin\nio.dll
0x00007ffb71570000 - 0x00007ffb7169b000 	C:\Windows\system32\opengl32.dll
0x00007ffb78520000 - 0x00007ffb7854e000 	C:\Windows\SYSTEM32\GLU32.dll
0x00007ffb70430000 - 0x00007ffb70528000 	C:\Windows\SYSTEM32\DDRAW.dll
0x00007ffb79820000 - 0x00007ffb79829000 	C:\Windows\SYSTEM32\DCIMAN32.dll
0x0000000054b90000 - 0x0000000054bd2000 	C:\Program Files\Java\jdk1.8.0_152\jre\bin\t2k.dll
0x00007ffb7d290000 - 0x00007ffb7d346000 	C:\Windows\SYSTEM32\clbcatq.dll
0x00007ffb77e30000 - 0x00007ffb77fdf000 	C:\Windows\SYSTEM32\WindowsCodecs.dll
0x00007ffb7c3d0000 - 0x00007ffb7c3f0000 	C:\Windows\SYSTEM32\CRYPTSP.dll
0x00007ffb7bfc0000 - 0x00007ffb7bff6000 	C:\Windows\system32\rsaenh.dll
0x00007ffb7c5a0000 - 0x00007ffb7c5c6000 	C:\Windows\SYSTEM32\bcrypt.dll
0x0000000054b60000 - 0x0000000054b8a000 	C:\Program Files\Java\jdk1.8.0_152\jre\bin\dcpr.dll

VM Arguments:
jvm_args: -Dfile.encoding=Cp1252 
java_command: ippoz.reload.executable.DetectorUI
java_class_path (initial): C:\Users\Tommy\git\MADneSs_Runtime\RELOAD\bin;C:\Users\Tommy\git\MADneSs_Runtime\RELOAD\libs\jfreechart-1.0.19.jar;C:\Users\Tommy\git\MADneSs_Runtime\RELOAD\libs\jcommon-1.0.23.jar;C:\Users\Tommy\git\MADneSs_Runtime\RELOAD\libs\commons-lang3-3.4.jar;C:\Users\Tommy\git\MADneSs_Runtime\RELOAD\libs\weka\mtj.jar;C:\Users\Tommy\git\MADneSs_Runtime\RELOAD\libs\commons-math3-3.5.jar;C:\Users\Tommy\git\MADneSs_Runtime\RELOAD\libs\elki-bundle-0.7.1.jar;C:\Users\Tommy\git\MADneSs_Runtime\RELOAD_Commons\bin;C:\Users\Tommy\git\MADneSs_Runtime\RELOAD_Commons\lib\mysql-connector-java-5.1.35-bin.jar;C:\Users\Tommy\git\MADneSs_Runtime\RELOAD_Commons\lib\ibatis-2.3.3.720.jar;C:\Users\Tommy\git\MADneSs_Runtime\RELOAD_Commons\lib\commons-math3-3.5.jar;C:\Users\Tommy\git\MADneSs_Runtime\RELOAD\libs\weka_38\weka-38.jar
Launcher Type: SUN_STANDARD

Environment Variables:
PATH=C:\Program Files (x86)\Intel\iCLS Client\;C:\Program Files\Intel\iCLS Client\;C:\Windows\system32;C:\Windows;C:\Windows\System32\Wbem;C:\Windows\System32\WindowsPowerShell\v1.0\;C:\Program Files (x86)\Acer\abFiles\;C:\Program Files\Intel\Intel(R) Management Engine Components\DAL;C:\Program Files (x86)\Intel\Intel(R) Management Engine Components\DAL;C:\Program Files\Intel\Intel(R) Management Engine Components\IPT;C:\Program Files (x86)\Intel\Intel(R) Management Engine Components\IPT;C:\Program Files\TortoiseSVN\bin;C:\Program Files (x86)\MySQL\MySQL Fabric 1.5.3 & MySQL Utilities 1.5.3 1.5\;C:\Program Files (x86)\MySQL\MySQL Fabric 1.5.3 & MySQL Utilities 1.5.3 1.5\Doctrine extensions for PHP\;D:\opencv\build\java\x64;D:\opencv;C:\Program Files\MinGW\bin;C:\Program Files\Git\cmd;C:\Program Files\Intel\WiFi\bin\;C:\Program Files\Common Files\Intel\WirelessCommon\;C:\Program Files\dotnet\;C:\Program Files (x86)\Infocert\DiKe 6\RAO;C:\Program Files\Java\jdk1.8.0_152\bin;C:\Users\Tommy\AppData\Local\Programs\Python\Python37-32
USERNAME=Tommy
OS=Windows_NT
PROCESSOR_IDENTIFIER=Intel64 Family 6 Model 69 Stepping 1, GenuineIntel



---------------  S Y S T E M  ---------------

OS: Windows 8.1 , 64 bit Build 9600 (6.3.9600.19843)

CPU:total 4 (initial active 4) (2 cores per cpu, 2 threads per core) family 6 model 69 stepping 1, cmov, cx8, fxsr, mmx, sse, sse2, sse3, ssse3, sse4.1, sse4.2, popcnt, avx, avx2, aes, clmul, erms, lzcnt, ht, tsc, tscinvbit, bmi1, bmi2

Memory: 4k page, physical 8308048k(932460k free), swap 11453776k(4780k free)

vm_info: Java HotSpot(TM) 64-Bit Server VM (25.152-b16) for windows-amd64 JRE (1.8.0_152-b16), built on Sep 14 2017 02:29:36 by "java_re" with MS VC++ 10.0 (VS2010)

time: Tue Dec 08 12:00:39 2020
elapsed time: 12 seconds (0d 0h 0m 12s)

